The system is: Linux - 3.16.0-48-generic - x86_64
Compiling the C compiler identification source file "CMakeCCompilerId.c" succeeded.
Compiler: /usr/bin/cc 
Build flags: 
Id flags: 

The output was:
0


Compilation of the C compiler identification source "CMakeCCompilerId.c" produced "a.out"

The C compiler identification is GNU, found in "/home/s/segureta/Documents/M2-S1/Outils_info/Tp2.build/Eigen-prefix/src/Eigen-build/CMakeFiles/2.8.12.2/CompilerIdC/a.out"

Compiling the CXX compiler identification source file "CMakeCXXCompilerId.cpp" succeeded.
Compiler: /usr/bin/c++ 
Build flags: 
Id flags: 

The output was:
0


Compilation of the CXX compiler identification source "CMakeCXXCompilerId.cpp" produced "a.out"

The CXX compiler identification is GNU, found in "/home/s/segureta/Documents/M2-S1/Outils_info/Tp2.build/Eigen-prefix/src/Eigen-build/CMakeFiles/2.8.12.2/CompilerIdCXX/a.out"

Determining if the C compiler works passed with the following output:
Change Dir: /home/s/segureta/Documents/M2-S1/Outils_info/Tp2.build/Eigen-prefix/src/Eigen-build/CMakeFiles/CMakeTmp

Run Build Command:/usr/bin/make "cmTryCompileExec562809316/fast"
make[3]: entrant dans le répertoire « /home/s/segureta/Documents/M2-S1/Outils_info/Tp2.build/Eigen-prefix/src/Eigen-build/CMakeFiles/CMakeTmp »
/usr/bin/make -f CMakeFiles/cmTryCompileExec562809316.dir/build.make CMakeFiles/cmTryCompileExec562809316.dir/build
make[4]: entrant dans le répertoire « /home/s/segureta/Documents/M2-S1/Outils_info/Tp2.build/Eigen-prefix/src/Eigen-build/CMakeFiles/CMakeTmp »
/usr/bin/cmake -E cmake_progress_report /home/s/segureta/Documents/M2-S1/Outils_info/Tp2.build/Eigen-prefix/src/Eigen-build/CMakeFiles/CMakeTmp/CMakeFiles 1
Building C object CMakeFiles/cmTryCompileExec562809316.dir/testCCompiler.c.o
/usr/bin/cc    -o CMakeFiles/cmTryCompileExec562809316.dir/testCCompiler.c.o   -c /home/s/segureta/Documents/M2-S1/Outils_info/Tp2.build/Eigen-prefix/src/Eigen-build/CMakeFiles/CMakeTmp/testCCompiler.c
Linking C executable cmTryCompileExec562809316
/usr/bin/cmake -E cmake_link_script CMakeFiles/cmTryCompileExec562809316.dir/link.txt --verbose=1
/usr/bin/cc       CMakeFiles/cmTryCompileExec562809316.dir/testCCompiler.c.o  -o cmTryCompileExec562809316 -rdynamic 
make[4]: quittant le répertoire « /home/s/segureta/Documents/M2-S1/Outils_info/Tp2.build/Eigen-prefix/src/Eigen-build/CMakeFiles/CMakeTmp »
make[3]: quittant le répertoire « /home/s/segureta/Documents/M2-S1/Outils_info/Tp2.build/Eigen-prefix/src/Eigen-build/CMakeFiles/CMakeTmp »


Detecting C compiler ABI info compiled with the following output:
Change Dir: /home/s/segureta/Documents/M2-S1/Outils_info/Tp2.build/Eigen-prefix/src/Eigen-build/CMakeFiles/CMakeTmp

Run Build Command:/usr/bin/make "cmTryCompileExec2067834571/fast"
make[3]: entrant dans le répertoire « /home/s/segureta/Documents/M2-S1/Outils_info/Tp2.build/Eigen-prefix/src/Eigen-build/CMakeFiles/CMakeTmp »
/usr/bin/make -f CMakeFiles/cmTryCompileExec2067834571.dir/build.make CMakeFiles/cmTryCompileExec2067834571.dir/build
make[4]: entrant dans le répertoire « /home/s/segureta/Documents/M2-S1/Outils_info/Tp2.build/Eigen-prefix/src/Eigen-build/CMakeFiles/CMakeTmp »
/usr/bin/cmake -E cmake_progress_report /home/s/segureta/Documents/M2-S1/Outils_info/Tp2.build/Eigen-prefix/src/Eigen-build/CMakeFiles/CMakeTmp/CMakeFiles 1
Building C object CMakeFiles/cmTryCompileExec2067834571.dir/CMakeCCompilerABI.c.o
/usr/bin/cc    -o CMakeFiles/cmTryCompileExec2067834571.dir/CMakeCCompilerABI.c.o   -c /usr/share/cmake-2.8/Modules/CMakeCCompilerABI.c
Linking C executable cmTryCompileExec2067834571
/usr/bin/cmake -E cmake_link_script CMakeFiles/cmTryCompileExec2067834571.dir/link.txt --verbose=1
/usr/bin/cc     -v CMakeFiles/cmTryCompileExec2067834571.dir/CMakeCCompilerABI.c.o  -o cmTryCompileExec2067834571 -rdynamic  
Using built-in specs.
COLLECT_GCC=/usr/bin/cc
COLLECT_LTO_WRAPPER=/usr/lib/gcc/x86_64-linux-gnu/4.8/lto-wrapper
Target: x86_64-linux-gnu
Configured with: ../src/configure -v --with-pkgversion='Ubuntu 4.8.4-2ubuntu1~14.04' --with-bugurl=file:///usr/share/doc/gcc-4.8/README.Bugs --enable-languages=c,c++,java,go,d,fortran,objc,obj-c++ --prefix=/usr --program-suffix=-4.8 --enable-shared --enable-linker-build-id --libexecdir=/usr/lib --without-included-gettext --enable-threads=posix --with-gxx-include-dir=/usr/include/c++/4.8 --libdir=/usr/lib --enable-nls --with-sysroot=/ --enable-clocale=gnu --enable-libstdcxx-debug --enable-libstdcxx-time=yes --enable-gnu-unique-object --disable-libmudflap --enable-plugin --with-system-zlib --disable-browser-plugin --enable-java-awt=gtk --enable-gtk-cairo --with-java-home=/usr/lib/jvm/java-1.5.0-gcj-4.8-amd64/jre --enable-java-home --with-jvm-root-dir=/usr/lib/jvm/java-1.5.0-gcj-4.8-amd64 --with-jvm-jar-dir=/usr/lib/jvm-exports/java-1.5.0-gcj-4.8-amd64 --with-arch-directory=amd64 --with-ecj-jar=/usr/share/java/eclipse-ecj.jar --enable-objc-gc --enable-multiarch --disable-werror --with-arch-32=i686 --with-abi=m64 --with-multilib-list=m32,m64,mx32 --with-tune=generic --enable-checking=release --build=x86_64-linux-gnu --host=x86_64-linux-gnu --target=x86_64-linux-gnu
Thread model: posix
gcc version 4.8.4 (Ubuntu 4.8.4-2ubuntu1~14.04) 
COMPILER_PATH=/usr/lib/gcc/x86_64-linux-gnu/4.8/:/usr/lib/gcc/x86_64-linux-gnu/4.8/:/usr/lib/gcc/x86_64-linux-gnu/:/usr/lib/gcc/x86_64-linux-gnu/4.8/:/usr/lib/gcc/x86_64-linux-gnu/
LIBRARY_PATH=/usr/lib/gcc/x86_64-linux-gnu/4.8/:/usr/lib/gcc/x86_64-linux-gnu/4.8/../../../x86_64-linux-gnu/:/usr/lib/gcc/x86_64-linux-gnu/4.8/../../../../lib/:/lib/x86_64-linux-gnu/:/lib/../lib/:/usr/lib/x86_64-linux-gnu/:/usr/lib/../lib/:/usr/lib/gcc/x86_64-linux-gnu/4.8/../../../:/lib/:/usr/lib/
COLLECT_GCC_OPTIONS='-v' '-o' 'cmTryCompileExec2067834571' '-rdynamic' '-mtune=generic' '-march=x86-64'
 /usr/lib/gcc/x86_64-linux-gnu/4.8/collect2 --sysroot=/ --build-id --eh-frame-hdr -m elf_x86_64 --hash-style=gnu --as-needed -export-dynamic -dynamic-linker /lib64/ld-linux-x86-64.so.2 -z relro -o cmTryCompileExec2067834571 /usr/lib/gcc/x86_64-linux-gnu/4.8/../../../x86_64-linux-gnu/crt1.o /usr/lib/gcc/x86_64-linux-gnu/4.8/../../../x86_64-linux-gnu/crti.o /usr/lib/gcc/x86_64-linux-gnu/4.8/crtbegin.o -L/usr/lib/gcc/x86_64-linux-gnu/4.8 -L/usr/lib/gcc/x86_64-linux-gnu/4.8/../../../x86_64-linux-gnu -L/usr/lib/gcc/x86_64-linux-gnu/4.8/../../../../lib -L/lib/x86_64-linux-gnu -L/lib/../lib -L/usr/lib/x86_64-linux-gnu -L/usr/lib/../lib -L/usr/lib/gcc/x86_64-linux-gnu/4.8/../../.. CMakeFiles/cmTryCompileExec2067834571.dir/CMakeCCompilerABI.c.o -lgcc --as-needed -lgcc_s --no-as-needed -lc -lgcc --as-needed -lgcc_s --no-as-needed /usr/lib/gcc/x86_64-linux-gnu/4.8/crtend.o /usr/lib/gcc/x86_64-linux-gnu/4.8/../../../x86_64-linux-gnu/crtn.o
make[4]: quittant le répertoire « /home/s/segureta/Documents/M2-S1/Outils_info/Tp2.build/Eigen-prefix/src/Eigen-build/CMakeFiles/CMakeTmp »
make[3]: quittant le répertoire « /home/s/segureta/Documents/M2-S1/Outils_info/Tp2.build/Eigen-prefix/src/Eigen-build/CMakeFiles/CMakeTmp »


Parsed C implicit link information from above output:
  link line regex: [^( *|.*[/\])(ld|([^/\]+-)?ld|collect2)[^/\]*( |$)]
  ignore line: [Change Dir: /home/s/segureta/Documents/M2-S1/Outils_info/Tp2.build/Eigen-prefix/src/Eigen-build/CMakeFiles/CMakeTmp]
  ignore line: []
  ignore line: [Run Build Command:/usr/bin/make "cmTryCompileExec2067834571/fast"]
  ignore line: [make[3]: entrant dans le répertoire « /home/s/segureta/Documents/M2-S1/Outils_info/Tp2.build/Eigen-prefix/src/Eigen-build/CMakeFiles/CMakeTmp »]
  ignore line: [/usr/bin/make -f CMakeFiles/cmTryCompileExec2067834571.dir/build.make CMakeFiles/cmTryCompileExec2067834571.dir/build]
  ignore line: [make[4]: entrant dans le répertoire « /home/s/segureta/Documents/M2-S1/Outils_info/Tp2.build/Eigen-prefix/src/Eigen-build/CMakeFiles/CMakeTmp »]
  ignore line: [/usr/bin/cmake -E cmake_progress_report /home/s/segureta/Documents/M2-S1/Outils_info/Tp2.build/Eigen-prefix/src/Eigen-build/CMakeFiles/CMakeTmp/CMakeFiles 1]
  ignore line: [Building C object CMakeFiles/cmTryCompileExec2067834571.dir/CMakeCCompilerABI.c.o]
  ignore line: [/usr/bin/cc    -o CMakeFiles/cmTryCompileExec2067834571.dir/CMakeCCompilerABI.c.o   -c /usr/share/cmake-2.8/Modules/CMakeCCompilerABI.c]
  ignore line: [Linking C executable cmTryCompileExec2067834571]
  ignore line: [/usr/bin/cmake -E cmake_link_script CMakeFiles/cmTryCompileExec2067834571.dir/link.txt --verbose=1]
  ignore line: [/usr/bin/cc     -v CMakeFiles/cmTryCompileExec2067834571.dir/CMakeCCompilerABI.c.o  -o cmTryCompileExec2067834571 -rdynamic  ]
  ignore line: [Using built-in specs.]
  ignore line: [COLLECT_GCC=/usr/bin/cc]
  ignore line: [COLLECT_LTO_WRAPPER=/usr/lib/gcc/x86_64-linux-gnu/4.8/lto-wrapper]
  ignore line: [Target: x86_64-linux-gnu]
  ignore line: [Configured with: ../src/configure -v --with-pkgversion='Ubuntu 4.8.4-2ubuntu1~14.04' --with-bugurl=file:///usr/share/doc/gcc-4.8/README.Bugs --enable-languages=c,c++,java,go,d,fortran,objc,obj-c++ --prefix=/usr --program-suffix=-4.8 --enable-shared --enable-linker-build-id --libexecdir=/usr/lib --without-included-gettext --enable-threads=posix --with-gxx-include-dir=/usr/include/c++/4.8 --libdir=/usr/lib --enable-nls --with-sysroot=/ --enable-clocale=gnu --enable-libstdcxx-debug --enable-libstdcxx-time=yes --enable-gnu-unique-object --disable-libmudflap --enable-plugin --with-system-zlib --disable-browser-plugin --enable-java-awt=gtk --enable-gtk-cairo --with-java-home=/usr/lib/jvm/java-1.5.0-gcj-4.8-amd64/jre --enable-java-home --with-jvm-root-dir=/usr/lib/jvm/java-1.5.0-gcj-4.8-amd64 --with-jvm-jar-dir=/usr/lib/jvm-exports/java-1.5.0-gcj-4.8-amd64 --with-arch-directory=amd64 --with-ecj-jar=/usr/share/java/eclipse-ecj.jar --enable-objc-gc --enable-multiarch --disable-werror --with-arch-32=i686 --with-abi=m64 --with-multilib-list=m32,m64,mx32 --with-tune=generic --enable-checking=release --build=x86_64-linux-gnu --host=x86_64-linux-gnu --target=x86_64-linux-gnu]
  ignore line: [Thread model: posix]
  ignore line: [gcc version 4.8.4 (Ubuntu 4.8.4-2ubuntu1~14.04) ]
  ignore line: [COMPILER_PATH=/usr/lib/gcc/x86_64-linux-gnu/4.8/:/usr/lib/gcc/x86_64-linux-gnu/4.8/:/usr/lib/gcc/x86_64-linux-gnu/:/usr/lib/gcc/x86_64-linux-gnu/4.8/:/usr/lib/gcc/x86_64-linux-gnu/]
  ignore line: [LIBRARY_PATH=/usr/lib/gcc/x86_64-linux-gnu/4.8/:/usr/lib/gcc/x86_64-linux-gnu/4.8/../../../x86_64-linux-gnu/:/usr/lib/gcc/x86_64-linux-gnu/4.8/../../../../lib/:/lib/x86_64-linux-gnu/:/lib/../lib/:/usr/lib/x86_64-linux-gnu/:/usr/lib/../lib/:/usr/lib/gcc/x86_64-linux-gnu/4.8/../../../:/lib/:/usr/lib/]
  ignore line: [COLLECT_GCC_OPTIONS='-v' '-o' 'cmTryCompileExec2067834571' '-rdynamic' '-mtune=generic' '-march=x86-64']
  link line: [ /usr/lib/gcc/x86_64-linux-gnu/4.8/collect2 --sysroot=/ --build-id --eh-frame-hdr -m elf_x86_64 --hash-style=gnu --as-needed -export-dynamic -dynamic-linker /lib64/ld-linux-x86-64.so.2 -z relro -o cmTryCompileExec2067834571 /usr/lib/gcc/x86_64-linux-gnu/4.8/../../../x86_64-linux-gnu/crt1.o /usr/lib/gcc/x86_64-linux-gnu/4.8/../../../x86_64-linux-gnu/crti.o /usr/lib/gcc/x86_64-linux-gnu/4.8/crtbegin.o -L/usr/lib/gcc/x86_64-linux-gnu/4.8 -L/usr/lib/gcc/x86_64-linux-gnu/4.8/../../../x86_64-linux-gnu -L/usr/lib/gcc/x86_64-linux-gnu/4.8/../../../../lib -L/lib/x86_64-linux-gnu -L/lib/../lib -L/usr/lib/x86_64-linux-gnu -L/usr/lib/../lib -L/usr/lib/gcc/x86_64-linux-gnu/4.8/../../.. CMakeFiles/cmTryCompileExec2067834571.dir/CMakeCCompilerABI.c.o -lgcc --as-needed -lgcc_s --no-as-needed -lc -lgcc --as-needed -lgcc_s --no-as-needed /usr/lib/gcc/x86_64-linux-gnu/4.8/crtend.o /usr/lib/gcc/x86_64-linux-gnu/4.8/../../../x86_64-linux-gnu/crtn.o]
    arg [/usr/lib/gcc/x86_64-linux-gnu/4.8/collect2] ==> ignore
    arg [--sysroot=/] ==> ignore
    arg [--build-id] ==> ignore
    arg [--eh-frame-hdr] ==> ignore
    arg [-m] ==> ignore
    arg [elf_x86_64] ==> ignore
    arg [--hash-style=gnu] ==> ignore
    arg [--as-needed] ==> ignore
    arg [-export-dynamic] ==> ignore
    arg [-dynamic-linker] ==> ignore
    arg [/lib64/ld-linux-x86-64.so.2] ==> ignore
    arg [-zrelro] ==> ignore
    arg [-o] ==> ignore
    arg [cmTryCompileExec2067834571] ==> ignore
    arg [/usr/lib/gcc/x86_64-linux-gnu/4.8/../../../x86_64-linux-gnu/crt1.o] ==> ignore
    arg [/usr/lib/gcc/x86_64-linux-gnu/4.8/../../../x86_64-linux-gnu/crti.o] ==> ignore
    arg [/usr/lib/gcc/x86_64-linux-gnu/4.8/crtbegin.o] ==> ignore
    arg [-L/usr/lib/gcc/x86_64-linux-gnu/4.8] ==> dir [/usr/lib/gcc/x86_64-linux-gnu/4.8]
    arg [-L/usr/lib/gcc/x86_64-linux-gnu/4.8/../../../x86_64-linux-gnu] ==> dir [/usr/lib/gcc/x86_64-linux-gnu/4.8/../../../x86_64-linux-gnu]
    arg [-L/usr/lib/gcc/x86_64-linux-gnu/4.8/../../../../lib] ==> dir [/usr/lib/gcc/x86_64-linux-gnu/4.8/../../../../lib]
    arg [-L/lib/x86_64-linux-gnu] ==> dir [/lib/x86_64-linux-gnu]
    arg [-L/lib/../lib] ==> dir [/lib/../lib]
    arg [-L/usr/lib/x86_64-linux-gnu] ==> dir [/usr/lib/x86_64-linux-gnu]
    arg [-L/usr/lib/../lib] ==> dir [/usr/lib/../lib]
    arg [-L/usr/lib/gcc/x86_64-linux-gnu/4.8/../../..] ==> dir [/usr/lib/gcc/x86_64-linux-gnu/4.8/../../..]
    arg [CMakeFiles/cmTryCompileExec2067834571.dir/CMakeCCompilerABI.c.o] ==> ignore
    arg [-lgcc] ==> lib [gcc]
    arg [--as-needed] ==> ignore
    arg [-lgcc_s] ==> lib [gcc_s]
    arg [--no-as-needed] ==> ignore
    arg [-lc] ==> lib [c]
    arg [-lgcc] ==> lib [gcc]
    arg [--as-needed] ==> ignore
    arg [-lgcc_s] ==> lib [gcc_s]
    arg [--no-as-needed] ==> ignore
    arg [/usr/lib/gcc/x86_64-linux-gnu/4.8/crtend.o] ==> ignore
    arg [/usr/lib/gcc/x86_64-linux-gnu/4.8/../../../x86_64-linux-gnu/crtn.o] ==> ignore
  remove lib [gcc]
  remove lib [gcc_s]
  remove lib [gcc]
  remove lib [gcc_s]
  collapse library dir [/usr/lib/gcc/x86_64-linux-gnu/4.8] ==> [/usr/lib/gcc/x86_64-linux-gnu/4.8]
  collapse library dir [/usr/lib/gcc/x86_64-linux-gnu/4.8/../../../x86_64-linux-gnu] ==> [/usr/lib/x86_64-linux-gnu]
  collapse library dir [/usr/lib/gcc/x86_64-linux-gnu/4.8/../../../../lib] ==> [/usr/lib]
  collapse library dir [/lib/x86_64-linux-gnu] ==> [/lib/x86_64-linux-gnu]
  collapse library dir [/lib/../lib] ==> [/lib]
  collapse library dir [/usr/lib/x86_64-linux-gnu] ==> [/usr/lib/x86_64-linux-gnu]
  collapse library dir [/usr/lib/../lib] ==> [/usr/lib]
  collapse library dir [/usr/lib/gcc/x86_64-linux-gnu/4.8/../../..] ==> [/usr/lib]
  implicit libs: [c]
  implicit dirs: [/usr/lib/gcc/x86_64-linux-gnu/4.8;/usr/lib/x86_64-linux-gnu;/usr/lib;/lib/x86_64-linux-gnu;/lib]
  implicit fwks: []


Determining if the CXX compiler works passed with the following output:
Change Dir: /home/s/segureta/Documents/M2-S1/Outils_info/Tp2.build/Eigen-prefix/src/Eigen-build/CMakeFiles/CMakeTmp

Run Build Command:/usr/bin/make "cmTryCompileExec537629017/fast"
make[3]: entrant dans le répertoire « /home/s/segureta/Documents/M2-S1/Outils_info/Tp2.build/Eigen-prefix/src/Eigen-build/CMakeFiles/CMakeTmp »
/usr/bin/make -f CMakeFiles/cmTryCompileExec537629017.dir/build.make CMakeFiles/cmTryCompileExec537629017.dir/build
make[4]: entrant dans le répertoire « /home/s/segureta/Documents/M2-S1/Outils_info/Tp2.build/Eigen-prefix/src/Eigen-build/CMakeFiles/CMakeTmp »
/usr/bin/cmake -E cmake_progress_report /home/s/segureta/Documents/M2-S1/Outils_info/Tp2.build/Eigen-prefix/src/Eigen-build/CMakeFiles/CMakeTmp/CMakeFiles 1
Building CXX object CMakeFiles/cmTryCompileExec537629017.dir/testCXXCompiler.cxx.o
/usr/bin/c++     -o CMakeFiles/cmTryCompileExec537629017.dir/testCXXCompiler.cxx.o -c /home/s/segureta/Documents/M2-S1/Outils_info/Tp2.build/Eigen-prefix/src/Eigen-build/CMakeFiles/CMakeTmp/testCXXCompiler.cxx
Linking CXX executable cmTryCompileExec537629017
/usr/bin/cmake -E cmake_link_script CMakeFiles/cmTryCompileExec537629017.dir/link.txt --verbose=1
/usr/bin/c++        CMakeFiles/cmTryCompileExec537629017.dir/testCXXCompiler.cxx.o  -o cmTryCompileExec537629017 -rdynamic 
make[4]: quittant le répertoire « /home/s/segureta/Documents/M2-S1/Outils_info/Tp2.build/Eigen-prefix/src/Eigen-build/CMakeFiles/CMakeTmp »
make[3]: quittant le répertoire « /home/s/segureta/Documents/M2-S1/Outils_info/Tp2.build/Eigen-prefix/src/Eigen-build/CMakeFiles/CMakeTmp »


Detecting CXX compiler ABI info compiled with the following output:
Change Dir: /home/s/segureta/Documents/M2-S1/Outils_info/Tp2.build/Eigen-prefix/src/Eigen-build/CMakeFiles/CMakeTmp

Run Build Command:/usr/bin/make "cmTryCompileExec637885676/fast"
make[3]: entrant dans le répertoire « /home/s/segureta/Documents/M2-S1/Outils_info/Tp2.build/Eigen-prefix/src/Eigen-build/CMakeFiles/CMakeTmp »
/usr/bin/make -f CMakeFiles/cmTryCompileExec637885676.dir/build.make CMakeFiles/cmTryCompileExec637885676.dir/build
make[4]: entrant dans le répertoire « /home/s/segureta/Documents/M2-S1/Outils_info/Tp2.build/Eigen-prefix/src/Eigen-build/CMakeFiles/CMakeTmp »
/usr/bin/cmake -E cmake_progress_report /home/s/segureta/Documents/M2-S1/Outils_info/Tp2.build/Eigen-prefix/src/Eigen-build/CMakeFiles/CMakeTmp/CMakeFiles 1
Building CXX object CMakeFiles/cmTryCompileExec637885676.dir/CMakeCXXCompilerABI.cpp.o
/usr/bin/c++     -o CMakeFiles/cmTryCompileExec637885676.dir/CMakeCXXCompilerABI.cpp.o -c /usr/share/cmake-2.8/Modules/CMakeCXXCompilerABI.cpp
Linking CXX executable cmTryCompileExec637885676
/usr/bin/cmake -E cmake_link_script CMakeFiles/cmTryCompileExec637885676.dir/link.txt --verbose=1
/usr/bin/c++      -v CMakeFiles/cmTryCompileExec637885676.dir/CMakeCXXCompilerABI.cpp.o  -o cmTryCompileExec637885676 -rdynamic  
Using built-in specs.
COLLECT_GCC=/usr/bin/c++
COLLECT_LTO_WRAPPER=/usr/lib/gcc/x86_64-linux-gnu/4.8/lto-wrapper
Target: x86_64-linux-gnu
Configured with: ../src/configure -v --with-pkgversion='Ubuntu 4.8.4-2ubuntu1~14.04' --with-bugurl=file:///usr/share/doc/gcc-4.8/README.Bugs --enable-languages=c,c++,java,go,d,fortran,objc,obj-c++ --prefix=/usr --program-suffix=-4.8 --enable-shared --enable-linker-build-id --libexecdir=/usr/lib --without-included-gettext --enable-threads=posix --with-gxx-include-dir=/usr/include/c++/4.8 --libdir=/usr/lib --enable-nls --with-sysroot=/ --enable-clocale=gnu --enable-libstdcxx-debug --enable-libstdcxx-time=yes --enable-gnu-unique-object --disable-libmudflap --enable-plugin --with-system-zlib --disable-browser-plugin --enable-java-awt=gtk --enable-gtk-cairo --with-java-home=/usr/lib/jvm/java-1.5.0-gcj-4.8-amd64/jre --enable-java-home --with-jvm-root-dir=/usr/lib/jvm/java-1.5.0-gcj-4.8-amd64 --with-jvm-jar-dir=/usr/lib/jvm-exports/java-1.5.0-gcj-4.8-amd64 --with-arch-directory=amd64 --with-ecj-jar=/usr/share/java/eclipse-ecj.jar --enable-objc-gc --enable-multiarch --disable-werror --with-arch-32=i686 --with-abi=m64 --with-multilib-list=m32,m64,mx32 --with-tune=generic --enable-checking=release --build=x86_64-linux-gnu --host=x86_64-linux-gnu --target=x86_64-linux-gnu
Thread model: posix
gcc version 4.8.4 (Ubuntu 4.8.4-2ubuntu1~14.04) 
COMPILER_PATH=/usr/lib/gcc/x86_64-linux-gnu/4.8/:/usr/lib/gcc/x86_64-linux-gnu/4.8/:/usr/lib/gcc/x86_64-linux-gnu/:/usr/lib/gcc/x86_64-linux-gnu/4.8/:/usr/lib/gcc/x86_64-linux-gnu/
LIBRARY_PATH=/usr/lib/gcc/x86_64-linux-gnu/4.8/:/usr/lib/gcc/x86_64-linux-gnu/4.8/../../../x86_64-linux-gnu/:/usr/lib/gcc/x86_64-linux-gnu/4.8/../../../../lib/:/lib/x86_64-linux-gnu/:/lib/../lib/:/usr/lib/x86_64-linux-gnu/:/usr/lib/../lib/:/usr/lib/gcc/x86_64-linux-gnu/4.8/../../../:/lib/:/usr/lib/
COLLECT_GCC_OPTIONS='-v' '-o' 'cmTryCompileExec637885676' '-rdynamic' '-shared-libgcc' '-mtune=generic' '-march=x86-64'
 /usr/lib/gcc/x86_64-linux-gnu/4.8/collect2 --sysroot=/ --build-id --eh-frame-hdr -m elf_x86_64 --hash-style=gnu --as-needed -export-dynamic -dynamic-linker /lib64/ld-linux-x86-64.so.2 -z relro -o cmTryCompileExec637885676 /usr/lib/gcc/x86_64-linux-gnu/4.8/../../../x86_64-linux-gnu/crt1.o /usr/lib/gcc/x86_64-linux-gnu/4.8/../../../x86_64-linux-gnu/crti.o /usr/lib/gcc/x86_64-linux-gnu/4.8/crtbegin.o -L/usr/lib/gcc/x86_64-linux-gnu/4.8 -L/usr/lib/gcc/x86_64-linux-gnu/4.8/../../../x86_64-linux-gnu -L/usr/lib/gcc/x86_64-linux-gnu/4.8/../../../../lib -L/lib/x86_64-linux-gnu -L/lib/../lib -L/usr/lib/x86_64-linux-gnu -L/usr/lib/../lib -L/usr/lib/gcc/x86_64-linux-gnu/4.8/../../.. CMakeFiles/cmTryCompileExec637885676.dir/CMakeCXXCompilerABI.cpp.o -lstdc++ -lm -lgcc_s -lgcc -lc -lgcc_s -lgcc /usr/lib/gcc/x86_64-linux-gnu/4.8/crtend.o /usr/lib/gcc/x86_64-linux-gnu/4.8/../../../x86_64-linux-gnu/crtn.o
make[4]: quittant le répertoire « /home/s/segureta/Documents/M2-S1/Outils_info/Tp2.build/Eigen-prefix/src/Eigen-build/CMakeFiles/CMakeTmp »
make[3]: quittant le répertoire « /home/s/segureta/Documents/M2-S1/Outils_info/Tp2.build/Eigen-prefix/src/Eigen-build/CMakeFiles/CMakeTmp »


Parsed CXX implicit link information from above output:
  link line regex: [^( *|.*[/\])(ld|([^/\]+-)?ld|collect2)[^/\]*( |$)]
  ignore line: [Change Dir: /home/s/segureta/Documents/M2-S1/Outils_info/Tp2.build/Eigen-prefix/src/Eigen-build/CMakeFiles/CMakeTmp]
  ignore line: []
  ignore line: [Run Build Command:/usr/bin/make "cmTryCompileExec637885676/fast"]
  ignore line: [make[3]: entrant dans le répertoire « /home/s/segureta/Documents/M2-S1/Outils_info/Tp2.build/Eigen-prefix/src/Eigen-build/CMakeFiles/CMakeTmp »]
  ignore line: [/usr/bin/make -f CMakeFiles/cmTryCompileExec637885676.dir/build.make CMakeFiles/cmTryCompileExec637885676.dir/build]
  ignore line: [make[4]: entrant dans le répertoire « /home/s/segureta/Documents/M2-S1/Outils_info/Tp2.build/Eigen-prefix/src/Eigen-build/CMakeFiles/CMakeTmp »]
  ignore line: [/usr/bin/cmake -E cmake_progress_report /home/s/segureta/Documents/M2-S1/Outils_info/Tp2.build/Eigen-prefix/src/Eigen-build/CMakeFiles/CMakeTmp/CMakeFiles 1]
  ignore line: [Building CXX object CMakeFiles/cmTryCompileExec637885676.dir/CMakeCXXCompilerABI.cpp.o]
  ignore line: [/usr/bin/c++     -o CMakeFiles/cmTryCompileExec637885676.dir/CMakeCXXCompilerABI.cpp.o -c /usr/share/cmake-2.8/Modules/CMakeCXXCompilerABI.cpp]
  ignore line: [Linking CXX executable cmTryCompileExec637885676]
  ignore line: [/usr/bin/cmake -E cmake_link_script CMakeFiles/cmTryCompileExec637885676.dir/link.txt --verbose=1]
  ignore line: [/usr/bin/c++      -v CMakeFiles/cmTryCompileExec637885676.dir/CMakeCXXCompilerABI.cpp.o  -o cmTryCompileExec637885676 -rdynamic  ]
  ignore line: [Using built-in specs.]
  ignore line: [COLLECT_GCC=/usr/bin/c++]
  ignore line: [COLLECT_LTO_WRAPPER=/usr/lib/gcc/x86_64-linux-gnu/4.8/lto-wrapper]
  ignore line: [Target: x86_64-linux-gnu]
  ignore line: [Configured with: ../src/configure -v --with-pkgversion='Ubuntu 4.8.4-2ubuntu1~14.04' --with-bugurl=file:///usr/share/doc/gcc-4.8/README.Bugs --enable-languages=c,c++,java,go,d,fortran,objc,obj-c++ --prefix=/usr --program-suffix=-4.8 --enable-shared --enable-linker-build-id --libexecdir=/usr/lib --without-included-gettext --enable-threads=posix --with-gxx-include-dir=/usr/include/c++/4.8 --libdir=/usr/lib --enable-nls --with-sysroot=/ --enable-clocale=gnu --enable-libstdcxx-debug --enable-libstdcxx-time=yes --enable-gnu-unique-object --disable-libmudflap --enable-plugin --with-system-zlib --disable-browser-plugin --enable-java-awt=gtk --enable-gtk-cairo --with-java-home=/usr/lib/jvm/java-1.5.0-gcj-4.8-amd64/jre --enable-java-home --with-jvm-root-dir=/usr/lib/jvm/java-1.5.0-gcj-4.8-amd64 --with-jvm-jar-dir=/usr/lib/jvm-exports/java-1.5.0-gcj-4.8-amd64 --with-arch-directory=amd64 --with-ecj-jar=/usr/share/java/eclipse-ecj.jar --enable-objc-gc --enable-multiarch --disable-werror --with-arch-32=i686 --with-abi=m64 --with-multilib-list=m32,m64,mx32 --with-tune=generic --enable-checking=release --build=x86_64-linux-gnu --host=x86_64-linux-gnu --target=x86_64-linux-gnu]
  ignore line: [Thread model: posix]
  ignore line: [gcc version 4.8.4 (Ubuntu 4.8.4-2ubuntu1~14.04) ]
  ignore line: [COMPILER_PATH=/usr/lib/gcc/x86_64-linux-gnu/4.8/:/usr/lib/gcc/x86_64-linux-gnu/4.8/:/usr/lib/gcc/x86_64-linux-gnu/:/usr/lib/gcc/x86_64-linux-gnu/4.8/:/usr/lib/gcc/x86_64-linux-gnu/]
  ignore line: [LIBRARY_PATH=/usr/lib/gcc/x86_64-linux-gnu/4.8/:/usr/lib/gcc/x86_64-linux-gnu/4.8/../../../x86_64-linux-gnu/:/usr/lib/gcc/x86_64-linux-gnu/4.8/../../../../lib/:/lib/x86_64-linux-gnu/:/lib/../lib/:/usr/lib/x86_64-linux-gnu/:/usr/lib/../lib/:/usr/lib/gcc/x86_64-linux-gnu/4.8/../../../:/lib/:/usr/lib/]
  ignore line: [COLLECT_GCC_OPTIONS='-v' '-o' 'cmTryCompileExec637885676' '-rdynamic' '-shared-libgcc' '-mtune=generic' '-march=x86-64']
  link line: [ /usr/lib/gcc/x86_64-linux-gnu/4.8/collect2 --sysroot=/ --build-id --eh-frame-hdr -m elf_x86_64 --hash-style=gnu --as-needed -export-dynamic -dynamic-linker /lib64/ld-linux-x86-64.so.2 -z relro -o cmTryCompileExec637885676 /usr/lib/gcc/x86_64-linux-gnu/4.8/../../../x86_64-linux-gnu/crt1.o /usr/lib/gcc/x86_64-linux-gnu/4.8/../../../x86_64-linux-gnu/crti.o /usr/lib/gcc/x86_64-linux-gnu/4.8/crtbegin.o -L/usr/lib/gcc/x86_64-linux-gnu/4.8 -L/usr/lib/gcc/x86_64-linux-gnu/4.8/../../../x86_64-linux-gnu -L/usr/lib/gcc/x86_64-linux-gnu/4.8/../../../../lib -L/lib/x86_64-linux-gnu -L/lib/../lib -L/usr/lib/x86_64-linux-gnu -L/usr/lib/../lib -L/usr/lib/gcc/x86_64-linux-gnu/4.8/../../.. CMakeFiles/cmTryCompileExec637885676.dir/CMakeCXXCompilerABI.cpp.o -lstdc++ -lm -lgcc_s -lgcc -lc -lgcc_s -lgcc /usr/lib/gcc/x86_64-linux-gnu/4.8/crtend.o /usr/lib/gcc/x86_64-linux-gnu/4.8/../../../x86_64-linux-gnu/crtn.o]
    arg [/usr/lib/gcc/x86_64-linux-gnu/4.8/collect2] ==> ignore
    arg [--sysroot=/] ==> ignore
    arg [--build-id] ==> ignore
    arg [--eh-frame-hdr] ==> ignore
    arg [-m] ==> ignore
    arg [elf_x86_64] ==> ignore
    arg [--hash-style=gnu] ==> ignore
    arg [--as-needed] ==> ignore
    arg [-export-dynamic] ==> ignore
    arg [-dynamic-linker] ==> ignore
    arg [/lib64/ld-linux-x86-64.so.2] ==> ignore
    arg [-zrelro] ==> ignore
    arg [-o] ==> ignore
    arg [cmTryCompileExec637885676] ==> ignore
    arg [/usr/lib/gcc/x86_64-linux-gnu/4.8/../../../x86_64-linux-gnu/crt1.o] ==> ignore
    arg [/usr/lib/gcc/x86_64-linux-gnu/4.8/../../../x86_64-linux-gnu/crti.o] ==> ignore
    arg [/usr/lib/gcc/x86_64-linux-gnu/4.8/crtbegin.o] ==> ignore
    arg [-L/usr/lib/gcc/x86_64-linux-gnu/4.8] ==> dir [/usr/lib/gcc/x86_64-linux-gnu/4.8]
    arg [-L/usr/lib/gcc/x86_64-linux-gnu/4.8/../../../x86_64-linux-gnu] ==> dir [/usr/lib/gcc/x86_64-linux-gnu/4.8/../../../x86_64-linux-gnu]
    arg [-L/usr/lib/gcc/x86_64-linux-gnu/4.8/../../../../lib] ==> dir [/usr/lib/gcc/x86_64-linux-gnu/4.8/../../../../lib]
    arg [-L/lib/x86_64-linux-gnu] ==> dir [/lib/x86_64-linux-gnu]
    arg [-L/lib/../lib] ==> dir [/lib/../lib]
    arg [-L/usr/lib/x86_64-linux-gnu] ==> dir [/usr/lib/x86_64-linux-gnu]
    arg [-L/usr/lib/../lib] ==> dir [/usr/lib/../lib]
    arg [-L/usr/lib/gcc/x86_64-linux-gnu/4.8/../../..] ==> dir [/usr/lib/gcc/x86_64-linux-gnu/4.8/../../..]
    arg [CMakeFiles/cmTryCompileExec637885676.dir/CMakeCXXCompilerABI.cpp.o] ==> ignore
    arg [-lstdc++] ==> lib [stdc++]
    arg [-lm] ==> lib [m]
    arg [-lgcc_s] ==> lib [gcc_s]
    arg [-lgcc] ==> lib [gcc]
    arg [-lc] ==> lib [c]
    arg [-lgcc_s] ==> lib [gcc_s]
    arg [-lgcc] ==> lib [gcc]
    arg [/usr/lib/gcc/x86_64-linux-gnu/4.8/crtend.o] ==> ignore
    arg [/usr/lib/gcc/x86_64-linux-gnu/4.8/../../../x86_64-linux-gnu/crtn.o] ==> ignore
  remove lib [gcc_s]
  remove lib [gcc]
  remove lib [gcc_s]
  remove lib [gcc]
  collapse library dir [/usr/lib/gcc/x86_64-linux-gnu/4.8] ==> [/usr/lib/gcc/x86_64-linux-gnu/4.8]
  collapse library dir [/usr/lib/gcc/x86_64-linux-gnu/4.8/../../../x86_64-linux-gnu] ==> [/usr/lib/x86_64-linux-gnu]
  collapse library dir [/usr/lib/gcc/x86_64-linux-gnu/4.8/../../../../lib] ==> [/usr/lib]
  collapse library dir [/lib/x86_64-linux-gnu] ==> [/lib/x86_64-linux-gnu]
  collapse library dir [/lib/../lib] ==> [/lib]
  collapse library dir [/usr/lib/x86_64-linux-gnu] ==> [/usr/lib/x86_64-linux-gnu]
  collapse library dir [/usr/lib/../lib] ==> [/usr/lib]
  collapse library dir [/usr/lib/gcc/x86_64-linux-gnu/4.8/../../..] ==> [/usr/lib]
  implicit libs: [stdc++;m;c]
  implicit dirs: [/usr/lib/gcc/x86_64-linux-gnu/4.8;/usr/lib/x86_64-linux-gnu;/usr/lib;/lib/x86_64-linux-gnu;/lib]
  implicit fwks: []


Performing C++ SOURCE FILE Test standard_math_library_linked_to_automatically succeded with the following output:
Change Dir: /home/s/segureta/Documents/M2-S1/Outils_info/Tp2.build/Eigen-prefix/src/Eigen-build/CMakeFiles/CMakeTmp

Run Build Command:/usr/bin/make "cmTryCompileExec4084468675/fast"
make[3]: entrant dans le répertoire « /home/s/segureta/Documents/M2-S1/Outils_info/Tp2.build/Eigen-prefix/src/Eigen-build/CMakeFiles/CMakeTmp »
/usr/bin/make -f CMakeFiles/cmTryCompileExec4084468675.dir/build.make CMakeFiles/cmTryCompileExec4084468675.dir/build
make[4]: entrant dans le répertoire « /home/s/segureta/Documents/M2-S1/Outils_info/Tp2.build/Eigen-prefix/src/Eigen-build/CMakeFiles/CMakeTmp »
/usr/bin/cmake -E cmake_progress_report /home/s/segureta/Documents/M2-S1/Outils_info/Tp2.build/Eigen-prefix/src/Eigen-build/CMakeFiles/CMakeTmp/CMakeFiles 1
Building CXX object CMakeFiles/cmTryCompileExec4084468675.dir/src.cxx.o
/usr/bin/c++    -Dstandard_math_library_linked_to_automatically   -o CMakeFiles/cmTryCompileExec4084468675.dir/src.cxx.o -c /home/s/segureta/Documents/M2-S1/Outils_info/Tp2.build/Eigen-prefix/src/Eigen-build/CMakeFiles/CMakeTmp/src.cxx
Linking CXX executable cmTryCompileExec4084468675
/usr/bin/cmake -E cmake_link_script CMakeFiles/cmTryCompileExec4084468675.dir/link.txt --verbose=1
/usr/bin/c++    -Dstandard_math_library_linked_to_automatically    CMakeFiles/cmTryCompileExec4084468675.dir/src.cxx.o  -o cmTryCompileExec4084468675 -rdynamic 
make[4]: quittant le répertoire « /home/s/segureta/Documents/M2-S1/Outils_info/Tp2.build/Eigen-prefix/src/Eigen-build/CMakeFiles/CMakeTmp »
make[3]: quittant le répertoire « /home/s/segureta/Documents/M2-S1/Outils_info/Tp2.build/Eigen-prefix/src/Eigen-build/CMakeFiles/CMakeTmp »

Source file was:
#include<cmath>
int main() { std::sin(0.0); std::log(0.0f); }
Performing C++ SOURCE FILE Test COMPILER_SUPPORT_WERROR succeded with the following output:
Change Dir: /home/s/segureta/Documents/M2-S1/Outils_info/Tp2.build/Eigen-prefix/src/Eigen-build/CMakeFiles/CMakeTmp

Run Build Command:/usr/bin/make "cmTryCompileExec778879297/fast"
make[3]: Entering directory `/home/s/segureta/Documents/M2-S1/Outils_info/Tp2.build/Eigen-prefix/src/Eigen-build/CMakeFiles/CMakeTmp'
/usr/bin/make -f CMakeFiles/cmTryCompileExec778879297.dir/build.make CMakeFiles/cmTryCompileExec778879297.dir/build
make[4]: Entering directory `/home/s/segureta/Documents/M2-S1/Outils_info/Tp2.build/Eigen-prefix/src/Eigen-build/CMakeFiles/CMakeTmp'
/usr/bin/cmake -E cmake_progress_report /home/s/segureta/Documents/M2-S1/Outils_info/Tp2.build/Eigen-prefix/src/Eigen-build/CMakeFiles/CMakeTmp/CMakeFiles 1
Building CXX object CMakeFiles/cmTryCompileExec778879297.dir/src.cxx.o
/usr/bin/c++    -fexceptions -DCOMPILER_SUPPORT_WERROR   -Werror -o CMakeFiles/cmTryCompileExec778879297.dir/src.cxx.o -c /home/s/segureta/Documents/M2-S1/Outils_info/Tp2.build/Eigen-prefix/src/Eigen-build/CMakeFiles/CMakeTmp/src.cxx
Linking CXX executable cmTryCompileExec778879297
/usr/bin/cmake -E cmake_link_script CMakeFiles/cmTryCompileExec778879297.dir/link.txt --verbose=1
/usr/bin/c++    -fexceptions -DCOMPILER_SUPPORT_WERROR    CMakeFiles/cmTryCompileExec778879297.dir/src.cxx.o  -o cmTryCompileExec778879297 -rdynamic 
make[4]: Leaving directory `/home/s/segureta/Documents/M2-S1/Outils_info/Tp2.build/Eigen-prefix/src/Eigen-build/CMakeFiles/CMakeTmp'
make[3]: Leaving directory `/home/s/segureta/Documents/M2-S1/Outils_info/Tp2.build/Eigen-prefix/src/Eigen-build/CMakeFiles/CMakeTmp'

Source file was:
int main() { return 0;}
Performing C++ SOURCE FILE Test COMPILER_SUPPORT_pedantic succeded with the following output:
Change Dir: /home/s/segureta/Documents/M2-S1/Outils_info/Tp2.build/Eigen-prefix/src/Eigen-build/CMakeFiles/CMakeTmp

Run Build Command:/usr/bin/make "cmTryCompileExec1379385777/fast"
make[3]: Entering directory `/home/s/segureta/Documents/M2-S1/Outils_info/Tp2.build/Eigen-prefix/src/Eigen-build/CMakeFiles/CMakeTmp'
/usr/bin/make -f CMakeFiles/cmTryCompileExec1379385777.dir/build.make CMakeFiles/cmTryCompileExec1379385777.dir/build
make[4]: Entering directory `/home/s/segureta/Documents/M2-S1/Outils_info/Tp2.build/Eigen-prefix/src/Eigen-build/CMakeFiles/CMakeTmp'
/usr/bin/cmake -E cmake_progress_report /home/s/segureta/Documents/M2-S1/Outils_info/Tp2.build/Eigen-prefix/src/Eigen-build/CMakeFiles/CMakeTmp/CMakeFiles 1
Building CXX object CMakeFiles/cmTryCompileExec1379385777.dir/src.cxx.o
/usr/bin/c++    -fexceptions -DCOMPILER_SUPPORT_pedantic -Werror   -pedantic -o CMakeFiles/cmTryCompileExec1379385777.dir/src.cxx.o -c /home/s/segureta/Documents/M2-S1/Outils_info/Tp2.build/Eigen-prefix/src/Eigen-build/CMakeFiles/CMakeTmp/src.cxx
Linking CXX executable cmTryCompileExec1379385777
/usr/bin/cmake -E cmake_link_script CMakeFiles/cmTryCompileExec1379385777.dir/link.txt --verbose=1
/usr/bin/c++    -fexceptions -DCOMPILER_SUPPORT_pedantic -Werror    CMakeFiles/cmTryCompileExec1379385777.dir/src.cxx.o  -o cmTryCompileExec1379385777 -rdynamic 
make[4]: Leaving directory `/home/s/segureta/Documents/M2-S1/Outils_info/Tp2.build/Eigen-prefix/src/Eigen-build/CMakeFiles/CMakeTmp'
make[3]: Leaving directory `/home/s/segureta/Documents/M2-S1/Outils_info/Tp2.build/Eigen-prefix/src/Eigen-build/CMakeFiles/CMakeTmp'

Source file was:
int main() { return 0;}
Performing C++ SOURCE FILE Test COMPILER_SUPPORT_Wall succeded with the following output:
Change Dir: /home/s/segureta/Documents/M2-S1/Outils_info/Tp2.build/Eigen-prefix/src/Eigen-build/CMakeFiles/CMakeTmp

Run Build Command:/usr/bin/make "cmTryCompileExec2429908971/fast"
make[3]: Entering directory `/home/s/segureta/Documents/M2-S1/Outils_info/Tp2.build/Eigen-prefix/src/Eigen-build/CMakeFiles/CMakeTmp'
/usr/bin/make -f CMakeFiles/cmTryCompileExec2429908971.dir/build.make CMakeFiles/cmTryCompileExec2429908971.dir/build
make[4]: Entering directory `/home/s/segureta/Documents/M2-S1/Outils_info/Tp2.build/Eigen-prefix/src/Eigen-build/CMakeFiles/CMakeTmp'
/usr/bin/cmake -E cmake_progress_report /home/s/segureta/Documents/M2-S1/Outils_info/Tp2.build/Eigen-prefix/src/Eigen-build/CMakeFiles/CMakeTmp/CMakeFiles 1
Building CXX object CMakeFiles/cmTryCompileExec2429908971.dir/src.cxx.o
/usr/bin/c++    -fexceptions -pedantic -DCOMPILER_SUPPORT_Wall -Werror   -Wall -o CMakeFiles/cmTryCompileExec2429908971.dir/src.cxx.o -c /home/s/segureta/Documents/M2-S1/Outils_info/Tp2.build/Eigen-prefix/src/Eigen-build/CMakeFiles/CMakeTmp/src.cxx
Linking CXX executable cmTryCompileExec2429908971
/usr/bin/cmake -E cmake_link_script CMakeFiles/cmTryCompileExec2429908971.dir/link.txt --verbose=1
/usr/bin/c++    -fexceptions -pedantic -DCOMPILER_SUPPORT_Wall -Werror    CMakeFiles/cmTryCompileExec2429908971.dir/src.cxx.o  -o cmTryCompileExec2429908971 -rdynamic 
make[4]: Leaving directory `/home/s/segureta/Documents/M2-S1/Outils_info/Tp2.build/Eigen-prefix/src/Eigen-build/CMakeFiles/CMakeTmp'
make[3]: Leaving directory `/home/s/segureta/Documents/M2-S1/Outils_info/Tp2.build/Eigen-prefix/src/Eigen-build/CMakeFiles/CMakeTmp'

Source file was:
int main() { return 0;}
Performing C++ SOURCE FILE Test COMPILER_SUPPORT_Wextra succeded with the following output:
Change Dir: /home/s/segureta/Documents/M2-S1/Outils_info/Tp2.build/Eigen-prefix/src/Eigen-build/CMakeFiles/CMakeTmp

Run Build Command:/usr/bin/make "cmTryCompileExec2935700298/fast"
make[3]: Entering directory `/home/s/segureta/Documents/M2-S1/Outils_info/Tp2.build/Eigen-prefix/src/Eigen-build/CMakeFiles/CMakeTmp'
/usr/bin/make -f CMakeFiles/cmTryCompileExec2935700298.dir/build.make CMakeFiles/cmTryCompileExec2935700298.dir/build
make[4]: Entering directory `/home/s/segureta/Documents/M2-S1/Outils_info/Tp2.build/Eigen-prefix/src/Eigen-build/CMakeFiles/CMakeTmp'
/usr/bin/cmake -E cmake_progress_report /home/s/segureta/Documents/M2-S1/Outils_info/Tp2.build/Eigen-prefix/src/Eigen-build/CMakeFiles/CMakeTmp/CMakeFiles 1
Building CXX object CMakeFiles/cmTryCompileExec2935700298.dir/src.cxx.o
/usr/bin/c++    -fexceptions -pedantic -Wall -DCOMPILER_SUPPORT_Wextra -Werror   -Wextra -o CMakeFiles/cmTryCompileExec2935700298.dir/src.cxx.o -c /home/s/segureta/Documents/M2-S1/Outils_info/Tp2.build/Eigen-prefix/src/Eigen-build/CMakeFiles/CMakeTmp/src.cxx
Linking CXX executable cmTryCompileExec2935700298
/usr/bin/cmake -E cmake_link_script CMakeFiles/cmTryCompileExec2935700298.dir/link.txt --verbose=1
/usr/bin/c++    -fexceptions -pedantic -Wall -DCOMPILER_SUPPORT_Wextra -Werror    CMakeFiles/cmTryCompileExec2935700298.dir/src.cxx.o  -o cmTryCompileExec2935700298 -rdynamic 
make[4]: Leaving directory `/home/s/segureta/Documents/M2-S1/Outils_info/Tp2.build/Eigen-prefix/src/Eigen-build/CMakeFiles/CMakeTmp'
make[3]: Leaving directory `/home/s/segureta/Documents/M2-S1/Outils_info/Tp2.build/Eigen-prefix/src/Eigen-build/CMakeFiles/CMakeTmp'

Source file was:
int main() { return 0;}
Performing C++ SOURCE FILE Test COMPILER_SUPPORT_Wundef succeded with the following output:
Change Dir: /home/s/segureta/Documents/M2-S1/Outils_info/Tp2.build/Eigen-prefix/src/Eigen-build/CMakeFiles/CMakeTmp

Run Build Command:/usr/bin/make "cmTryCompileExec738297657/fast"
make[3]: Entering directory `/home/s/segureta/Documents/M2-S1/Outils_info/Tp2.build/Eigen-prefix/src/Eigen-build/CMakeFiles/CMakeTmp'
/usr/bin/make -f CMakeFiles/cmTryCompileExec738297657.dir/build.make CMakeFiles/cmTryCompileExec738297657.dir/build
make[4]: Entering directory `/home/s/segureta/Documents/M2-S1/Outils_info/Tp2.build/Eigen-prefix/src/Eigen-build/CMakeFiles/CMakeTmp'
/usr/bin/cmake -E cmake_progress_report /home/s/segureta/Documents/M2-S1/Outils_info/Tp2.build/Eigen-prefix/src/Eigen-build/CMakeFiles/CMakeTmp/CMakeFiles 1
Building CXX object CMakeFiles/cmTryCompileExec738297657.dir/src.cxx.o
/usr/bin/c++    -fexceptions -pedantic -Wall -Wextra -DCOMPILER_SUPPORT_Wundef -Werror   -Wundef -o CMakeFiles/cmTryCompileExec738297657.dir/src.cxx.o -c /home/s/segureta/Documents/M2-S1/Outils_info/Tp2.build/Eigen-prefix/src/Eigen-build/CMakeFiles/CMakeTmp/src.cxx
Linking CXX executable cmTryCompileExec738297657
/usr/bin/cmake -E cmake_link_script CMakeFiles/cmTryCompileExec738297657.dir/link.txt --verbose=1
/usr/bin/c++    -fexceptions -pedantic -Wall -Wextra -DCOMPILER_SUPPORT_Wundef -Werror    CMakeFiles/cmTryCompileExec738297657.dir/src.cxx.o  -o cmTryCompileExec738297657 -rdynamic 
make[4]: Leaving directory `/home/s/segureta/Documents/M2-S1/Outils_info/Tp2.build/Eigen-prefix/src/Eigen-build/CMakeFiles/CMakeTmp'
make[3]: Leaving directory `/home/s/segureta/Documents/M2-S1/Outils_info/Tp2.build/Eigen-prefix/src/Eigen-build/CMakeFiles/CMakeTmp'

Source file was:
int main() { return 0;}
Performing C++ SOURCE FILE Test COMPILER_SUPPORT_Wcastalign succeded with the following output:
Change Dir: /home/s/segureta/Documents/M2-S1/Outils_info/Tp2.build/Eigen-prefix/src/Eigen-build/CMakeFiles/CMakeTmp

Run Build Command:/usr/bin/make "cmTryCompileExec4184429346/fast"
make[3]: Entering directory `/home/s/segureta/Documents/M2-S1/Outils_info/Tp2.build/Eigen-prefix/src/Eigen-build/CMakeFiles/CMakeTmp'
/usr/bin/make -f CMakeFiles/cmTryCompileExec4184429346.dir/build.make CMakeFiles/cmTryCompileExec4184429346.dir/build
make[4]: Entering directory `/home/s/segureta/Documents/M2-S1/Outils_info/Tp2.build/Eigen-prefix/src/Eigen-build/CMakeFiles/CMakeTmp'
/usr/bin/cmake -E cmake_progress_report /home/s/segureta/Documents/M2-S1/Outils_info/Tp2.build/Eigen-prefix/src/Eigen-build/CMakeFiles/CMakeTmp/CMakeFiles 1
Building CXX object CMakeFiles/cmTryCompileExec4184429346.dir/src.cxx.o
/usr/bin/c++    -fexceptions -pedantic -Wall -Wextra -Wundef -DCOMPILER_SUPPORT_Wcastalign -Werror   -Wcast-align -o CMakeFiles/cmTryCompileExec4184429346.dir/src.cxx.o -c /home/s/segureta/Documents/M2-S1/Outils_info/Tp2.build/Eigen-prefix/src/Eigen-build/CMakeFiles/CMakeTmp/src.cxx
Linking CXX executable cmTryCompileExec4184429346
/usr/bin/cmake -E cmake_link_script CMakeFiles/cmTryCompileExec4184429346.dir/link.txt --verbose=1
/usr/bin/c++    -fexceptions -pedantic -Wall -Wextra -Wundef -DCOMPILER_SUPPORT_Wcastalign -Werror    CMakeFiles/cmTryCompileExec4184429346.dir/src.cxx.o  -o cmTryCompileExec4184429346 -rdynamic 
make[4]: Leaving directory `/home/s/segureta/Documents/M2-S1/Outils_info/Tp2.build/Eigen-prefix/src/Eigen-build/CMakeFiles/CMakeTmp'
make[3]: Leaving directory `/home/s/segureta/Documents/M2-S1/Outils_info/Tp2.build/Eigen-prefix/src/Eigen-build/CMakeFiles/CMakeTmp'

Source file was:
int main() { return 0;}
Performing C++ SOURCE FILE Test COMPILER_SUPPORT_Wcharsubscripts succeded with the following output:
Change Dir: /home/s/segureta/Documents/M2-S1/Outils_info/Tp2.build/Eigen-prefix/src/Eigen-build/CMakeFiles/CMakeTmp

Run Build Command:/usr/bin/make "cmTryCompileExec3973581738/fast"
make[3]: Entering directory `/home/s/segureta/Documents/M2-S1/Outils_info/Tp2.build/Eigen-prefix/src/Eigen-build/CMakeFiles/CMakeTmp'
/usr/bin/make -f CMakeFiles/cmTryCompileExec3973581738.dir/build.make CMakeFiles/cmTryCompileExec3973581738.dir/build
make[4]: Entering directory `/home/s/segureta/Documents/M2-S1/Outils_info/Tp2.build/Eigen-prefix/src/Eigen-build/CMakeFiles/CMakeTmp'
/usr/bin/cmake -E cmake_progress_report /home/s/segureta/Documents/M2-S1/Outils_info/Tp2.build/Eigen-prefix/src/Eigen-build/CMakeFiles/CMakeTmp/CMakeFiles 1
Building CXX object CMakeFiles/cmTryCompileExec3973581738.dir/src.cxx.o
/usr/bin/c++    -fexceptions -pedantic -Wall -Wextra -Wundef -Wcast-align -DCOMPILER_SUPPORT_Wcharsubscripts -Werror   -Wchar-subscripts -o CMakeFiles/cmTryCompileExec3973581738.dir/src.cxx.o -c /home/s/segureta/Documents/M2-S1/Outils_info/Tp2.build/Eigen-prefix/src/Eigen-build/CMakeFiles/CMakeTmp/src.cxx
Linking CXX executable cmTryCompileExec3973581738
/usr/bin/cmake -E cmake_link_script CMakeFiles/cmTryCompileExec3973581738.dir/link.txt --verbose=1
/usr/bin/c++    -fexceptions -pedantic -Wall -Wextra -Wundef -Wcast-align -DCOMPILER_SUPPORT_Wcharsubscripts -Werror    CMakeFiles/cmTryCompileExec3973581738.dir/src.cxx.o  -o cmTryCompileExec3973581738 -rdynamic 
make[4]: Leaving directory `/home/s/segureta/Documents/M2-S1/Outils_info/Tp2.build/Eigen-prefix/src/Eigen-build/CMakeFiles/CMakeTmp'
make[3]: Leaving directory `/home/s/segureta/Documents/M2-S1/Outils_info/Tp2.build/Eigen-prefix/src/Eigen-build/CMakeFiles/CMakeTmp'

Source file was:
int main() { return 0;}
Performing C++ SOURCE FILE Test COMPILER_SUPPORT_Wnonvirtualdtor succeded with the following output:
Change Dir: /home/s/segureta/Documents/M2-S1/Outils_info/Tp2.build/Eigen-prefix/src/Eigen-build/CMakeFiles/CMakeTmp

Run Build Command:/usr/bin/make "cmTryCompileExec1253310188/fast"
make[3]: Entering directory `/home/s/segureta/Documents/M2-S1/Outils_info/Tp2.build/Eigen-prefix/src/Eigen-build/CMakeFiles/CMakeTmp'
/usr/bin/make -f CMakeFiles/cmTryCompileExec1253310188.dir/build.make CMakeFiles/cmTryCompileExec1253310188.dir/build
make[4]: Entering directory `/home/s/segureta/Documents/M2-S1/Outils_info/Tp2.build/Eigen-prefix/src/Eigen-build/CMakeFiles/CMakeTmp'
/usr/bin/cmake -E cmake_progress_report /home/s/segureta/Documents/M2-S1/Outils_info/Tp2.build/Eigen-prefix/src/Eigen-build/CMakeFiles/CMakeTmp/CMakeFiles 1
Building CXX object CMakeFiles/cmTryCompileExec1253310188.dir/src.cxx.o
/usr/bin/c++    -fexceptions -pedantic -Wall -Wextra -Wundef -Wcast-align -Wchar-subscripts -DCOMPILER_SUPPORT_Wnonvirtualdtor -Werror   -Wnon-virtual-dtor -o CMakeFiles/cmTryCompileExec1253310188.dir/src.cxx.o -c /home/s/segureta/Documents/M2-S1/Outils_info/Tp2.build/Eigen-prefix/src/Eigen-build/CMakeFiles/CMakeTmp/src.cxx
Linking CXX executable cmTryCompileExec1253310188
/usr/bin/cmake -E cmake_link_script CMakeFiles/cmTryCompileExec1253310188.dir/link.txt --verbose=1
/usr/bin/c++    -fexceptions -pedantic -Wall -Wextra -Wundef -Wcast-align -Wchar-subscripts -DCOMPILER_SUPPORT_Wnonvirtualdtor -Werror    CMakeFiles/cmTryCompileExec1253310188.dir/src.cxx.o  -o cmTryCompileExec1253310188 -rdynamic 
make[4]: Leaving directory `/home/s/segureta/Documents/M2-S1/Outils_info/Tp2.build/Eigen-prefix/src/Eigen-build/CMakeFiles/CMakeTmp'
make[3]: Leaving directory `/home/s/segureta/Documents/M2-S1/Outils_info/Tp2.build/Eigen-prefix/src/Eigen-build/CMakeFiles/CMakeTmp'

Source file was:
int main() { return 0;}
Performing C++ SOURCE FILE Test COMPILER_SUPPORT_Wunusedlocaltypedefs succeded with the following output:
Change Dir: /home/s/segureta/Documents/M2-S1/Outils_info/Tp2.build/Eigen-prefix/src/Eigen-build/CMakeFiles/CMakeTmp

Run Build Command:/usr/bin/make "cmTryCompileExec951508201/fast"
make[3]: Entering directory `/home/s/segureta/Documents/M2-S1/Outils_info/Tp2.build/Eigen-prefix/src/Eigen-build/CMakeFiles/CMakeTmp'
/usr/bin/make -f CMakeFiles/cmTryCompileExec951508201.dir/build.make CMakeFiles/cmTryCompileExec951508201.dir/build
make[4]: Entering directory `/home/s/segureta/Documents/M2-S1/Outils_info/Tp2.build/Eigen-prefix/src/Eigen-build/CMakeFiles/CMakeTmp'
/usr/bin/cmake -E cmake_progress_report /home/s/segureta/Documents/M2-S1/Outils_info/Tp2.build/Eigen-prefix/src/Eigen-build/CMakeFiles/CMakeTmp/CMakeFiles 1
Building CXX object CMakeFiles/cmTryCompileExec951508201.dir/src.cxx.o
/usr/bin/c++    -fexceptions -pedantic -Wall -Wextra -Wundef -Wcast-align -Wchar-subscripts -Wnon-virtual-dtor -DCOMPILER_SUPPORT_Wunusedlocaltypedefs -Werror   -Wunused-local-typedefs -o CMakeFiles/cmTryCompileExec951508201.dir/src.cxx.o -c /home/s/segureta/Documents/M2-S1/Outils_info/Tp2.build/Eigen-prefix/src/Eigen-build/CMakeFiles/CMakeTmp/src.cxx
Linking CXX executable cmTryCompileExec951508201
/usr/bin/cmake -E cmake_link_script CMakeFiles/cmTryCompileExec951508201.dir/link.txt --verbose=1
/usr/bin/c++    -fexceptions -pedantic -Wall -Wextra -Wundef -Wcast-align -Wchar-subscripts -Wnon-virtual-dtor -DCOMPILER_SUPPORT_Wunusedlocaltypedefs -Werror    CMakeFiles/cmTryCompileExec951508201.dir/src.cxx.o  -o cmTryCompileExec951508201 -rdynamic 
make[4]: Leaving directory `/home/s/segureta/Documents/M2-S1/Outils_info/Tp2.build/Eigen-prefix/src/Eigen-build/CMakeFiles/CMakeTmp'
make[3]: Leaving directory `/home/s/segureta/Documents/M2-S1/Outils_info/Tp2.build/Eigen-prefix/src/Eigen-build/CMakeFiles/CMakeTmp'

Source file was:
int main() { return 0;}
Performing C++ SOURCE FILE Test COMPILER_SUPPORT_Wpointerarith succeded with the following output:
Change Dir: /home/s/segureta/Documents/M2-S1/Outils_info/Tp2.build/Eigen-prefix/src/Eigen-build/CMakeFiles/CMakeTmp

Run Build Command:/usr/bin/make "cmTryCompileExec246315825/fast"
make[3]: Entering directory `/home/s/segureta/Documents/M2-S1/Outils_info/Tp2.build/Eigen-prefix/src/Eigen-build/CMakeFiles/CMakeTmp'
/usr/bin/make -f CMakeFiles/cmTryCompileExec246315825.dir/build.make CMakeFiles/cmTryCompileExec246315825.dir/build
make[4]: Entering directory `/home/s/segureta/Documents/M2-S1/Outils_info/Tp2.build/Eigen-prefix/src/Eigen-build/CMakeFiles/CMakeTmp'
/usr/bin/cmake -E cmake_progress_report /home/s/segureta/Documents/M2-S1/Outils_info/Tp2.build/Eigen-prefix/src/Eigen-build/CMakeFiles/CMakeTmp/CMakeFiles 1
Building CXX object CMakeFiles/cmTryCompileExec246315825.dir/src.cxx.o
/usr/bin/c++    -fexceptions -pedantic -Wall -Wextra -Wundef -Wcast-align -Wchar-subscripts -Wnon-virtual-dtor -Wunused-local-typedefs -DCOMPILER_SUPPORT_Wpointerarith -Werror   -Wpointer-arith -o CMakeFiles/cmTryCompileExec246315825.dir/src.cxx.o -c /home/s/segureta/Documents/M2-S1/Outils_info/Tp2.build/Eigen-prefix/src/Eigen-build/CMakeFiles/CMakeTmp/src.cxx
Linking CXX executable cmTryCompileExec246315825
/usr/bin/cmake -E cmake_link_script CMakeFiles/cmTryCompileExec246315825.dir/link.txt --verbose=1
/usr/bin/c++    -fexceptions -pedantic -Wall -Wextra -Wundef -Wcast-align -Wchar-subscripts -Wnon-virtual-dtor -Wunused-local-typedefs -DCOMPILER_SUPPORT_Wpointerarith -Werror    CMakeFiles/cmTryCompileExec246315825.dir/src.cxx.o  -o cmTryCompileExec246315825 -rdynamic 
make[4]: Leaving directory `/home/s/segureta/Documents/M2-S1/Outils_info/Tp2.build/Eigen-prefix/src/Eigen-build/CMakeFiles/CMakeTmp'
make[3]: Leaving directory `/home/s/segureta/Documents/M2-S1/Outils_info/Tp2.build/Eigen-prefix/src/Eigen-build/CMakeFiles/CMakeTmp'

Source file was:
int main() { return 0;}
Performing C++ SOURCE FILE Test COMPILER_SUPPORT_Wwritestrings succeded with the following output:
Change Dir: /home/s/segureta/Documents/M2-S1/Outils_info/Tp2.build/Eigen-prefix/src/Eigen-build/CMakeFiles/CMakeTmp

Run Build Command:/usr/bin/make "cmTryCompileExec3324739968/fast"
make[3]: Entering directory `/home/s/segureta/Documents/M2-S1/Outils_info/Tp2.build/Eigen-prefix/src/Eigen-build/CMakeFiles/CMakeTmp'
/usr/bin/make -f CMakeFiles/cmTryCompileExec3324739968.dir/build.make CMakeFiles/cmTryCompileExec3324739968.dir/build
make[4]: Entering directory `/home/s/segureta/Documents/M2-S1/Outils_info/Tp2.build/Eigen-prefix/src/Eigen-build/CMakeFiles/CMakeTmp'
/usr/bin/cmake -E cmake_progress_report /home/s/segureta/Documents/M2-S1/Outils_info/Tp2.build/Eigen-prefix/src/Eigen-build/CMakeFiles/CMakeTmp/CMakeFiles 1
Building CXX object CMakeFiles/cmTryCompileExec3324739968.dir/src.cxx.o
/usr/bin/c++    -fexceptions -pedantic -Wall -Wextra -Wundef -Wcast-align -Wchar-subscripts -Wnon-virtual-dtor -Wunused-local-typedefs -Wpointer-arith -DCOMPILER_SUPPORT_Wwritestrings -Werror   -Wwrite-strings -o CMakeFiles/cmTryCompileExec3324739968.dir/src.cxx.o -c /home/s/segureta/Documents/M2-S1/Outils_info/Tp2.build/Eigen-prefix/src/Eigen-build/CMakeFiles/CMakeTmp/src.cxx
Linking CXX executable cmTryCompileExec3324739968
/usr/bin/cmake -E cmake_link_script CMakeFiles/cmTryCompileExec3324739968.dir/link.txt --verbose=1
/usr/bin/c++    -fexceptions -pedantic -Wall -Wextra -Wundef -Wcast-align -Wchar-subscripts -Wnon-virtual-dtor -Wunused-local-typedefs -Wpointer-arith -DCOMPILER_SUPPORT_Wwritestrings -Werror    CMakeFiles/cmTryCompileExec3324739968.dir/src.cxx.o  -o cmTryCompileExec3324739968 -rdynamic 
make[4]: Leaving directory `/home/s/segureta/Documents/M2-S1/Outils_info/Tp2.build/Eigen-prefix/src/Eigen-build/CMakeFiles/CMakeTmp'
make[3]: Leaving directory `/home/s/segureta/Documents/M2-S1/Outils_info/Tp2.build/Eigen-prefix/src/Eigen-build/CMakeFiles/CMakeTmp'

Source file was:
int main() { return 0;}
Performing C++ SOURCE FILE Test COMPILER_SUPPORT_Wformatsecurity succeded with the following output:
Change Dir: /home/s/segureta/Documents/M2-S1/Outils_info/Tp2.build/Eigen-prefix/src/Eigen-build/CMakeFiles/CMakeTmp

Run Build Command:/usr/bin/make "cmTryCompileExec3290314690/fast"
make[3]: Entering directory `/home/s/segureta/Documents/M2-S1/Outils_info/Tp2.build/Eigen-prefix/src/Eigen-build/CMakeFiles/CMakeTmp'
/usr/bin/make -f CMakeFiles/cmTryCompileExec3290314690.dir/build.make CMakeFiles/cmTryCompileExec3290314690.dir/build
make[4]: Entering directory `/home/s/segureta/Documents/M2-S1/Outils_info/Tp2.build/Eigen-prefix/src/Eigen-build/CMakeFiles/CMakeTmp'
/usr/bin/cmake -E cmake_progress_report /home/s/segureta/Documents/M2-S1/Outils_info/Tp2.build/Eigen-prefix/src/Eigen-build/CMakeFiles/CMakeTmp/CMakeFiles 1
Building CXX object CMakeFiles/cmTryCompileExec3290314690.dir/src.cxx.o
/usr/bin/c++    -fexceptions -pedantic -Wall -Wextra -Wundef -Wcast-align -Wchar-subscripts -Wnon-virtual-dtor -Wunused-local-typedefs -Wpointer-arith -Wwrite-strings -DCOMPILER_SUPPORT_Wformatsecurity -Werror   -Wformat-security -o CMakeFiles/cmTryCompileExec3290314690.dir/src.cxx.o -c /home/s/segureta/Documents/M2-S1/Outils_info/Tp2.build/Eigen-prefix/src/Eigen-build/CMakeFiles/CMakeTmp/src.cxx
Linking CXX executable cmTryCompileExec3290314690
/usr/bin/cmake -E cmake_link_script CMakeFiles/cmTryCompileExec3290314690.dir/link.txt --verbose=1
/usr/bin/c++    -fexceptions -pedantic -Wall -Wextra -Wundef -Wcast-align -Wchar-subscripts -Wnon-virtual-dtor -Wunused-local-typedefs -Wpointer-arith -Wwrite-strings -DCOMPILER_SUPPORT_Wformatsecurity -Werror    CMakeFiles/cmTryCompileExec3290314690.dir/src.cxx.o  -o cmTryCompileExec3290314690 -rdynamic 
make[4]: Leaving directory `/home/s/segureta/Documents/M2-S1/Outils_info/Tp2.build/Eigen-prefix/src/Eigen-build/CMakeFiles/CMakeTmp'
make[3]: Leaving directory `/home/s/segureta/Documents/M2-S1/Outils_info/Tp2.build/Eigen-prefix/src/Eigen-build/CMakeFiles/CMakeTmp'

Source file was:
int main() { return 0;}
Performing C++ SOURCE FILE Test COMPILER_SUPPORT_Wnopsabi succeded with the following output:
Change Dir: /home/s/segureta/Documents/M2-S1/Outils_info/Tp2.build/Eigen-prefix/src/Eigen-build/CMakeFiles/CMakeTmp

Run Build Command:/usr/bin/make "cmTryCompileExec3903400175/fast"
make[3]: Entering directory `/home/s/segureta/Documents/M2-S1/Outils_info/Tp2.build/Eigen-prefix/src/Eigen-build/CMakeFiles/CMakeTmp'
/usr/bin/make -f CMakeFiles/cmTryCompileExec3903400175.dir/build.make CMakeFiles/cmTryCompileExec3903400175.dir/build
make[4]: Entering directory `/home/s/segureta/Documents/M2-S1/Outils_info/Tp2.build/Eigen-prefix/src/Eigen-build/CMakeFiles/CMakeTmp'
/usr/bin/cmake -E cmake_progress_report /home/s/segureta/Documents/M2-S1/Outils_info/Tp2.build/Eigen-prefix/src/Eigen-build/CMakeFiles/CMakeTmp/CMakeFiles 1
Building CXX object CMakeFiles/cmTryCompileExec3903400175.dir/src.cxx.o
/usr/bin/c++    -fexceptions -pedantic -Wall -Wextra -Wundef -Wcast-align -Wchar-subscripts -Wnon-virtual-dtor -Wunused-local-typedefs -Wpointer-arith -Wwrite-strings -Wformat-security -DCOMPILER_SUPPORT_Wnopsabi -Werror   -Wno-psabi -o CMakeFiles/cmTryCompileExec3903400175.dir/src.cxx.o -c /home/s/segureta/Documents/M2-S1/Outils_info/Tp2.build/Eigen-prefix/src/Eigen-build/CMakeFiles/CMakeTmp/src.cxx
Linking CXX executable cmTryCompileExec3903400175
/usr/bin/cmake -E cmake_link_script CMakeFiles/cmTryCompileExec3903400175.dir/link.txt --verbose=1
/usr/bin/c++    -fexceptions -pedantic -Wall -Wextra -Wundef -Wcast-align -Wchar-subscripts -Wnon-virtual-dtor -Wunused-local-typedefs -Wpointer-arith -Wwrite-strings -Wformat-security -DCOMPILER_SUPPORT_Wnopsabi -Werror    CMakeFiles/cmTryCompileExec3903400175.dir/src.cxx.o  -o cmTryCompileExec3903400175 -rdynamic 
make[4]: Leaving directory `/home/s/segureta/Documents/M2-S1/Outils_info/Tp2.build/Eigen-prefix/src/Eigen-build/CMakeFiles/CMakeTmp'
make[3]: Leaving directory `/home/s/segureta/Documents/M2-S1/Outils_info/Tp2.build/Eigen-prefix/src/Eigen-build/CMakeFiles/CMakeTmp'

Source file was:
int main() { return 0;}
Performing C++ SOURCE FILE Test COMPILER_SUPPORT_Wnovariadicmacros succeded with the following output:
Change Dir: /home/s/segureta/Documents/M2-S1/Outils_info/Tp2.build/Eigen-prefix/src/Eigen-build/CMakeFiles/CMakeTmp

Run Build Command:/usr/bin/make "cmTryCompileExec1124897188/fast"
make[3]: Entering directory `/home/s/segureta/Documents/M2-S1/Outils_info/Tp2.build/Eigen-prefix/src/Eigen-build/CMakeFiles/CMakeTmp'
/usr/bin/make -f CMakeFiles/cmTryCompileExec1124897188.dir/build.make CMakeFiles/cmTryCompileExec1124897188.dir/build
make[4]: Entering directory `/home/s/segureta/Documents/M2-S1/Outils_info/Tp2.build/Eigen-prefix/src/Eigen-build/CMakeFiles/CMakeTmp'
/usr/bin/cmake -E cmake_progress_report /home/s/segureta/Documents/M2-S1/Outils_info/Tp2.build/Eigen-prefix/src/Eigen-build/CMakeFiles/CMakeTmp/CMakeFiles 1
Building CXX object CMakeFiles/cmTryCompileExec1124897188.dir/src.cxx.o
/usr/bin/c++    -fexceptions -pedantic -Wall -Wextra -Wundef -Wcast-align -Wchar-subscripts -Wnon-virtual-dtor -Wunused-local-typedefs -Wpointer-arith -Wwrite-strings -Wformat-security -Wno-psabi -DCOMPILER_SUPPORT_Wnovariadicmacros -Werror   -Wno-variadic-macros -o CMakeFiles/cmTryCompileExec1124897188.dir/src.cxx.o -c /home/s/segureta/Documents/M2-S1/Outils_info/Tp2.build/Eigen-prefix/src/Eigen-build/CMakeFiles/CMakeTmp/src.cxx
Linking CXX executable cmTryCompileExec1124897188
/usr/bin/cmake -E cmake_link_script CMakeFiles/cmTryCompileExec1124897188.dir/link.txt --verbose=1
/usr/bin/c++    -fexceptions -pedantic -Wall -Wextra -Wundef -Wcast-align -Wchar-subscripts -Wnon-virtual-dtor -Wunused-local-typedefs -Wpointer-arith -Wwrite-strings -Wformat-security -Wno-psabi -DCOMPILER_SUPPORT_Wnovariadicmacros -Werror    CMakeFiles/cmTryCompileExec1124897188.dir/src.cxx.o  -o cmTryCompileExec1124897188 -rdynamic 
make[4]: Leaving directory `/home/s/segureta/Documents/M2-S1/Outils_info/Tp2.build/Eigen-prefix/src/Eigen-build/CMakeFiles/CMakeTmp'
make[3]: Leaving directory `/home/s/segureta/Documents/M2-S1/Outils_info/Tp2.build/Eigen-prefix/src/Eigen-build/CMakeFiles/CMakeTmp'

Source file was:
int main() { return 0;}
Performing C++ SOURCE FILE Test COMPILER_SUPPORT_Wnolonglong succeded with the following output:
Change Dir: /home/s/segureta/Documents/M2-S1/Outils_info/Tp2.build/Eigen-prefix/src/Eigen-build/CMakeFiles/CMakeTmp

Run Build Command:/usr/bin/make "cmTryCompileExec1958621014/fast"
make[3]: Entering directory `/home/s/segureta/Documents/M2-S1/Outils_info/Tp2.build/Eigen-prefix/src/Eigen-build/CMakeFiles/CMakeTmp'
/usr/bin/make -f CMakeFiles/cmTryCompileExec1958621014.dir/build.make CMakeFiles/cmTryCompileExec1958621014.dir/build
make[4]: Entering directory `/home/s/segureta/Documents/M2-S1/Outils_info/Tp2.build/Eigen-prefix/src/Eigen-build/CMakeFiles/CMakeTmp'
/usr/bin/cmake -E cmake_progress_report /home/s/segureta/Documents/M2-S1/Outils_info/Tp2.build/Eigen-prefix/src/Eigen-build/CMakeFiles/CMakeTmp/CMakeFiles 1
Building CXX object CMakeFiles/cmTryCompileExec1958621014.dir/src.cxx.o
/usr/bin/c++    -fexceptions -pedantic -Wall -Wextra -Wundef -Wcast-align -Wchar-subscripts -Wnon-virtual-dtor -Wunused-local-typedefs -Wpointer-arith -Wwrite-strings -Wformat-security -Wno-psabi -Wno-variadic-macros -DCOMPILER_SUPPORT_Wnolonglong -Werror   -Wno-long-long -o CMakeFiles/cmTryCompileExec1958621014.dir/src.cxx.o -c /home/s/segureta/Documents/M2-S1/Outils_info/Tp2.build/Eigen-prefix/src/Eigen-build/CMakeFiles/CMakeTmp/src.cxx
Linking CXX executable cmTryCompileExec1958621014
/usr/bin/cmake -E cmake_link_script CMakeFiles/cmTryCompileExec1958621014.dir/link.txt --verbose=1
/usr/bin/c++    -fexceptions -pedantic -Wall -Wextra -Wundef -Wcast-align -Wchar-subscripts -Wnon-virtual-dtor -Wunused-local-typedefs -Wpointer-arith -Wwrite-strings -Wformat-security -Wno-psabi -Wno-variadic-macros -DCOMPILER_SUPPORT_Wnolonglong -Werror    CMakeFiles/cmTryCompileExec1958621014.dir/src.cxx.o  -o cmTryCompileExec1958621014 -rdynamic 
make[4]: Leaving directory `/home/s/segureta/Documents/M2-S1/Outils_info/Tp2.build/Eigen-prefix/src/Eigen-build/CMakeFiles/CMakeTmp'
make[3]: Leaving directory `/home/s/segureta/Documents/M2-S1/Outils_info/Tp2.build/Eigen-prefix/src/Eigen-build/CMakeFiles/CMakeTmp'

Source file was:
int main() { return 0;}
Performing C++ SOURCE FILE Test COMPILER_SUPPORT_fnochecknew succeded with the following output:
Change Dir: /home/s/segureta/Documents/M2-S1/Outils_info/Tp2.build/Eigen-prefix/src/Eigen-build/CMakeFiles/CMakeTmp

Run Build Command:/usr/bin/make "cmTryCompileExec1425423835/fast"
make[3]: Entering directory `/home/s/segureta/Documents/M2-S1/Outils_info/Tp2.build/Eigen-prefix/src/Eigen-build/CMakeFiles/CMakeTmp'
/usr/bin/make -f CMakeFiles/cmTryCompileExec1425423835.dir/build.make CMakeFiles/cmTryCompileExec1425423835.dir/build
make[4]: Entering directory `/home/s/segureta/Documents/M2-S1/Outils_info/Tp2.build/Eigen-prefix/src/Eigen-build/CMakeFiles/CMakeTmp'
/usr/bin/cmake -E cmake_progress_report /home/s/segureta/Documents/M2-S1/Outils_info/Tp2.build/Eigen-prefix/src/Eigen-build/CMakeFiles/CMakeTmp/CMakeFiles 1
Building CXX object CMakeFiles/cmTryCompileExec1425423835.dir/src.cxx.o
/usr/bin/c++    -fexceptions -pedantic -Wall -Wextra -Wundef -Wcast-align -Wchar-subscripts -Wnon-virtual-dtor -Wunused-local-typedefs -Wpointer-arith -Wwrite-strings -Wformat-security -Wno-psabi -Wno-variadic-macros -Wno-long-long -DCOMPILER_SUPPORT_fnochecknew -Werror   -fno-check-new -o CMakeFiles/cmTryCompileExec1425423835.dir/src.cxx.o -c /home/s/segureta/Documents/M2-S1/Outils_info/Tp2.build/Eigen-prefix/src/Eigen-build/CMakeFiles/CMakeTmp/src.cxx
Linking CXX executable cmTryCompileExec1425423835
/usr/bin/cmake -E cmake_link_script CMakeFiles/cmTryCompileExec1425423835.dir/link.txt --verbose=1
/usr/bin/c++    -fexceptions -pedantic -Wall -Wextra -Wundef -Wcast-align -Wchar-subscripts -Wnon-virtual-dtor -Wunused-local-typedefs -Wpointer-arith -Wwrite-strings -Wformat-security -Wno-psabi -Wno-variadic-macros -Wno-long-long -DCOMPILER_SUPPORT_fnochecknew -Werror    CMakeFiles/cmTryCompileExec1425423835.dir/src.cxx.o  -o cmTryCompileExec1425423835 -rdynamic 
make[4]: Leaving directory `/home/s/segureta/Documents/M2-S1/Outils_info/Tp2.build/Eigen-prefix/src/Eigen-build/CMakeFiles/CMakeTmp'
make[3]: Leaving directory `/home/s/segureta/Documents/M2-S1/Outils_info/Tp2.build/Eigen-prefix/src/Eigen-build/CMakeFiles/CMakeTmp'

Source file was:
int main() { return 0;}
Performing C++ SOURCE FILE Test COMPILER_SUPPORT_fnocommon succeded with the following output:
Change Dir: /home/s/segureta/Documents/M2-S1/Outils_info/Tp2.build/Eigen-prefix/src/Eigen-build/CMakeFiles/CMakeTmp

Run Build Command:/usr/bin/make "cmTryCompileExec4250400310/fast"
make[3]: Entering directory `/home/s/segureta/Documents/M2-S1/Outils_info/Tp2.build/Eigen-prefix/src/Eigen-build/CMakeFiles/CMakeTmp'
/usr/bin/make -f CMakeFiles/cmTryCompileExec4250400310.dir/build.make CMakeFiles/cmTryCompileExec4250400310.dir/build
make[4]: Entering directory `/home/s/segureta/Documents/M2-S1/Outils_info/Tp2.build/Eigen-prefix/src/Eigen-build/CMakeFiles/CMakeTmp'
/usr/bin/cmake -E cmake_progress_report /home/s/segureta/Documents/M2-S1/Outils_info/Tp2.build/Eigen-prefix/src/Eigen-build/CMakeFiles/CMakeTmp/CMakeFiles 1
Building CXX object CMakeFiles/cmTryCompileExec4250400310.dir/src.cxx.o
/usr/bin/c++    -fexceptions -pedantic -Wall -Wextra -Wundef -Wcast-align -Wchar-subscripts -Wnon-virtual-dtor -Wunused-local-typedefs -Wpointer-arith -Wwrite-strings -Wformat-security -Wno-psabi -Wno-variadic-macros -Wno-long-long -fno-check-new -DCOMPILER_SUPPORT_fnocommon -Werror   -fno-common -o CMakeFiles/cmTryCompileExec4250400310.dir/src.cxx.o -c /home/s/segureta/Documents/M2-S1/Outils_info/Tp2.build/Eigen-prefix/src/Eigen-build/CMakeFiles/CMakeTmp/src.cxx
Linking CXX executable cmTryCompileExec4250400310
/usr/bin/cmake -E cmake_link_script CMakeFiles/cmTryCompileExec4250400310.dir/link.txt --verbose=1
/usr/bin/c++    -fexceptions -pedantic -Wall -Wextra -Wundef -Wcast-align -Wchar-subscripts -Wnon-virtual-dtor -Wunused-local-typedefs -Wpointer-arith -Wwrite-strings -Wformat-security -Wno-psabi -Wno-variadic-macros -Wno-long-long -fno-check-new -DCOMPILER_SUPPORT_fnocommon -Werror    CMakeFiles/cmTryCompileExec4250400310.dir/src.cxx.o  -o cmTryCompileExec4250400310 -rdynamic 
make[4]: Leaving directory `/home/s/segureta/Documents/M2-S1/Outils_info/Tp2.build/Eigen-prefix/src/Eigen-build/CMakeFiles/CMakeTmp'
make[3]: Leaving directory `/home/s/segureta/Documents/M2-S1/Outils_info/Tp2.build/Eigen-prefix/src/Eigen-build/CMakeFiles/CMakeTmp'

Source file was:
int main() { return 0;}
Performing C++ SOURCE FILE Test COMPILER_SUPPORT_fstrictaliasing succeded with the following output:
Change Dir: /home/s/segureta/Documents/M2-S1/Outils_info/Tp2.build/Eigen-prefix/src/Eigen-build/CMakeFiles/CMakeTmp

Run Build Command:/usr/bin/make "cmTryCompileExec3311386581/fast"
make[3]: Entering directory `/home/s/segureta/Documents/M2-S1/Outils_info/Tp2.build/Eigen-prefix/src/Eigen-build/CMakeFiles/CMakeTmp'
/usr/bin/make -f CMakeFiles/cmTryCompileExec3311386581.dir/build.make CMakeFiles/cmTryCompileExec3311386581.dir/build
make[4]: Entering directory `/home/s/segureta/Documents/M2-S1/Outils_info/Tp2.build/Eigen-prefix/src/Eigen-build/CMakeFiles/CMakeTmp'
/usr/bin/cmake -E cmake_progress_report /home/s/segureta/Documents/M2-S1/Outils_info/Tp2.build/Eigen-prefix/src/Eigen-build/CMakeFiles/CMakeTmp/CMakeFiles 1
Building CXX object CMakeFiles/cmTryCompileExec3311386581.dir/src.cxx.o
/usr/bin/c++    -fexceptions -pedantic -Wall -Wextra -Wundef -Wcast-align -Wchar-subscripts -Wnon-virtual-dtor -Wunused-local-typedefs -Wpointer-arith -Wwrite-strings -Wformat-security -Wno-psabi -Wno-variadic-macros -Wno-long-long -fno-check-new -fno-common -DCOMPILER_SUPPORT_fstrictaliasing -Werror   -fstrict-aliasing -o CMakeFiles/cmTryCompileExec3311386581.dir/src.cxx.o -c /home/s/segureta/Documents/M2-S1/Outils_info/Tp2.build/Eigen-prefix/src/Eigen-build/CMakeFiles/CMakeTmp/src.cxx
Linking CXX executable cmTryCompileExec3311386581
/usr/bin/cmake -E cmake_link_script CMakeFiles/cmTryCompileExec3311386581.dir/link.txt --verbose=1
/usr/bin/c++    -fexceptions -pedantic -Wall -Wextra -Wundef -Wcast-align -Wchar-subscripts -Wnon-virtual-dtor -Wunused-local-typedefs -Wpointer-arith -Wwrite-strings -Wformat-security -Wno-psabi -Wno-variadic-macros -Wno-long-long -fno-check-new -fno-common -DCOMPILER_SUPPORT_fstrictaliasing -Werror    CMakeFiles/cmTryCompileExec3311386581.dir/src.cxx.o  -o cmTryCompileExec3311386581 -rdynamic 
make[4]: Leaving directory `/home/s/segureta/Documents/M2-S1/Outils_info/Tp2.build/Eigen-prefix/src/Eigen-build/CMakeFiles/CMakeTmp'
make[3]: Leaving directory `/home/s/segureta/Documents/M2-S1/Outils_info/Tp2.build/Eigen-prefix/src/Eigen-build/CMakeFiles/CMakeTmp'

Source file was:
int main() { return 0;}
Performing C++ SOURCE FILE Test COMPILER_SUPPORT_ansi succeded with the following output:
Change Dir: /home/s/segureta/Documents/M2-S1/Outils_info/Tp2.build/Eigen-prefix/src/Eigen-build/CMakeFiles/CMakeTmp

Run Build Command:/usr/bin/make "cmTryCompileExec4293073109/fast"
make[3]: Entering directory `/home/s/segureta/Documents/M2-S1/Outils_info/Tp2.build/Eigen-prefix/src/Eigen-build/CMakeFiles/CMakeTmp'
/usr/bin/make -f CMakeFiles/cmTryCompileExec4293073109.dir/build.make CMakeFiles/cmTryCompileExec4293073109.dir/build
make[4]: Entering directory `/home/s/segureta/Documents/M2-S1/Outils_info/Tp2.build/Eigen-prefix/src/Eigen-build/CMakeFiles/CMakeTmp'
/usr/bin/cmake -E cmake_progress_report /home/s/segureta/Documents/M2-S1/Outils_info/Tp2.build/Eigen-prefix/src/Eigen-build/CMakeFiles/CMakeTmp/CMakeFiles 1
Building CXX object CMakeFiles/cmTryCompileExec4293073109.dir/src.cxx.o
/usr/bin/c++    -fexceptions -pedantic -Wall -Wextra -Wundef -Wcast-align -Wchar-subscripts -Wnon-virtual-dtor -Wunused-local-typedefs -Wpointer-arith -Wwrite-strings -Wformat-security -Wno-psabi -Wno-variadic-macros -Wno-long-long -fno-check-new -fno-common -fstrict-aliasing -DCOMPILER_SUPPORT_ansi -Werror   -ansi -o CMakeFiles/cmTryCompileExec4293073109.dir/src.cxx.o -c /home/s/segureta/Documents/M2-S1/Outils_info/Tp2.build/Eigen-prefix/src/Eigen-build/CMakeFiles/CMakeTmp/src.cxx
Linking CXX executable cmTryCompileExec4293073109
/usr/bin/cmake -E cmake_link_script CMakeFiles/cmTryCompileExec4293073109.dir/link.txt --verbose=1
/usr/bin/c++    -fexceptions -pedantic -Wall -Wextra -Wundef -Wcast-align -Wchar-subscripts -Wnon-virtual-dtor -Wunused-local-typedefs -Wpointer-arith -Wwrite-strings -Wformat-security -Wno-psabi -Wno-variadic-macros -Wno-long-long -fno-check-new -fno-common -fstrict-aliasing -DCOMPILER_SUPPORT_ansi -Werror    CMakeFiles/cmTryCompileExec4293073109.dir/src.cxx.o  -o cmTryCompileExec4293073109 -rdynamic 
make[4]: Leaving directory `/home/s/segureta/Documents/M2-S1/Outils_info/Tp2.build/Eigen-prefix/src/Eigen-build/CMakeFiles/CMakeTmp'
make[3]: Leaving directory `/home/s/segureta/Documents/M2-S1/Outils_info/Tp2.build/Eigen-prefix/src/Eigen-build/CMakeFiles/CMakeTmp'

Source file was:
int main() { return 0;}
Performing C++ SOURCE FILE Test COMPILER_SUPPORT_OPENMP succeded with the following output:
Change Dir: /home/s/segureta/Documents/M2-S1/Outils_info/Tp2.build/Eigen-prefix/src/Eigen-build/CMakeFiles/CMakeTmp

Run Build Command:/usr/bin/make "cmTryCompileExec3454238786/fast"
make[3]: Entering directory `/home/s/segureta/Documents/M2-S1/Outils_info/Tp2.build/Eigen-prefix/src/Eigen-build/CMakeFiles/CMakeTmp'
/usr/bin/make -f CMakeFiles/cmTryCompileExec3454238786.dir/build.make CMakeFiles/cmTryCompileExec3454238786.dir/build
make[4]: Entering directory `/home/s/segureta/Documents/M2-S1/Outils_info/Tp2.build/Eigen-prefix/src/Eigen-build/CMakeFiles/CMakeTmp'
/usr/bin/cmake -E cmake_progress_report /home/s/segureta/Documents/M2-S1/Outils_info/Tp2.build/Eigen-prefix/src/Eigen-build/CMakeFiles/CMakeTmp/CMakeFiles 1
Building CXX object CMakeFiles/cmTryCompileExec3454238786.dir/src.cxx.o
/usr/bin/c++    -fexceptions -pedantic -Wall -Wextra -Wundef -Wcast-align -Wchar-subscripts -Wnon-virtual-dtor -Wunused-local-typedefs -Wpointer-arith -Wwrite-strings -Wformat-security -Wno-psabi -Wno-variadic-macros -Wno-long-long -fno-check-new -fno-common -fstrict-aliasing -ansi -DCOMPILER_SUPPORT_OPENMP   -fopenmp -o CMakeFiles/cmTryCompileExec3454238786.dir/src.cxx.o -c /home/s/segureta/Documents/M2-S1/Outils_info/Tp2.build/Eigen-prefix/src/Eigen-build/CMakeFiles/CMakeTmp/src.cxx
Linking CXX executable cmTryCompileExec3454238786
/usr/bin/cmake -E cmake_link_script CMakeFiles/cmTryCompileExec3454238786.dir/link.txt --verbose=1
/usr/bin/c++    -fexceptions -pedantic -Wall -Wextra -Wundef -Wcast-align -Wchar-subscripts -Wnon-virtual-dtor -Wunused-local-typedefs -Wpointer-arith -Wwrite-strings -Wformat-security -Wno-psabi -Wno-variadic-macros -Wno-long-long -fno-check-new -fno-common -fstrict-aliasing -ansi -DCOMPILER_SUPPORT_OPENMP    CMakeFiles/cmTryCompileExec3454238786.dir/src.cxx.o  -o cmTryCompileExec3454238786 -rdynamic 
make[4]: Leaving directory `/home/s/segureta/Documents/M2-S1/Outils_info/Tp2.build/Eigen-prefix/src/Eigen-build/CMakeFiles/CMakeTmp'
make[3]: Leaving directory `/home/s/segureta/Documents/M2-S1/Outils_info/Tp2.build/Eigen-prefix/src/Eigen-build/CMakeFiles/CMakeTmp'

Source file was:
int main() { return 0;}
Determining if the Q_WS_X11 exist passed with the following output:
Change Dir: /home/s/segureta/Documents/M2-S1/Outils_info/Tp2.build/Eigen-prefix/src/Eigen-build/CMakeFiles/CMakeTmp

Run Build Command:/usr/bin/make "cmTryCompileExec1693082303/fast"
make[3]: entrant dans le répertoire « /home/s/segureta/Documents/M2-S1/Outils_info/Tp2.build/Eigen-prefix/src/Eigen-build/CMakeFiles/CMakeTmp »
/usr/bin/make -f CMakeFiles/cmTryCompileExec1693082303.dir/build.make CMakeFiles/cmTryCompileExec1693082303.dir/build
make[4]: entrant dans le répertoire « /home/s/segureta/Documents/M2-S1/Outils_info/Tp2.build/Eigen-prefix/src/Eigen-build/CMakeFiles/CMakeTmp »
/usr/bin/cmake -E cmake_progress_report /home/s/segureta/Documents/M2-S1/Outils_info/Tp2.build/Eigen-prefix/src/Eigen-build/CMakeFiles/CMakeTmp/CMakeFiles 1
Building CXX object CMakeFiles/cmTryCompileExec1693082303.dir/CheckSymbolExists.cxx.o
/usr/bin/c++    -fexceptions -pedantic -Wall -Wextra -Wundef -Wcast-align -Wchar-subscripts -Wnon-virtual-dtor -Wunused-local-typedefs -Wpointer-arith -Wwrite-strings -Wformat-security -Wno-psabi -Wno-variadic-macros -Wno-long-long -fno-check-new -fno-common -fstrict-aliasing -ansi -O1 -g1  -I/usr/include/qt4    -o CMakeFiles/cmTryCompileExec1693082303.dir/CheckSymbolExists.cxx.o -c /home/s/segureta/Documents/M2-S1/Outils_info/Tp2.build/Eigen-prefix/src/Eigen-build/CMakeFiles/CMakeTmp/CheckSymbolExists.cxx
Linking CXX executable cmTryCompileExec1693082303
/usr/bin/cmake -E cmake_link_script CMakeFiles/cmTryCompileExec1693082303.dir/link.txt --verbose=1
/usr/bin/c++    -fexceptions -pedantic -Wall -Wextra -Wundef -Wcast-align -Wchar-subscripts -Wnon-virtual-dtor -Wunused-local-typedefs -Wpointer-arith -Wwrite-strings -Wformat-security -Wno-psabi -Wno-variadic-macros -Wno-long-long -fno-check-new -fno-common -fstrict-aliasing -ansi -O1 -g1     CMakeFiles/cmTryCompileExec1693082303.dir/CheckSymbolExists.cxx.o  -o cmTryCompileExec1693082303 -rdynamic 
make[4]: quittant le répertoire « /home/s/segureta/Documents/M2-S1/Outils_info/Tp2.build/Eigen-prefix/src/Eigen-build/CMakeFiles/CMakeTmp »
make[3]: quittant le répertoire « /home/s/segureta/Documents/M2-S1/Outils_info/Tp2.build/Eigen-prefix/src/Eigen-build/CMakeFiles/CMakeTmp »

File /home/s/segureta/Documents/M2-S1/Outils_info/Tp2.build/Eigen-prefix/src/Eigen-build/CMakeFiles/CMakeTmp/CheckSymbolExists.cxx:
/* */
#include <QtCore/qglobal.h>

int main(int argc, char** argv)
{
  (void)argv;
#ifndef Q_WS_X11
  return ((int*)(&Q_WS_X11))[argc];
#else
  (void)argc;
  return 0;
#endif
}

Compiling the Fortran compiler identification source file "CMakeFortranCompilerId.F" succeeded.
Compiler: /usr/bin/gfortran 
Build flags: 
Id flags: 

The output was:
0


Compilation of the Fortran compiler identification source "CMakeFortranCompilerId.F" produced "a.out"

The Fortran compiler identification is GNU, found in "/home/s/segureta/Documents/M2-S1/Outils_info/Tp2.build/Eigen-prefix/src/Eigen-build/CMakeFiles/2.8.12.2/CompilerIdFortran/a.out"

Determining if the Fortran compiler works passed with the following output:
Change Dir: /home/s/segureta/Documents/M2-S1/Outils_info/Tp2.build/Eigen-prefix/src/Eigen-build/CMakeFiles/CMakeTmp

Run Build Command:/usr/bin/make "cmTryCompileExec1478295449/fast"
make[3]: entrant dans le répertoire « /home/s/segureta/Documents/M2-S1/Outils_info/Tp2.build/Eigen-prefix/src/Eigen-build/CMakeFiles/CMakeTmp »
/usr/bin/make -f CMakeFiles/cmTryCompileExec1478295449.dir/build.make CMakeFiles/cmTryCompileExec1478295449.dir/build
make[4]: entrant dans le répertoire « /home/s/segureta/Documents/M2-S1/Outils_info/Tp2.build/Eigen-prefix/src/Eigen-build/CMakeFiles/CMakeTmp »
/usr/bin/cmake -E cmake_progress_report /home/s/segureta/Documents/M2-S1/Outils_info/Tp2.build/Eigen-prefix/src/Eigen-build/CMakeFiles/CMakeTmp/CMakeFiles 1
Building Fortran object CMakeFiles/cmTryCompileExec1478295449.dir/testFortranCompiler.f.o
/usr/bin/gfortran    -c /home/s/segureta/Documents/M2-S1/Outils_info/Tp2.build/Eigen-prefix/src/Eigen-build/CMakeFiles/CMakeTmp/testFortranCompiler.f -o CMakeFiles/cmTryCompileExec1478295449.dir/testFortranCompiler.f.o
Linking Fortran executable cmTryCompileExec1478295449
/usr/bin/cmake -E cmake_link_script CMakeFiles/cmTryCompileExec1478295449.dir/link.txt --verbose=1
/usr/bin/gfortran       CMakeFiles/cmTryCompileExec1478295449.dir/testFortranCompiler.f.o  -o cmTryCompileExec1478295449 -rdynamic 
make[4]: quittant le répertoire « /home/s/segureta/Documents/M2-S1/Outils_info/Tp2.build/Eigen-prefix/src/Eigen-build/CMakeFiles/CMakeTmp »
make[3]: quittant le répertoire « /home/s/segureta/Documents/M2-S1/Outils_info/Tp2.build/Eigen-prefix/src/Eigen-build/CMakeFiles/CMakeTmp »


Detecting Fortran compiler ABI info compiled with the following output:
Change Dir: /home/s/segureta/Documents/M2-S1/Outils_info/Tp2.build/Eigen-prefix/src/Eigen-build/CMakeFiles/CMakeTmp

Run Build Command:/usr/bin/make "cmTryCompileExec3216277260/fast"
make[3]: entrant dans le répertoire « /home/s/segureta/Documents/M2-S1/Outils_info/Tp2.build/Eigen-prefix/src/Eigen-build/CMakeFiles/CMakeTmp »
/usr/bin/make -f CMakeFiles/cmTryCompileExec3216277260.dir/build.make CMakeFiles/cmTryCompileExec3216277260.dir/build
make[4]: entrant dans le répertoire « /home/s/segureta/Documents/M2-S1/Outils_info/Tp2.build/Eigen-prefix/src/Eigen-build/CMakeFiles/CMakeTmp »
/usr/bin/cmake -E cmake_progress_report /home/s/segureta/Documents/M2-S1/Outils_info/Tp2.build/Eigen-prefix/src/Eigen-build/CMakeFiles/CMakeTmp/CMakeFiles 1
Building Fortran object CMakeFiles/cmTryCompileExec3216277260.dir/CMakeFortranCompilerABI.F.o
/usr/bin/gfortran    -c /usr/share/cmake-2.8/Modules/CMakeFortranCompilerABI.F -o CMakeFiles/cmTryCompileExec3216277260.dir/CMakeFortranCompilerABI.F.o
Linking Fortran executable cmTryCompileExec3216277260
/usr/bin/cmake -E cmake_link_script CMakeFiles/cmTryCompileExec3216277260.dir/link.txt --verbose=1
/usr/bin/gfortran   -v   CMakeFiles/cmTryCompileExec3216277260.dir/CMakeFortranCompilerABI.F.o  -o cmTryCompileExec3216277260 -rdynamic  
Driving: /usr/bin/gfortran -v CMakeFiles/cmTryCompileExec3216277260.dir/CMakeFortranCompilerABI.F.o -o cmTryCompileExec3216277260 -rdynamic -l gfortran -l m -shared-libgcc
Using built-in specs.
COLLECT_GCC=/usr/bin/gfortran
COLLECT_LTO_WRAPPER=/usr/lib/gcc/x86_64-linux-gnu/4.8/lto-wrapper
Target: x86_64-linux-gnu
Configured with: ../src/configure -v --with-pkgversion='Ubuntu 4.8.4-2ubuntu1~14.04' --with-bugurl=file:///usr/share/doc/gcc-4.8/README.Bugs --enable-languages=c,c++,java,go,d,fortran,objc,obj-c++ --prefix=/usr --program-suffix=-4.8 --enable-shared --enable-linker-build-id --libexecdir=/usr/lib --without-included-gettext --enable-threads=posix --with-gxx-include-dir=/usr/include/c++/4.8 --libdir=/usr/lib --enable-nls --with-sysroot=/ --enable-clocale=gnu --enable-libstdcxx-debug --enable-libstdcxx-time=yes --enable-gnu-unique-object --disable-libmudflap --enable-plugin --with-system-zlib --disable-browser-plugin --enable-java-awt=gtk --enable-gtk-cairo --with-java-home=/usr/lib/jvm/java-1.5.0-gcj-4.8-amd64/jre --enable-java-home --with-jvm-root-dir=/usr/lib/jvm/java-1.5.0-gcj-4.8-amd64 --with-jvm-jar-dir=/usr/lib/jvm-exports/java-1.5.0-gcj-4.8-amd64 --with-arch-directory=amd64 --with-ecj-jar=/usr/share/java/eclipse-ecj.jar --enable-objc-gc --enable-multiarch --disable-werror --with-arch-32=i686 --with-abi=m64 --with-multilib-list=m32,m64,mx32 --with-tune=generic --enable-checking=release --build=x86_64-linux-gnu --host=x86_64-linux-gnu --target=x86_64-linux-gnu
Thread model: posix
gcc version 4.8.4 (Ubuntu 4.8.4-2ubuntu1~14.04) 
Reading specs from /usr/lib/gcc/x86_64-linux-gnu/4.8/libgfortran.spec
rename spec lib to liborig
COLLECT_GCC_OPTIONS='-v' '-o' 'cmTryCompileExec3216277260' '-rdynamic' '-shared-libgcc' '-mtune=generic' '-march=x86-64'
COMPILER_PATH=/usr/lib/gcc/x86_64-linux-gnu/4.8/:/usr/lib/gcc/x86_64-linux-gnu/4.8/:/usr/lib/gcc/x86_64-linux-gnu/:/usr/lib/gcc/x86_64-linux-gnu/4.8/:/usr/lib/gcc/x86_64-linux-gnu/
LIBRARY_PATH=/usr/lib/gcc/x86_64-linux-gnu/4.8/:/usr/lib/gcc/x86_64-linux-gnu/4.8/../../../x86_64-linux-gnu/:/usr/lib/gcc/x86_64-linux-gnu/4.8/../../../../lib/:/lib/x86_64-linux-gnu/:/lib/../lib/:/usr/lib/x86_64-linux-gnu/:/usr/lib/../lib/:/usr/lib/gcc/x86_64-linux-gnu/4.8/../../../:/lib/:/usr/lib/
COLLECT_GCC_OPTIONS='-v' '-o' 'cmTryCompileExec3216277260' '-rdynamic' '-shared-libgcc' '-mtune=generic' '-march=x86-64'
 /usr/lib/gcc/x86_64-linux-gnu/4.8/collect2 --sysroot=/ --build-id --eh-frame-hdr -m elf_x86_64 --hash-style=gnu --as-needed -export-dynamic -dynamic-linker /lib64/ld-linux-x86-64.so.2 -z relro -o cmTryCompileExec3216277260 /usr/lib/gcc/x86_64-linux-gnu/4.8/../../../x86_64-linux-gnu/crt1.o /usr/lib/gcc/x86_64-linux-gnu/4.8/../../../x86_64-linux-gnu/crti.o /usr/lib/gcc/x86_64-linux-gnu/4.8/crtbegin.o -L/usr/lib/gcc/x86_64-linux-gnu/4.8 -L/usr/lib/gcc/x86_64-linux-gnu/4.8/../../../x86_64-linux-gnu -L/usr/lib/gcc/x86_64-linux-gnu/4.8/../../../../lib -L/lib/x86_64-linux-gnu -L/lib/../lib -L/usr/lib/x86_64-linux-gnu -L/usr/lib/../lib -L/usr/lib/gcc/x86_64-linux-gnu/4.8/../../.. CMakeFiles/cmTryCompileExec3216277260.dir/CMakeFortranCompilerABI.F.o -lgfortran -lm -lgcc_s -lgcc -lquadmath -lm -lgcc_s -lgcc -lc -lgcc_s -lgcc /usr/lib/gcc/x86_64-linux-gnu/4.8/crtend.o /usr/lib/gcc/x86_64-linux-gnu/4.8/../../../x86_64-linux-gnu/crtn.o
make[4]: quittant le répertoire « /home/s/segureta/Documents/M2-S1/Outils_info/Tp2.build/Eigen-prefix/src/Eigen-build/CMakeFiles/CMakeTmp »
make[3]: quittant le répertoire « /home/s/segureta/Documents/M2-S1/Outils_info/Tp2.build/Eigen-prefix/src/Eigen-build/CMakeFiles/CMakeTmp »


Parsed Fortran implicit link information from above output:
  link line regex: [^( *|.*[/\])(ld|([^/\]+-)?ld|collect2)[^/\]*( |$)]
  ignore line: [Change Dir: /home/s/segureta/Documents/M2-S1/Outils_info/Tp2.build/Eigen-prefix/src/Eigen-build/CMakeFiles/CMakeTmp]
  ignore line: []
  ignore line: [Run Build Command:/usr/bin/make "cmTryCompileExec3216277260/fast"]
  ignore line: [make[3]: entrant dans le répertoire « /home/s/segureta/Documents/M2-S1/Outils_info/Tp2.build/Eigen-prefix/src/Eigen-build/CMakeFiles/CMakeTmp »]
  ignore line: [/usr/bin/make -f CMakeFiles/cmTryCompileExec3216277260.dir/build.make CMakeFiles/cmTryCompileExec3216277260.dir/build]
  ignore line: [make[4]: entrant dans le répertoire « /home/s/segureta/Documents/M2-S1/Outils_info/Tp2.build/Eigen-prefix/src/Eigen-build/CMakeFiles/CMakeTmp »]
  ignore line: [/usr/bin/cmake -E cmake_progress_report /home/s/segureta/Documents/M2-S1/Outils_info/Tp2.build/Eigen-prefix/src/Eigen-build/CMakeFiles/CMakeTmp/CMakeFiles 1]
  ignore line: [Building Fortran object CMakeFiles/cmTryCompileExec3216277260.dir/CMakeFortranCompilerABI.F.o]
  ignore line: [/usr/bin/gfortran    -c /usr/share/cmake-2.8/Modules/CMakeFortranCompilerABI.F -o CMakeFiles/cmTryCompileExec3216277260.dir/CMakeFortranCompilerABI.F.o]
  ignore line: [Linking Fortran executable cmTryCompileExec3216277260]
  ignore line: [/usr/bin/cmake -E cmake_link_script CMakeFiles/cmTryCompileExec3216277260.dir/link.txt --verbose=1]
  ignore line: [/usr/bin/gfortran   -v   CMakeFiles/cmTryCompileExec3216277260.dir/CMakeFortranCompilerABI.F.o  -o cmTryCompileExec3216277260 -rdynamic  ]
  ignore line: [Driving: /usr/bin/gfortran -v CMakeFiles/cmTryCompileExec3216277260.dir/CMakeFortranCompilerABI.F.o -o cmTryCompileExec3216277260 -rdynamic -l gfortran -l m -shared-libgcc]
  ignore line: [Using built-in specs.]
  ignore line: [COLLECT_GCC=/usr/bin/gfortran]
  ignore line: [COLLECT_LTO_WRAPPER=/usr/lib/gcc/x86_64-linux-gnu/4.8/lto-wrapper]
  ignore line: [Target: x86_64-linux-gnu]
  ignore line: [Configured with: ../src/configure -v --with-pkgversion='Ubuntu 4.8.4-2ubuntu1~14.04' --with-bugurl=file:///usr/share/doc/gcc-4.8/README.Bugs --enable-languages=c,c++,java,go,d,fortran,objc,obj-c++ --prefix=/usr --program-suffix=-4.8 --enable-shared --enable-linker-build-id --libexecdir=/usr/lib --without-included-gettext --enable-threads=posix --with-gxx-include-dir=/usr/include/c++/4.8 --libdir=/usr/lib --enable-nls --with-sysroot=/ --enable-clocale=gnu --enable-libstdcxx-debug --enable-libstdcxx-time=yes --enable-gnu-unique-object --disable-libmudflap --enable-plugin --with-system-zlib --disable-browser-plugin --enable-java-awt=gtk --enable-gtk-cairo --with-java-home=/usr/lib/jvm/java-1.5.0-gcj-4.8-amd64/jre --enable-java-home --with-jvm-root-dir=/usr/lib/jvm/java-1.5.0-gcj-4.8-amd64 --with-jvm-jar-dir=/usr/lib/jvm-exports/java-1.5.0-gcj-4.8-amd64 --with-arch-directory=amd64 --with-ecj-jar=/usr/share/java/eclipse-ecj.jar --enable-objc-gc --enable-multiarch --disable-werror --with-arch-32=i686 --with-abi=m64 --with-multilib-list=m32,m64,mx32 --with-tune=generic --enable-checking=release --build=x86_64-linux-gnu --host=x86_64-linux-gnu --target=x86_64-linux-gnu]
  ignore line: [Thread model: posix]
  ignore line: [gcc version 4.8.4 (Ubuntu 4.8.4-2ubuntu1~14.04) ]
  ignore line: [Reading specs from /usr/lib/gcc/x86_64-linux-gnu/4.8/libgfortran.spec]
  ignore line: [rename spec lib to liborig]
  ignore line: [COLLECT_GCC_OPTIONS='-v' '-o' 'cmTryCompileExec3216277260' '-rdynamic' '-shared-libgcc' '-mtune=generic' '-march=x86-64']
  ignore line: [COMPILER_PATH=/usr/lib/gcc/x86_64-linux-gnu/4.8/:/usr/lib/gcc/x86_64-linux-gnu/4.8/:/usr/lib/gcc/x86_64-linux-gnu/:/usr/lib/gcc/x86_64-linux-gnu/4.8/:/usr/lib/gcc/x86_64-linux-gnu/]
  ignore line: [LIBRARY_PATH=/usr/lib/gcc/x86_64-linux-gnu/4.8/:/usr/lib/gcc/x86_64-linux-gnu/4.8/../../../x86_64-linux-gnu/:/usr/lib/gcc/x86_64-linux-gnu/4.8/../../../../lib/:/lib/x86_64-linux-gnu/:/lib/../lib/:/usr/lib/x86_64-linux-gnu/:/usr/lib/../lib/:/usr/lib/gcc/x86_64-linux-gnu/4.8/../../../:/lib/:/usr/lib/]
  ignore line: [COLLECT_GCC_OPTIONS='-v' '-o' 'cmTryCompileExec3216277260' '-rdynamic' '-shared-libgcc' '-mtune=generic' '-march=x86-64']
  link line: [ /usr/lib/gcc/x86_64-linux-gnu/4.8/collect2 --sysroot=/ --build-id --eh-frame-hdr -m elf_x86_64 --hash-style=gnu --as-needed -export-dynamic -dynamic-linker /lib64/ld-linux-x86-64.so.2 -z relro -o cmTryCompileExec3216277260 /usr/lib/gcc/x86_64-linux-gnu/4.8/../../../x86_64-linux-gnu/crt1.o /usr/lib/gcc/x86_64-linux-gnu/4.8/../../../x86_64-linux-gnu/crti.o /usr/lib/gcc/x86_64-linux-gnu/4.8/crtbegin.o -L/usr/lib/gcc/x86_64-linux-gnu/4.8 -L/usr/lib/gcc/x86_64-linux-gnu/4.8/../../../x86_64-linux-gnu -L/usr/lib/gcc/x86_64-linux-gnu/4.8/../../../../lib -L/lib/x86_64-linux-gnu -L/lib/../lib -L/usr/lib/x86_64-linux-gnu -L/usr/lib/../lib -L/usr/lib/gcc/x86_64-linux-gnu/4.8/../../.. CMakeFiles/cmTryCompileExec3216277260.dir/CMakeFortranCompilerABI.F.o -lgfortran -lm -lgcc_s -lgcc -lquadmath -lm -lgcc_s -lgcc -lc -lgcc_s -lgcc /usr/lib/gcc/x86_64-linux-gnu/4.8/crtend.o /usr/lib/gcc/x86_64-linux-gnu/4.8/../../../x86_64-linux-gnu/crtn.o]
    arg [/usr/lib/gcc/x86_64-linux-gnu/4.8/collect2] ==> ignore
    arg [--sysroot=/] ==> ignore
    arg [--build-id] ==> ignore
    arg [--eh-frame-hdr] ==> ignore
    arg [-m] ==> ignore
    arg [elf_x86_64] ==> ignore
    arg [--hash-style=gnu] ==> ignore
    arg [--as-needed] ==> ignore
    arg [-export-dynamic] ==> ignore
    arg [-dynamic-linker] ==> ignore
    arg [/lib64/ld-linux-x86-64.so.2] ==> ignore
    arg [-zrelro] ==> ignore
    arg [-o] ==> ignore
    arg [cmTryCompileExec3216277260] ==> ignore
    arg [/usr/lib/gcc/x86_64-linux-gnu/4.8/../../../x86_64-linux-gnu/crt1.o] ==> ignore
    arg [/usr/lib/gcc/x86_64-linux-gnu/4.8/../../../x86_64-linux-gnu/crti.o] ==> ignore
    arg [/usr/lib/gcc/x86_64-linux-gnu/4.8/crtbegin.o] ==> ignore
    arg [-L/usr/lib/gcc/x86_64-linux-gnu/4.8] ==> dir [/usr/lib/gcc/x86_64-linux-gnu/4.8]
    arg [-L/usr/lib/gcc/x86_64-linux-gnu/4.8/../../../x86_64-linux-gnu] ==> dir [/usr/lib/gcc/x86_64-linux-gnu/4.8/../../../x86_64-linux-gnu]
    arg [-L/usr/lib/gcc/x86_64-linux-gnu/4.8/../../../../lib] ==> dir [/usr/lib/gcc/x86_64-linux-gnu/4.8/../../../../lib]
    arg [-L/lib/x86_64-linux-gnu] ==> dir [/lib/x86_64-linux-gnu]
    arg [-L/lib/../lib] ==> dir [/lib/../lib]
    arg [-L/usr/lib/x86_64-linux-gnu] ==> dir [/usr/lib/x86_64-linux-gnu]
    arg [-L/usr/lib/../lib] ==> dir [/usr/lib/../lib]
    arg [-L/usr/lib/gcc/x86_64-linux-gnu/4.8/../../..] ==> dir [/usr/lib/gcc/x86_64-linux-gnu/4.8/../../..]
    arg [CMakeFiles/cmTryCompileExec3216277260.dir/CMakeFortranCompilerABI.F.o] ==> ignore
    arg [-lgfortran] ==> lib [gfortran]
    arg [-lm] ==> lib [m]
    arg [-lgcc_s] ==> lib [gcc_s]
    arg [-lgcc] ==> lib [gcc]
    arg [-lquadmath] ==> lib [quadmath]
    arg [-lm] ==> lib [m]
    arg [-lgcc_s] ==> lib [gcc_s]
    arg [-lgcc] ==> lib [gcc]
    arg [-lc] ==> lib [c]
    arg [-lgcc_s] ==> lib [gcc_s]
    arg [-lgcc] ==> lib [gcc]
    arg [/usr/lib/gcc/x86_64-linux-gnu/4.8/crtend.o] ==> ignore
    arg [/usr/lib/gcc/x86_64-linux-gnu/4.8/../../../x86_64-linux-gnu/crtn.o] ==> ignore
  remove lib [gcc_s]
  remove lib [gcc]
  remove lib [gcc_s]
  remove lib [gcc]
  remove lib [gcc_s]
  remove lib [gcc]
  collapse library dir [/usr/lib/gcc/x86_64-linux-gnu/4.8] ==> [/usr/lib/gcc/x86_64-linux-gnu/4.8]
  collapse library dir [/usr/lib/gcc/x86_64-linux-gnu/4.8/../../../x86_64-linux-gnu] ==> [/usr/lib/x86_64-linux-gnu]
  collapse library dir [/usr/lib/gcc/x86_64-linux-gnu/4.8/../../../../lib] ==> [/usr/lib]
  collapse library dir [/lib/x86_64-linux-gnu] ==> [/lib/x86_64-linux-gnu]
  collapse library dir [/lib/../lib] ==> [/lib]
  collapse library dir [/usr/lib/x86_64-linux-gnu] ==> [/usr/lib/x86_64-linux-gnu]
  collapse library dir [/usr/lib/../lib] ==> [/usr/lib]
  collapse library dir [/usr/lib/gcc/x86_64-linux-gnu/4.8/../../..] ==> [/usr/lib]
  implicit libs: [gfortran;m;quadmath;m;c]
  implicit dirs: [/usr/lib/gcc/x86_64-linux-gnu/4.8;/usr/lib/x86_64-linux-gnu;/usr/lib;/lib/x86_64-linux-gnu;/lib]
  implicit fwks: []


Determining if the Fortran compiler supports Fortran 90 passed with the following output:
Change Dir: /home/s/segureta/Documents/M2-S1/Outils_info/Tp2.build/Eigen-prefix/src/Eigen-build/CMakeFiles/CMakeTmp

Run Build Command:/usr/bin/make "cmTryCompileExec3670460907/fast"
make[3]: entrant dans le répertoire « /home/s/segureta/Documents/M2-S1/Outils_info/Tp2.build/Eigen-prefix/src/Eigen-build/CMakeFiles/CMakeTmp »
/usr/bin/make -f CMakeFiles/cmTryCompileExec3670460907.dir/build.make CMakeFiles/cmTryCompileExec3670460907.dir/build
make[4]: entrant dans le répertoire « /home/s/segureta/Documents/M2-S1/Outils_info/Tp2.build/Eigen-prefix/src/Eigen-build/CMakeFiles/CMakeTmp »
/usr/bin/cmake -E cmake_progress_report /home/s/segureta/Documents/M2-S1/Outils_info/Tp2.build/Eigen-prefix/src/Eigen-build/CMakeFiles/CMakeTmp/CMakeFiles 1
Building Fortran object CMakeFiles/cmTryCompileExec3670460907.dir/testFortranCompilerF90.f90.o
/usr/bin/gfortran    -c /home/s/segureta/Documents/M2-S1/Outils_info/Tp2.build/Eigen-prefix/src/Eigen-build/CMakeFiles/CMakeTmp/testFortranCompilerF90.f90 -o CMakeFiles/cmTryCompileExec3670460907.dir/testFortranCompilerF90.f90.o
Linking Fortran executable cmTryCompileExec3670460907
/usr/bin/cmake -E cmake_link_script CMakeFiles/cmTryCompileExec3670460907.dir/link.txt --verbose=1
/usr/bin/gfortran       CMakeFiles/cmTryCompileExec3670460907.dir/testFortranCompilerF90.f90.o  -o cmTryCompileExec3670460907 -rdynamic 
make[4]: quittant le répertoire « /home/s/segureta/Documents/M2-S1/Outils_info/Tp2.build/Eigen-prefix/src/Eigen-build/CMakeFiles/CMakeTmp »
make[3]: quittant le répertoire « /home/s/segureta/Documents/M2-S1/Outils_info/Tp2.build/Eigen-prefix/src/Eigen-build/CMakeFiles/CMakeTmp »


Determining if the function XOpenDisplay exists in the /usr/lib/x86_64-linux-gnu/libX11.so;/usr/lib/x86_64-linux-gnu/libXext.so passed with the following output:
Change Dir: /home/s/segureta/Documents/M2-S1/Outils_info/Tp2.build/Eigen-prefix/src/Eigen-build/CMakeFiles/CMakeTmp

Run Build Command:/usr/bin/make "cmTryCompileExec3108038964/fast"
make[3]: entrant dans le répertoire « /home/s/segureta/Documents/M2-S1/Outils_info/Tp2.build/Eigen-prefix/src/Eigen-build/CMakeFiles/CMakeTmp »
/usr/bin/make -f CMakeFiles/cmTryCompileExec3108038964.dir/build.make CMakeFiles/cmTryCompileExec3108038964.dir/build
make[4]: entrant dans le répertoire « /home/s/segureta/Documents/M2-S1/Outils_info/Tp2.build/Eigen-prefix/src/Eigen-build/CMakeFiles/CMakeTmp »
/usr/bin/cmake -E cmake_progress_report /home/s/segureta/Documents/M2-S1/Outils_info/Tp2.build/Eigen-prefix/src/Eigen-build/CMakeFiles/CMakeTmp/CMakeFiles 1
Building C object CMakeFiles/cmTryCompileExec3108038964.dir/CheckFunctionExists.c.o
/usr/bin/cc   -DCHECK_FUNCTION_EXISTS=XOpenDisplay   -o CMakeFiles/cmTryCompileExec3108038964.dir/CheckFunctionExists.c.o   -c /usr/share/cmake-2.8/Modules/CheckFunctionExists.c
Linking C executable cmTryCompileExec3108038964
/usr/bin/cmake -E cmake_link_script CMakeFiles/cmTryCompileExec3108038964.dir/link.txt --verbose=1
/usr/bin/cc   -DCHECK_FUNCTION_EXISTS=XOpenDisplay    CMakeFiles/cmTryCompileExec3108038964.dir/CheckFunctionExists.c.o  -o cmTryCompileExec3108038964 -rdynamic -lX11 -lXext 
make[4]: quittant le répertoire « /home/s/segureta/Documents/M2-S1/Outils_info/Tp2.build/Eigen-prefix/src/Eigen-build/CMakeFiles/CMakeTmp »
make[3]: quittant le répertoire « /home/s/segureta/Documents/M2-S1/Outils_info/Tp2.build/Eigen-prefix/src/Eigen-build/CMakeFiles/CMakeTmp »


Determining if the function gethostbyname exists passed with the following output:
Change Dir: /home/s/segureta/Documents/M2-S1/Outils_info/Tp2.build/Eigen-prefix/src/Eigen-build/CMakeFiles/CMakeTmp

Run Build Command:/usr/bin/make "cmTryCompileExec1290832294/fast"
make[3]: entrant dans le répertoire « /home/s/segureta/Documents/M2-S1/Outils_info/Tp2.build/Eigen-prefix/src/Eigen-build/CMakeFiles/CMakeTmp »
/usr/bin/make -f CMakeFiles/cmTryCompileExec1290832294.dir/build.make CMakeFiles/cmTryCompileExec1290832294.dir/build
make[4]: entrant dans le répertoire « /home/s/segureta/Documents/M2-S1/Outils_info/Tp2.build/Eigen-prefix/src/Eigen-build/CMakeFiles/CMakeTmp »
/usr/bin/cmake -E cmake_progress_report /home/s/segureta/Documents/M2-S1/Outils_info/Tp2.build/Eigen-prefix/src/Eigen-build/CMakeFiles/CMakeTmp/CMakeFiles 1
Building C object CMakeFiles/cmTryCompileExec1290832294.dir/CheckFunctionExists.c.o
/usr/bin/cc   -DCHECK_FUNCTION_EXISTS=gethostbyname   -o CMakeFiles/cmTryCompileExec1290832294.dir/CheckFunctionExists.c.o   -c /usr/share/cmake-2.8/Modules/CheckFunctionExists.c
Linking C executable cmTryCompileExec1290832294
/usr/bin/cmake -E cmake_link_script CMakeFiles/cmTryCompileExec1290832294.dir/link.txt --verbose=1
/usr/bin/cc   -DCHECK_FUNCTION_EXISTS=gethostbyname    CMakeFiles/cmTryCompileExec1290832294.dir/CheckFunctionExists.c.o  -o cmTryCompileExec1290832294 -rdynamic 
make[4]: quittant le répertoire « /home/s/segureta/Documents/M2-S1/Outils_info/Tp2.build/Eigen-prefix/src/Eigen-build/CMakeFiles/CMakeTmp »
make[3]: quittant le répertoire « /home/s/segureta/Documents/M2-S1/Outils_info/Tp2.build/Eigen-prefix/src/Eigen-build/CMakeFiles/CMakeTmp »


Determining if the function connect exists passed with the following output:
Change Dir: /home/s/segureta/Documents/M2-S1/Outils_info/Tp2.build/Eigen-prefix/src/Eigen-build/CMakeFiles/CMakeTmp

Run Build Command:/usr/bin/make "cmTryCompileExec3802813856/fast"
make[3]: entrant dans le répertoire « /home/s/segureta/Documents/M2-S1/Outils_info/Tp2.build/Eigen-prefix/src/Eigen-build/CMakeFiles/CMakeTmp »
/usr/bin/make -f CMakeFiles/cmTryCompileExec3802813856.dir/build.make CMakeFiles/cmTryCompileExec3802813856.dir/build
make[4]: entrant dans le répertoire « /home/s/segureta/Documents/M2-S1/Outils_info/Tp2.build/Eigen-prefix/src/Eigen-build/CMakeFiles/CMakeTmp »
/usr/bin/cmake -E cmake_progress_report /home/s/segureta/Documents/M2-S1/Outils_info/Tp2.build/Eigen-prefix/src/Eigen-build/CMakeFiles/CMakeTmp/CMakeFiles 1
Building C object CMakeFiles/cmTryCompileExec3802813856.dir/CheckFunctionExists.c.o
/usr/bin/cc   -DCHECK_FUNCTION_EXISTS=connect   -o CMakeFiles/cmTryCompileExec3802813856.dir/CheckFunctionExists.c.o   -c /usr/share/cmake-2.8/Modules/CheckFunctionExists.c
Linking C executable cmTryCompileExec3802813856
/usr/bin/cmake -E cmake_link_script CMakeFiles/cmTryCompileExec3802813856.dir/link.txt --verbose=1
/usr/bin/cc   -DCHECK_FUNCTION_EXISTS=connect    CMakeFiles/cmTryCompileExec3802813856.dir/CheckFunctionExists.c.o  -o cmTryCompileExec3802813856 -rdynamic 
make[4]: quittant le répertoire « /home/s/segureta/Documents/M2-S1/Outils_info/Tp2.build/Eigen-prefix/src/Eigen-build/CMakeFiles/CMakeTmp »
make[3]: quittant le répertoire « /home/s/segureta/Documents/M2-S1/Outils_info/Tp2.build/Eigen-prefix/src/Eigen-build/CMakeFiles/CMakeTmp »


Determining if the function remove exists passed with the following output:
Change Dir: /home/s/segureta/Documents/M2-S1/Outils_info/Tp2.build/Eigen-prefix/src/Eigen-build/CMakeFiles/CMakeTmp

Run Build Command:/usr/bin/make "cmTryCompileExec233689813/fast"
make[3]: entrant dans le répertoire « /home/s/segureta/Documents/M2-S1/Outils_info/Tp2.build/Eigen-prefix/src/Eigen-build/CMakeFiles/CMakeTmp »
/usr/bin/make -f CMakeFiles/cmTryCompileExec233689813.dir/build.make CMakeFiles/cmTryCompileExec233689813.dir/build
make[4]: entrant dans le répertoire « /home/s/segureta/Documents/M2-S1/Outils_info/Tp2.build/Eigen-prefix/src/Eigen-build/CMakeFiles/CMakeTmp »
/usr/bin/cmake -E cmake_progress_report /home/s/segureta/Documents/M2-S1/Outils_info/Tp2.build/Eigen-prefix/src/Eigen-build/CMakeFiles/CMakeTmp/CMakeFiles 1
Building C object CMakeFiles/cmTryCompileExec233689813.dir/CheckFunctionExists.c.o
/usr/bin/cc   -DCHECK_FUNCTION_EXISTS=remove   -o CMakeFiles/cmTryCompileExec233689813.dir/CheckFunctionExists.c.o   -c /usr/share/cmake-2.8/Modules/CheckFunctionExists.c
Linking C executable cmTryCompileExec233689813
/usr/bin/cmake -E cmake_link_script CMakeFiles/cmTryCompileExec233689813.dir/link.txt --verbose=1
/usr/bin/cc   -DCHECK_FUNCTION_EXISTS=remove    CMakeFiles/cmTryCompileExec233689813.dir/CheckFunctionExists.c.o  -o cmTryCompileExec233689813 -rdynamic 
make[4]: quittant le répertoire « /home/s/segureta/Documents/M2-S1/Outils_info/Tp2.build/Eigen-prefix/src/Eigen-build/CMakeFiles/CMakeTmp »
make[3]: quittant le répertoire « /home/s/segureta/Documents/M2-S1/Outils_info/Tp2.build/Eigen-prefix/src/Eigen-build/CMakeFiles/CMakeTmp »


Determining if the function shmat exists passed with the following output:
Change Dir: /home/s/segureta/Documents/M2-S1/Outils_info/Tp2.build/Eigen-prefix/src/Eigen-build/CMakeFiles/CMakeTmp

Run Build Command:/usr/bin/make "cmTryCompileExec1966229145/fast"
make[3]: entrant dans le répertoire « /home/s/segureta/Documents/M2-S1/Outils_info/Tp2.build/Eigen-prefix/src/Eigen-build/CMakeFiles/CMakeTmp »
/usr/bin/make -f CMakeFiles/cmTryCompileExec1966229145.dir/build.make CMakeFiles/cmTryCompileExec1966229145.dir/build
make[4]: entrant dans le répertoire « /home/s/segureta/Documents/M2-S1/Outils_info/Tp2.build/Eigen-prefix/src/Eigen-build/CMakeFiles/CMakeTmp »
/usr/bin/cmake -E cmake_progress_report /home/s/segureta/Documents/M2-S1/Outils_info/Tp2.build/Eigen-prefix/src/Eigen-build/CMakeFiles/CMakeTmp/CMakeFiles 1
Building C object CMakeFiles/cmTryCompileExec1966229145.dir/CheckFunctionExists.c.o
/usr/bin/cc   -DCHECK_FUNCTION_EXISTS=shmat   -o CMakeFiles/cmTryCompileExec1966229145.dir/CheckFunctionExists.c.o   -c /usr/share/cmake-2.8/Modules/CheckFunctionExists.c
Linking C executable cmTryCompileExec1966229145
/usr/bin/cmake -E cmake_link_script CMakeFiles/cmTryCompileExec1966229145.dir/link.txt --verbose=1
/usr/bin/cc   -DCHECK_FUNCTION_EXISTS=shmat    CMakeFiles/cmTryCompileExec1966229145.dir/CheckFunctionExists.c.o  -o cmTryCompileExec1966229145 -rdynamic 
make[4]: quittant le répertoire « /home/s/segureta/Documents/M2-S1/Outils_info/Tp2.build/Eigen-prefix/src/Eigen-build/CMakeFiles/CMakeTmp »
make[3]: quittant le répertoire « /home/s/segureta/Documents/M2-S1/Outils_info/Tp2.build/Eigen-prefix/src/Eigen-build/CMakeFiles/CMakeTmp »


Determining if the function IceConnectionNumber exists in the ICE passed with the following output:
Change Dir: /home/s/segureta/Documents/M2-S1/Outils_info/Tp2.build/Eigen-prefix/src/Eigen-build/CMakeFiles/CMakeTmp

Run Build Command:/usr/bin/make "cmTryCompileExec4184821744/fast"
make[3]: entrant dans le répertoire « /home/s/segureta/Documents/M2-S1/Outils_info/Tp2.build/Eigen-prefix/src/Eigen-build/CMakeFiles/CMakeTmp »
/usr/bin/make -f CMakeFiles/cmTryCompileExec4184821744.dir/build.make CMakeFiles/cmTryCompileExec4184821744.dir/build
make[4]: entrant dans le répertoire « /home/s/segureta/Documents/M2-S1/Outils_info/Tp2.build/Eigen-prefix/src/Eigen-build/CMakeFiles/CMakeTmp »
/usr/bin/cmake -E cmake_progress_report /home/s/segureta/Documents/M2-S1/Outils_info/Tp2.build/Eigen-prefix/src/Eigen-build/CMakeFiles/CMakeTmp/CMakeFiles 1
Building C object CMakeFiles/cmTryCompileExec4184821744.dir/CheckFunctionExists.c.o
/usr/bin/cc   -DCHECK_FUNCTION_EXISTS=IceConnectionNumber   -o CMakeFiles/cmTryCompileExec4184821744.dir/CheckFunctionExists.c.o   -c /usr/share/cmake-2.8/Modules/CheckFunctionExists.c
Linking C executable cmTryCompileExec4184821744
/usr/bin/cmake -E cmake_link_script CMakeFiles/cmTryCompileExec4184821744.dir/link.txt --verbose=1
/usr/bin/cc   -DCHECK_FUNCTION_EXISTS=IceConnectionNumber    CMakeFiles/cmTryCompileExec4184821744.dir/CheckFunctionExists.c.o  -o cmTryCompileExec4184821744 -rdynamic -lICE 
make[4]: quittant le répertoire « /home/s/segureta/Documents/M2-S1/Outils_info/Tp2.build/Eigen-prefix/src/Eigen-build/CMakeFiles/CMakeTmp »
make[3]: quittant le répertoire « /home/s/segureta/Documents/M2-S1/Outils_info/Tp2.build/Eigen-prefix/src/Eigen-build/CMakeFiles/CMakeTmp »


