The system is: Linux - 2.6.32-573.7.1.el6.x86_64 - x86_64
Compiling the C compiler identification source file "CMakeCCompilerId.c" succeeded.
Compiler: /usr/bin/cc 
Build flags: 
Id flags: 

The output was:
0


Compilation of the C compiler identification source "CMakeCCompilerId.c" produced "a.out"

The C compiler identification is GNU, found in "/user/6/.base/segureta/home/Documents/HPC/MarchingCube/GPU-Marching-Cubes-master/CMakeFiles/2.8.12.2/CompilerIdC/a.out"

Compiling the CXX compiler identification source file "CMakeCXXCompilerId.cpp" succeeded.
Compiler: /usr/bin/c++ 
Build flags: 
Id flags: 

The output was:
0


Compilation of the CXX compiler identification source "CMakeCXXCompilerId.cpp" produced "a.out"

The CXX compiler identification is GNU, found in "/user/6/.base/segureta/home/Documents/HPC/MarchingCube/GPU-Marching-Cubes-master/CMakeFiles/2.8.12.2/CompilerIdCXX/a.out"

Determining if the C compiler works passed with the following output:
Change Dir: /user/6/.base/segureta/home/Documents/HPC/MarchingCube/GPU-Marching-Cubes-master/CMakeFiles/CMakeTmp

Run Build Command:/usr/bin/gmake "cmTryCompileExec1874513684/fast"
/usr/bin/gmake -f CMakeFiles/cmTryCompileExec1874513684.dir/build.make CMakeFiles/cmTryCompileExec1874513684.dir/build
gmake[1]: entrant dans le répertoire « /user/6/.base/segureta/home/Documents/HPC/MarchingCube/GPU-Marching-Cubes-master/CMakeFiles/CMakeTmp »
/usr/bin/cmake -E cmake_progress_report /user/6/.base/segureta/home/Documents/HPC/MarchingCube/GPU-Marching-Cubes-master/CMakeFiles/CMakeTmp/CMakeFiles 1
Building C object CMakeFiles/cmTryCompileExec1874513684.dir/testCCompiler.c.o
/usr/bin/cc    -o CMakeFiles/cmTryCompileExec1874513684.dir/testCCompiler.c.o   -c /user/6/.base/segureta/home/Documents/HPC/MarchingCube/GPU-Marching-Cubes-master/CMakeFiles/CMakeTmp/testCCompiler.c
Linking C executable cmTryCompileExec1874513684
/usr/bin/cmake -E cmake_link_script CMakeFiles/cmTryCompileExec1874513684.dir/link.txt --verbose=1
/usr/bin/cc       CMakeFiles/cmTryCompileExec1874513684.dir/testCCompiler.c.o  -o cmTryCompileExec1874513684 -rdynamic 
gmake[1]: quittant le répertoire « /user/6/.base/segureta/home/Documents/HPC/MarchingCube/GPU-Marching-Cubes-master/CMakeFiles/CMakeTmp »


Detecting C compiler ABI info compiled with the following output:
Change Dir: /user/6/.base/segureta/home/Documents/HPC/MarchingCube/GPU-Marching-Cubes-master/CMakeFiles/CMakeTmp

Run Build Command:/usr/bin/gmake "cmTryCompileExec601964793/fast"
/usr/bin/gmake -f CMakeFiles/cmTryCompileExec601964793.dir/build.make CMakeFiles/cmTryCompileExec601964793.dir/build
gmake[1]: entrant dans le répertoire « /user/6/.base/segureta/home/Documents/HPC/MarchingCube/GPU-Marching-Cubes-master/CMakeFiles/CMakeTmp »
/usr/bin/cmake -E cmake_progress_report /user/6/.base/segureta/home/Documents/HPC/MarchingCube/GPU-Marching-Cubes-master/CMakeFiles/CMakeTmp/CMakeFiles 1
Building C object CMakeFiles/cmTryCompileExec601964793.dir/CMakeCCompilerABI.c.o
/usr/bin/cc    -o CMakeFiles/cmTryCompileExec601964793.dir/CMakeCCompilerABI.c.o   -c /usr/share/cmake/Modules/CMakeCCompilerABI.c
Linking C executable cmTryCompileExec601964793
/usr/bin/cmake -E cmake_link_script CMakeFiles/cmTryCompileExec601964793.dir/link.txt --verbose=1
/usr/bin/cc     -v CMakeFiles/cmTryCompileExec601964793.dir/CMakeCCompilerABI.c.o  -o cmTryCompileExec601964793 -rdynamic  
Utilisation des specs internes.
Target: x86_64-redhat-linux
Configuré avec: ../configure --prefix=/usr --mandir=/usr/share/man --infodir=/usr/share/info --with-bugurl=http://bugzilla.redhat.com/bugzilla --enable-bootstrap --enable-shared --enable-threads=posix --enable-checking=release --with-system-zlib --enable-__cxa_atexit --disable-libunwind-exceptions --enable-gnu-unique-object --enable-languages=c,c++,objc,obj-c++,java,fortran,ada --enable-java-awt=gtk --disable-dssi --with-java-home=/usr/lib/jvm/java-1.5.0-gcj-1.5.0.0/jre --enable-libgcj-multifile --enable-java-maintainer-mode --with-ecj-jar=/usr/share/java/eclipse-ecj.jar --disable-libjava-multilib --with-ppl --with-cloog --with-tune=generic --with-arch_32=i686 --build=x86_64-redhat-linux
Modèle de thread: posix
gcc version 4.4.7 20120313 (Red Hat 4.4.7-16) (GCC) 
COMPILER_PATH=/usr/libexec/gcc/x86_64-redhat-linux/4.4.7/:/usr/libexec/gcc/x86_64-redhat-linux/4.4.7/:/usr/libexec/gcc/x86_64-redhat-linux/:/usr/lib/gcc/x86_64-redhat-linux/4.4.7/:/usr/lib/gcc/x86_64-redhat-linux/:/usr/libexec/gcc/x86_64-redhat-linux/4.4.7/:/usr/libexec/gcc/x86_64-redhat-linux/:/usr/lib/gcc/x86_64-redhat-linux/4.4.7/:/usr/lib/gcc/x86_64-redhat-linux/
LIBRARY_PATH=/usr/lib/gcc/x86_64-redhat-linux/4.4.7/:/usr/lib/gcc/x86_64-redhat-linux/4.4.7/:/usr/lib/gcc/x86_64-redhat-linux/4.4.7/../../../../lib64/:/lib/../lib64/:/usr/lib/../lib64/:/usr/lib/gcc/x86_64-redhat-linux/4.4.7/../../../:/lib/:/usr/lib/
COLLECT_GCC_OPTIONS='-v' '-o' 'cmTryCompileExec601964793' '-rdynamic' '-mtune=generic'
 /usr/libexec/gcc/x86_64-redhat-linux/4.4.7/collect2 --eh-frame-hdr --build-id -m elf_x86_64 --hash-style=gnu -export-dynamic -dynamic-linker /lib64/ld-linux-x86-64.so.2 -o cmTryCompileExec601964793 /usr/lib/gcc/x86_64-redhat-linux/4.4.7/../../../../lib64/crt1.o /usr/lib/gcc/x86_64-redhat-linux/4.4.7/../../../../lib64/crti.o /usr/lib/gcc/x86_64-redhat-linux/4.4.7/crtbegin.o -L/usr/lib/gcc/x86_64-redhat-linux/4.4.7 -L/usr/lib/gcc/x86_64-redhat-linux/4.4.7 -L/usr/lib/gcc/x86_64-redhat-linux/4.4.7/../../../../lib64 -L/lib/../lib64 -L/usr/lib/../lib64 -L/usr/lib/gcc/x86_64-redhat-linux/4.4.7/../../.. CMakeFiles/cmTryCompileExec601964793.dir/CMakeCCompilerABI.c.o -lgcc --as-needed -lgcc_s --no-as-needed -lc -lgcc --as-needed -lgcc_s --no-as-needed /usr/lib/gcc/x86_64-redhat-linux/4.4.7/crtend.o /usr/lib/gcc/x86_64-redhat-linux/4.4.7/../../../../lib64/crtn.o
gmake[1]: quittant le répertoire « /user/6/.base/segureta/home/Documents/HPC/MarchingCube/GPU-Marching-Cubes-master/CMakeFiles/CMakeTmp »


Parsed C implicit link information from above output:
  link line regex: [^( *|.*[/\])(ld|([^/\]+-)?ld|collect2)[^/\]*( |$)]
  ignore line: [Change Dir: /user/6/.base/segureta/home/Documents/HPC/MarchingCube/GPU-Marching-Cubes-master/CMakeFiles/CMakeTmp]
  ignore line: []
  ignore line: [Run Build Command:/usr/bin/gmake "cmTryCompileExec601964793/fast"]
  ignore line: [/usr/bin/gmake -f CMakeFiles/cmTryCompileExec601964793.dir/build.make CMakeFiles/cmTryCompileExec601964793.dir/build]
  ignore line: [gmake[1]: entrant dans le répertoire « /user/6/.base/segureta/home/Documents/HPC/MarchingCube/GPU-Marching-Cubes-master/CMakeFiles/CMakeTmp »]
  ignore line: [/usr/bin/cmake -E cmake_progress_report /user/6/.base/segureta/home/Documents/HPC/MarchingCube/GPU-Marching-Cubes-master/CMakeFiles/CMakeTmp/CMakeFiles 1]
  ignore line: [Building C object CMakeFiles/cmTryCompileExec601964793.dir/CMakeCCompilerABI.c.o]
  ignore line: [/usr/bin/cc    -o CMakeFiles/cmTryCompileExec601964793.dir/CMakeCCompilerABI.c.o   -c /usr/share/cmake/Modules/CMakeCCompilerABI.c]
  ignore line: [Linking C executable cmTryCompileExec601964793]
  ignore line: [/usr/bin/cmake -E cmake_link_script CMakeFiles/cmTryCompileExec601964793.dir/link.txt --verbose=1]
  ignore line: [/usr/bin/cc     -v CMakeFiles/cmTryCompileExec601964793.dir/CMakeCCompilerABI.c.o  -o cmTryCompileExec601964793 -rdynamic  ]
  ignore line: [Utilisation des specs internes.]
  ignore line: [Target: x86_64-redhat-linux]
  ignore line: [Configuré avec: ../configure --prefix=/usr --mandir=/usr/share/man --infodir=/usr/share/info --with-bugurl=http://bugzilla.redhat.com/bugzilla --enable-bootstrap --enable-shared --enable-threads=posix --enable-checking=release --with-system-zlib --enable-__cxa_atexit --disable-libunwind-exceptions --enable-gnu-unique-object --enable-languages=c,c++,objc,obj-c++,java,fortran,ada --enable-java-awt=gtk --disable-dssi --with-java-home=/usr/lib/jvm/java-1.5.0-gcj-1.5.0.0/jre --enable-libgcj-multifile --enable-java-maintainer-mode --with-ecj-jar=/usr/share/java/eclipse-ecj.jar --disable-libjava-multilib --with-ppl --with-cloog --with-tune=generic --with-arch_32=i686 --build=x86_64-redhat-linux]
  ignore line: [Modèle de thread: posix]
  ignore line: [gcc version 4.4.7 20120313 (Red Hat 4.4.7-16) (GCC) ]
  ignore line: [COMPILER_PATH=/usr/libexec/gcc/x86_64-redhat-linux/4.4.7/:/usr/libexec/gcc/x86_64-redhat-linux/4.4.7/:/usr/libexec/gcc/x86_64-redhat-linux/:/usr/lib/gcc/x86_64-redhat-linux/4.4.7/:/usr/lib/gcc/x86_64-redhat-linux/:/usr/libexec/gcc/x86_64-redhat-linux/4.4.7/:/usr/libexec/gcc/x86_64-redhat-linux/:/usr/lib/gcc/x86_64-redhat-linux/4.4.7/:/usr/lib/gcc/x86_64-redhat-linux/]
  ignore line: [LIBRARY_PATH=/usr/lib/gcc/x86_64-redhat-linux/4.4.7/:/usr/lib/gcc/x86_64-redhat-linux/4.4.7/:/usr/lib/gcc/x86_64-redhat-linux/4.4.7/../../../../lib64/:/lib/../lib64/:/usr/lib/../lib64/:/usr/lib/gcc/x86_64-redhat-linux/4.4.7/../../../:/lib/:/usr/lib/]
  ignore line: [COLLECT_GCC_OPTIONS='-v' '-o' 'cmTryCompileExec601964793' '-rdynamic' '-mtune=generic']
  link line: [ /usr/libexec/gcc/x86_64-redhat-linux/4.4.7/collect2 --eh-frame-hdr --build-id -m elf_x86_64 --hash-style=gnu -export-dynamic -dynamic-linker /lib64/ld-linux-x86-64.so.2 -o cmTryCompileExec601964793 /usr/lib/gcc/x86_64-redhat-linux/4.4.7/../../../../lib64/crt1.o /usr/lib/gcc/x86_64-redhat-linux/4.4.7/../../../../lib64/crti.o /usr/lib/gcc/x86_64-redhat-linux/4.4.7/crtbegin.o -L/usr/lib/gcc/x86_64-redhat-linux/4.4.7 -L/usr/lib/gcc/x86_64-redhat-linux/4.4.7 -L/usr/lib/gcc/x86_64-redhat-linux/4.4.7/../../../../lib64 -L/lib/../lib64 -L/usr/lib/../lib64 -L/usr/lib/gcc/x86_64-redhat-linux/4.4.7/../../.. CMakeFiles/cmTryCompileExec601964793.dir/CMakeCCompilerABI.c.o -lgcc --as-needed -lgcc_s --no-as-needed -lc -lgcc --as-needed -lgcc_s --no-as-needed /usr/lib/gcc/x86_64-redhat-linux/4.4.7/crtend.o /usr/lib/gcc/x86_64-redhat-linux/4.4.7/../../../../lib64/crtn.o]
    arg [/usr/libexec/gcc/x86_64-redhat-linux/4.4.7/collect2] ==> ignore
    arg [--eh-frame-hdr] ==> ignore
    arg [--build-id] ==> ignore
    arg [-m] ==> ignore
    arg [elf_x86_64] ==> ignore
    arg [--hash-style=gnu] ==> ignore
    arg [-export-dynamic] ==> ignore
    arg [-dynamic-linker] ==> ignore
    arg [/lib64/ld-linux-x86-64.so.2] ==> ignore
    arg [-o] ==> ignore
    arg [cmTryCompileExec601964793] ==> ignore
    arg [/usr/lib/gcc/x86_64-redhat-linux/4.4.7/../../../../lib64/crt1.o] ==> ignore
    arg [/usr/lib/gcc/x86_64-redhat-linux/4.4.7/../../../../lib64/crti.o] ==> ignore
    arg [/usr/lib/gcc/x86_64-redhat-linux/4.4.7/crtbegin.o] ==> ignore
    arg [-L/usr/lib/gcc/x86_64-redhat-linux/4.4.7] ==> dir [/usr/lib/gcc/x86_64-redhat-linux/4.4.7]
    arg [-L/usr/lib/gcc/x86_64-redhat-linux/4.4.7] ==> dir [/usr/lib/gcc/x86_64-redhat-linux/4.4.7]
    arg [-L/usr/lib/gcc/x86_64-redhat-linux/4.4.7/../../../../lib64] ==> dir [/usr/lib/gcc/x86_64-redhat-linux/4.4.7/../../../../lib64]
    arg [-L/lib/../lib64] ==> dir [/lib/../lib64]
    arg [-L/usr/lib/../lib64] ==> dir [/usr/lib/../lib64]
    arg [-L/usr/lib/gcc/x86_64-redhat-linux/4.4.7/../../..] ==> dir [/usr/lib/gcc/x86_64-redhat-linux/4.4.7/../../..]
    arg [CMakeFiles/cmTryCompileExec601964793.dir/CMakeCCompilerABI.c.o] ==> ignore
    arg [-lgcc] ==> lib [gcc]
    arg [--as-needed] ==> ignore
    arg [-lgcc_s] ==> lib [gcc_s]
    arg [--no-as-needed] ==> ignore
    arg [-lc] ==> lib [c]
    arg [-lgcc] ==> lib [gcc]
    arg [--as-needed] ==> ignore
    arg [-lgcc_s] ==> lib [gcc_s]
    arg [--no-as-needed] ==> ignore
    arg [/usr/lib/gcc/x86_64-redhat-linux/4.4.7/crtend.o] ==> ignore
    arg [/usr/lib/gcc/x86_64-redhat-linux/4.4.7/../../../../lib64/crtn.o] ==> ignore
  remove lib [gcc]
  remove lib [gcc_s]
  remove lib [gcc]
  remove lib [gcc_s]
  collapse library dir [/usr/lib/gcc/x86_64-redhat-linux/4.4.7] ==> [/usr/lib/gcc/x86_64-redhat-linux/4.4.7]
  collapse library dir [/usr/lib/gcc/x86_64-redhat-linux/4.4.7] ==> [/usr/lib/gcc/x86_64-redhat-linux/4.4.7]
  collapse library dir [/usr/lib/gcc/x86_64-redhat-linux/4.4.7/../../../../lib64] ==> [/usr/lib64]
  collapse library dir [/lib/../lib64] ==> [/lib64]
  collapse library dir [/usr/lib/../lib64] ==> [/usr/lib64]
  collapse library dir [/usr/lib/gcc/x86_64-redhat-linux/4.4.7/../../..] ==> [/usr/lib]
  implicit libs: [c]
  implicit dirs: [/usr/lib/gcc/x86_64-redhat-linux/4.4.7;/usr/lib64;/lib64;/usr/lib]
  implicit fwks: []


Determining if the CXX compiler works passed with the following output:
Change Dir: /user/6/.base/segureta/home/Documents/HPC/MarchingCube/GPU-Marching-Cubes-master/CMakeFiles/CMakeTmp

Run Build Command:/usr/bin/gmake "cmTryCompileExec104333465/fast"
/usr/bin/gmake -f CMakeFiles/cmTryCompileExec104333465.dir/build.make CMakeFiles/cmTryCompileExec104333465.dir/build
gmake[1]: entrant dans le répertoire « /user/6/.base/segureta/home/Documents/HPC/MarchingCube/GPU-Marching-Cubes-master/CMakeFiles/CMakeTmp »
/usr/bin/cmake -E cmake_progress_report /user/6/.base/segureta/home/Documents/HPC/MarchingCube/GPU-Marching-Cubes-master/CMakeFiles/CMakeTmp/CMakeFiles 1
Building CXX object CMakeFiles/cmTryCompileExec104333465.dir/testCXXCompiler.cxx.o
/usr/bin/c++     -o CMakeFiles/cmTryCompileExec104333465.dir/testCXXCompiler.cxx.o -c /user/6/.base/segureta/home/Documents/HPC/MarchingCube/GPU-Marching-Cubes-master/CMakeFiles/CMakeTmp/testCXXCompiler.cxx
Linking CXX executable cmTryCompileExec104333465
/usr/bin/cmake -E cmake_link_script CMakeFiles/cmTryCompileExec104333465.dir/link.txt --verbose=1
/usr/bin/c++        CMakeFiles/cmTryCompileExec104333465.dir/testCXXCompiler.cxx.o  -o cmTryCompileExec104333465 -rdynamic 
gmake[1]: quittant le répertoire « /user/6/.base/segureta/home/Documents/HPC/MarchingCube/GPU-Marching-Cubes-master/CMakeFiles/CMakeTmp »


Detecting CXX compiler ABI info compiled with the following output:
Change Dir: /user/6/.base/segureta/home/Documents/HPC/MarchingCube/GPU-Marching-Cubes-master/CMakeFiles/CMakeTmp

Run Build Command:/usr/bin/gmake "cmTryCompileExec2273593125/fast"
/usr/bin/gmake -f CMakeFiles/cmTryCompileExec2273593125.dir/build.make CMakeFiles/cmTryCompileExec2273593125.dir/build
gmake[1]: entrant dans le répertoire « /user/6/.base/segureta/home/Documents/HPC/MarchingCube/GPU-Marching-Cubes-master/CMakeFiles/CMakeTmp »
/usr/bin/cmake -E cmake_progress_report /user/6/.base/segureta/home/Documents/HPC/MarchingCube/GPU-Marching-Cubes-master/CMakeFiles/CMakeTmp/CMakeFiles 1
Building CXX object CMakeFiles/cmTryCompileExec2273593125.dir/CMakeCXXCompilerABI.cpp.o
/usr/bin/c++     -o CMakeFiles/cmTryCompileExec2273593125.dir/CMakeCXXCompilerABI.cpp.o -c /usr/share/cmake/Modules/CMakeCXXCompilerABI.cpp
Linking CXX executable cmTryCompileExec2273593125
/usr/bin/cmake -E cmake_link_script CMakeFiles/cmTryCompileExec2273593125.dir/link.txt --verbose=1
/usr/bin/c++      -v CMakeFiles/cmTryCompileExec2273593125.dir/CMakeCXXCompilerABI.cpp.o  -o cmTryCompileExec2273593125 -rdynamic  
Utilisation des specs internes.
Target: x86_64-redhat-linux
Configuré avec: ../configure --prefix=/usr --mandir=/usr/share/man --infodir=/usr/share/info --with-bugurl=http://bugzilla.redhat.com/bugzilla --enable-bootstrap --enable-shared --enable-threads=posix --enable-checking=release --with-system-zlib --enable-__cxa_atexit --disable-libunwind-exceptions --enable-gnu-unique-object --enable-languages=c,c++,objc,obj-c++,java,fortran,ada --enable-java-awt=gtk --disable-dssi --with-java-home=/usr/lib/jvm/java-1.5.0-gcj-1.5.0.0/jre --enable-libgcj-multifile --enable-java-maintainer-mode --with-ecj-jar=/usr/share/java/eclipse-ecj.jar --disable-libjava-multilib --with-ppl --with-cloog --with-tune=generic --with-arch_32=i686 --build=x86_64-redhat-linux
Modèle de thread: posix
gcc version 4.4.7 20120313 (Red Hat 4.4.7-16) (GCC) 
COMPILER_PATH=/usr/libexec/gcc/x86_64-redhat-linux/4.4.7/:/usr/libexec/gcc/x86_64-redhat-linux/4.4.7/:/usr/libexec/gcc/x86_64-redhat-linux/:/usr/lib/gcc/x86_64-redhat-linux/4.4.7/:/usr/lib/gcc/x86_64-redhat-linux/:/usr/libexec/gcc/x86_64-redhat-linux/4.4.7/:/usr/libexec/gcc/x86_64-redhat-linux/:/usr/lib/gcc/x86_64-redhat-linux/4.4.7/:/usr/lib/gcc/x86_64-redhat-linux/
LIBRARY_PATH=/usr/lib/gcc/x86_64-redhat-linux/4.4.7/:/usr/lib/gcc/x86_64-redhat-linux/4.4.7/:/usr/lib/gcc/x86_64-redhat-linux/4.4.7/../../../../lib64/:/lib/../lib64/:/usr/lib/../lib64/:/usr/lib/gcc/x86_64-redhat-linux/4.4.7/../../../:/lib/:/usr/lib/
COLLECT_GCC_OPTIONS='-v' '-o' 'cmTryCompileExec2273593125' '-rdynamic' '-shared-libgcc' '-mtune=generic'
 /usr/libexec/gcc/x86_64-redhat-linux/4.4.7/collect2 --eh-frame-hdr --build-id -m elf_x86_64 --hash-style=gnu -export-dynamic -dynamic-linker /lib64/ld-linux-x86-64.so.2 -o cmTryCompileExec2273593125 /usr/lib/gcc/x86_64-redhat-linux/4.4.7/../../../../lib64/crt1.o /usr/lib/gcc/x86_64-redhat-linux/4.4.7/../../../../lib64/crti.o /usr/lib/gcc/x86_64-redhat-linux/4.4.7/crtbegin.o -L/usr/lib/gcc/x86_64-redhat-linux/4.4.7 -L/usr/lib/gcc/x86_64-redhat-linux/4.4.7 -L/usr/lib/gcc/x86_64-redhat-linux/4.4.7/../../../../lib64 -L/lib/../lib64 -L/usr/lib/../lib64 -L/usr/lib/gcc/x86_64-redhat-linux/4.4.7/../../.. CMakeFiles/cmTryCompileExec2273593125.dir/CMakeCXXCompilerABI.cpp.o -lstdc++ -lm -lgcc_s -lgcc -lc -lgcc_s -lgcc /usr/lib/gcc/x86_64-redhat-linux/4.4.7/crtend.o /usr/lib/gcc/x86_64-redhat-linux/4.4.7/../../../../lib64/crtn.o
gmake[1]: quittant le répertoire « /user/6/.base/segureta/home/Documents/HPC/MarchingCube/GPU-Marching-Cubes-master/CMakeFiles/CMakeTmp »


Parsed CXX implicit link information from above output:
  link line regex: [^( *|.*[/\])(ld|([^/\]+-)?ld|collect2)[^/\]*( |$)]
  ignore line: [Change Dir: /user/6/.base/segureta/home/Documents/HPC/MarchingCube/GPU-Marching-Cubes-master/CMakeFiles/CMakeTmp]
  ignore line: []
  ignore line: [Run Build Command:/usr/bin/gmake "cmTryCompileExec2273593125/fast"]
  ignore line: [/usr/bin/gmake -f CMakeFiles/cmTryCompileExec2273593125.dir/build.make CMakeFiles/cmTryCompileExec2273593125.dir/build]
  ignore line: [gmake[1]: entrant dans le répertoire « /user/6/.base/segureta/home/Documents/HPC/MarchingCube/GPU-Marching-Cubes-master/CMakeFiles/CMakeTmp »]
  ignore line: [/usr/bin/cmake -E cmake_progress_report /user/6/.base/segureta/home/Documents/HPC/MarchingCube/GPU-Marching-Cubes-master/CMakeFiles/CMakeTmp/CMakeFiles 1]
  ignore line: [Building CXX object CMakeFiles/cmTryCompileExec2273593125.dir/CMakeCXXCompilerABI.cpp.o]
  ignore line: [/usr/bin/c++     -o CMakeFiles/cmTryCompileExec2273593125.dir/CMakeCXXCompilerABI.cpp.o -c /usr/share/cmake/Modules/CMakeCXXCompilerABI.cpp]
  ignore line: [Linking CXX executable cmTryCompileExec2273593125]
  ignore line: [/usr/bin/cmake -E cmake_link_script CMakeFiles/cmTryCompileExec2273593125.dir/link.txt --verbose=1]
  ignore line: [/usr/bin/c++      -v CMakeFiles/cmTryCompileExec2273593125.dir/CMakeCXXCompilerABI.cpp.o  -o cmTryCompileExec2273593125 -rdynamic  ]
  ignore line: [Utilisation des specs internes.]
  ignore line: [Target: x86_64-redhat-linux]
  ignore line: [Configuré avec: ../configure --prefix=/usr --mandir=/usr/share/man --infodir=/usr/share/info --with-bugurl=http://bugzilla.redhat.com/bugzilla --enable-bootstrap --enable-shared --enable-threads=posix --enable-checking=release --with-system-zlib --enable-__cxa_atexit --disable-libunwind-exceptions --enable-gnu-unique-object --enable-languages=c,c++,objc,obj-c++,java,fortran,ada --enable-java-awt=gtk --disable-dssi --with-java-home=/usr/lib/jvm/java-1.5.0-gcj-1.5.0.0/jre --enable-libgcj-multifile --enable-java-maintainer-mode --with-ecj-jar=/usr/share/java/eclipse-ecj.jar --disable-libjava-multilib --with-ppl --with-cloog --with-tune=generic --with-arch_32=i686 --build=x86_64-redhat-linux]
  ignore line: [Modèle de thread: posix]
  ignore line: [gcc version 4.4.7 20120313 (Red Hat 4.4.7-16) (GCC) ]
  ignore line: [COMPILER_PATH=/usr/libexec/gcc/x86_64-redhat-linux/4.4.7/:/usr/libexec/gcc/x86_64-redhat-linux/4.4.7/:/usr/libexec/gcc/x86_64-redhat-linux/:/usr/lib/gcc/x86_64-redhat-linux/4.4.7/:/usr/lib/gcc/x86_64-redhat-linux/:/usr/libexec/gcc/x86_64-redhat-linux/4.4.7/:/usr/libexec/gcc/x86_64-redhat-linux/:/usr/lib/gcc/x86_64-redhat-linux/4.4.7/:/usr/lib/gcc/x86_64-redhat-linux/]
  ignore line: [LIBRARY_PATH=/usr/lib/gcc/x86_64-redhat-linux/4.4.7/:/usr/lib/gcc/x86_64-redhat-linux/4.4.7/:/usr/lib/gcc/x86_64-redhat-linux/4.4.7/../../../../lib64/:/lib/../lib64/:/usr/lib/../lib64/:/usr/lib/gcc/x86_64-redhat-linux/4.4.7/../../../:/lib/:/usr/lib/]
  ignore line: [COLLECT_GCC_OPTIONS='-v' '-o' 'cmTryCompileExec2273593125' '-rdynamic' '-shared-libgcc' '-mtune=generic']
  link line: [ /usr/libexec/gcc/x86_64-redhat-linux/4.4.7/collect2 --eh-frame-hdr --build-id -m elf_x86_64 --hash-style=gnu -export-dynamic -dynamic-linker /lib64/ld-linux-x86-64.so.2 -o cmTryCompileExec2273593125 /usr/lib/gcc/x86_64-redhat-linux/4.4.7/../../../../lib64/crt1.o /usr/lib/gcc/x86_64-redhat-linux/4.4.7/../../../../lib64/crti.o /usr/lib/gcc/x86_64-redhat-linux/4.4.7/crtbegin.o -L/usr/lib/gcc/x86_64-redhat-linux/4.4.7 -L/usr/lib/gcc/x86_64-redhat-linux/4.4.7 -L/usr/lib/gcc/x86_64-redhat-linux/4.4.7/../../../../lib64 -L/lib/../lib64 -L/usr/lib/../lib64 -L/usr/lib/gcc/x86_64-redhat-linux/4.4.7/../../.. CMakeFiles/cmTryCompileExec2273593125.dir/CMakeCXXCompilerABI.cpp.o -lstdc++ -lm -lgcc_s -lgcc -lc -lgcc_s -lgcc /usr/lib/gcc/x86_64-redhat-linux/4.4.7/crtend.o /usr/lib/gcc/x86_64-redhat-linux/4.4.7/../../../../lib64/crtn.o]
    arg [/usr/libexec/gcc/x86_64-redhat-linux/4.4.7/collect2] ==> ignore
    arg [--eh-frame-hdr] ==> ignore
    arg [--build-id] ==> ignore
    arg [-m] ==> ignore
    arg [elf_x86_64] ==> ignore
    arg [--hash-style=gnu] ==> ignore
    arg [-export-dynamic] ==> ignore
    arg [-dynamic-linker] ==> ignore
    arg [/lib64/ld-linux-x86-64.so.2] ==> ignore
    arg [-o] ==> ignore
    arg [cmTryCompileExec2273593125] ==> ignore
    arg [/usr/lib/gcc/x86_64-redhat-linux/4.4.7/../../../../lib64/crt1.o] ==> ignore
    arg [/usr/lib/gcc/x86_64-redhat-linux/4.4.7/../../../../lib64/crti.o] ==> ignore
    arg [/usr/lib/gcc/x86_64-redhat-linux/4.4.7/crtbegin.o] ==> ignore
    arg [-L/usr/lib/gcc/x86_64-redhat-linux/4.4.7] ==> dir [/usr/lib/gcc/x86_64-redhat-linux/4.4.7]
    arg [-L/usr/lib/gcc/x86_64-redhat-linux/4.4.7] ==> dir [/usr/lib/gcc/x86_64-redhat-linux/4.4.7]
    arg [-L/usr/lib/gcc/x86_64-redhat-linux/4.4.7/../../../../lib64] ==> dir [/usr/lib/gcc/x86_64-redhat-linux/4.4.7/../../../../lib64]
    arg [-L/lib/../lib64] ==> dir [/lib/../lib64]
    arg [-L/usr/lib/../lib64] ==> dir [/usr/lib/../lib64]
    arg [-L/usr/lib/gcc/x86_64-redhat-linux/4.4.7/../../..] ==> dir [/usr/lib/gcc/x86_64-redhat-linux/4.4.7/../../..]
    arg [CMakeFiles/cmTryCompileExec2273593125.dir/CMakeCXXCompilerABI.cpp.o] ==> ignore
    arg [-lstdc++] ==> lib [stdc++]
    arg [-lm] ==> lib [m]
    arg [-lgcc_s] ==> lib [gcc_s]
    arg [-lgcc] ==> lib [gcc]
    arg [-lc] ==> lib [c]
    arg [-lgcc_s] ==> lib [gcc_s]
    arg [-lgcc] ==> lib [gcc]
    arg [/usr/lib/gcc/x86_64-redhat-linux/4.4.7/crtend.o] ==> ignore
    arg [/usr/lib/gcc/x86_64-redhat-linux/4.4.7/../../../../lib64/crtn.o] ==> ignore
  remove lib [gcc_s]
  remove lib [gcc]
  remove lib [gcc_s]
  remove lib [gcc]
  collapse library dir [/usr/lib/gcc/x86_64-redhat-linux/4.4.7] ==> [/usr/lib/gcc/x86_64-redhat-linux/4.4.7]
  collapse library dir [/usr/lib/gcc/x86_64-redhat-linux/4.4.7] ==> [/usr/lib/gcc/x86_64-redhat-linux/4.4.7]
  collapse library dir [/usr/lib/gcc/x86_64-redhat-linux/4.4.7/../../../../lib64] ==> [/usr/lib64]
  collapse library dir [/lib/../lib64] ==> [/lib64]
  collapse library dir [/usr/lib/../lib64] ==> [/usr/lib64]
  collapse library dir [/usr/lib/gcc/x86_64-redhat-linux/4.4.7/../../..] ==> [/usr/lib]
  implicit libs: [stdc++;m;c]
  implicit dirs: [/usr/lib/gcc/x86_64-redhat-linux/4.4.7;/usr/lib64;/lib64;/usr/lib]
  implicit fwks: []


Determining if the function XOpenDisplay exists in the /usr/lib64/libX11.so;/usr/lib64/libXext.so passed with the following output:
Change Dir: /user/6/.base/segureta/home/Documents/HPC/MarchingCube/GPU-Marching-Cubes-master/CMakeFiles/CMakeTmp

Run Build Command:/usr/bin/gmake "cmTryCompileExec2034560960/fast"
/usr/bin/gmake -f CMakeFiles/cmTryCompileExec2034560960.dir/build.make CMakeFiles/cmTryCompileExec2034560960.dir/build
gmake[1]: entrant dans le répertoire « /user/6/.base/segureta/home/Documents/HPC/MarchingCube/GPU-Marching-Cubes-master/CMakeFiles/CMakeTmp »
/usr/bin/cmake -E cmake_progress_report /user/6/.base/segureta/home/Documents/HPC/MarchingCube/GPU-Marching-Cubes-master/CMakeFiles/CMakeTmp/CMakeFiles 1
Building C object CMakeFiles/cmTryCompileExec2034560960.dir/CheckFunctionExists.c.o
/usr/bin/cc   -DCHECK_FUNCTION_EXISTS=XOpenDisplay   -o CMakeFiles/cmTryCompileExec2034560960.dir/CheckFunctionExists.c.o   -c /usr/share/cmake/Modules/CheckFunctionExists.c
Linking C executable cmTryCompileExec2034560960
/usr/bin/cmake -E cmake_link_script CMakeFiles/cmTryCompileExec2034560960.dir/link.txt --verbose=1
/usr/bin/cc   -DCHECK_FUNCTION_EXISTS=XOpenDisplay    CMakeFiles/cmTryCompileExec2034560960.dir/CheckFunctionExists.c.o  -o cmTryCompileExec2034560960 -rdynamic -lX11 -lXext 
gmake[1]: quittant le répertoire « /user/6/.base/segureta/home/Documents/HPC/MarchingCube/GPU-Marching-Cubes-master/CMakeFiles/CMakeTmp »


Determining if the function gethostbyname exists passed with the following output:
Change Dir: /user/6/.base/segureta/home/Documents/HPC/MarchingCube/GPU-Marching-Cubes-master/CMakeFiles/CMakeTmp

Run Build Command:/usr/bin/gmake "cmTryCompileExec4087507245/fast"
/usr/bin/gmake -f CMakeFiles/cmTryCompileExec4087507245.dir/build.make CMakeFiles/cmTryCompileExec4087507245.dir/build
gmake[1]: entrant dans le répertoire « /user/6/.base/segureta/home/Documents/HPC/MarchingCube/GPU-Marching-Cubes-master/CMakeFiles/CMakeTmp »
/usr/bin/cmake -E cmake_progress_report /user/6/.base/segureta/home/Documents/HPC/MarchingCube/GPU-Marching-Cubes-master/CMakeFiles/CMakeTmp/CMakeFiles 1
Building C object CMakeFiles/cmTryCompileExec4087507245.dir/CheckFunctionExists.c.o
/usr/bin/cc   -DCHECK_FUNCTION_EXISTS=gethostbyname   -o CMakeFiles/cmTryCompileExec4087507245.dir/CheckFunctionExists.c.o   -c /usr/share/cmake/Modules/CheckFunctionExists.c
Linking C executable cmTryCompileExec4087507245
/usr/bin/cmake -E cmake_link_script CMakeFiles/cmTryCompileExec4087507245.dir/link.txt --verbose=1
/usr/bin/cc   -DCHECK_FUNCTION_EXISTS=gethostbyname    CMakeFiles/cmTryCompileExec4087507245.dir/CheckFunctionExists.c.o  -o cmTryCompileExec4087507245 -rdynamic 
gmake[1]: quittant le répertoire « /user/6/.base/segureta/home/Documents/HPC/MarchingCube/GPU-Marching-Cubes-master/CMakeFiles/CMakeTmp »


Determining if the function connect exists passed with the following output:
Change Dir: /user/6/.base/segureta/home/Documents/HPC/MarchingCube/GPU-Marching-Cubes-master/CMakeFiles/CMakeTmp

Run Build Command:/usr/bin/gmake "cmTryCompileExec1991640739/fast"
/usr/bin/gmake -f CMakeFiles/cmTryCompileExec1991640739.dir/build.make CMakeFiles/cmTryCompileExec1991640739.dir/build
gmake[1]: entrant dans le répertoire « /user/6/.base/segureta/home/Documents/HPC/MarchingCube/GPU-Marching-Cubes-master/CMakeFiles/CMakeTmp »
/usr/bin/cmake -E cmake_progress_report /user/6/.base/segureta/home/Documents/HPC/MarchingCube/GPU-Marching-Cubes-master/CMakeFiles/CMakeTmp/CMakeFiles 1
Building C object CMakeFiles/cmTryCompileExec1991640739.dir/CheckFunctionExists.c.o
/usr/bin/cc   -DCHECK_FUNCTION_EXISTS=connect   -o CMakeFiles/cmTryCompileExec1991640739.dir/CheckFunctionExists.c.o   -c /usr/share/cmake/Modules/CheckFunctionExists.c
Linking C executable cmTryCompileExec1991640739
/usr/bin/cmake -E cmake_link_script CMakeFiles/cmTryCompileExec1991640739.dir/link.txt --verbose=1
/usr/bin/cc   -DCHECK_FUNCTION_EXISTS=connect    CMakeFiles/cmTryCompileExec1991640739.dir/CheckFunctionExists.c.o  -o cmTryCompileExec1991640739 -rdynamic 
gmake[1]: quittant le répertoire « /user/6/.base/segureta/home/Documents/HPC/MarchingCube/GPU-Marching-Cubes-master/CMakeFiles/CMakeTmp »


Determining if the function remove exists passed with the following output:
Change Dir: /user/6/.base/segureta/home/Documents/HPC/MarchingCube/GPU-Marching-Cubes-master/CMakeFiles/CMakeTmp

Run Build Command:/usr/bin/gmake "cmTryCompileExec172013834/fast"
/usr/bin/gmake -f CMakeFiles/cmTryCompileExec172013834.dir/build.make CMakeFiles/cmTryCompileExec172013834.dir/build
gmake[1]: entrant dans le répertoire « /user/6/.base/segureta/home/Documents/HPC/MarchingCube/GPU-Marching-Cubes-master/CMakeFiles/CMakeTmp »
/usr/bin/cmake -E cmake_progress_report /user/6/.base/segureta/home/Documents/HPC/MarchingCube/GPU-Marching-Cubes-master/CMakeFiles/CMakeTmp/CMakeFiles 1
Building C object CMakeFiles/cmTryCompileExec172013834.dir/CheckFunctionExists.c.o
/usr/bin/cc   -DCHECK_FUNCTION_EXISTS=remove   -o CMakeFiles/cmTryCompileExec172013834.dir/CheckFunctionExists.c.o   -c /usr/share/cmake/Modules/CheckFunctionExists.c
Linking C executable cmTryCompileExec172013834
/usr/bin/cmake -E cmake_link_script CMakeFiles/cmTryCompileExec172013834.dir/link.txt --verbose=1
/usr/bin/cc   -DCHECK_FUNCTION_EXISTS=remove    CMakeFiles/cmTryCompileExec172013834.dir/CheckFunctionExists.c.o  -o cmTryCompileExec172013834 -rdynamic 
gmake[1]: quittant le répertoire « /user/6/.base/segureta/home/Documents/HPC/MarchingCube/GPU-Marching-Cubes-master/CMakeFiles/CMakeTmp »


Determining if the function shmat exists passed with the following output:
Change Dir: /user/6/.base/segureta/home/Documents/HPC/MarchingCube/GPU-Marching-Cubes-master/CMakeFiles/CMakeTmp

Run Build Command:/usr/bin/gmake "cmTryCompileExec2867228395/fast"
/usr/bin/gmake -f CMakeFiles/cmTryCompileExec2867228395.dir/build.make CMakeFiles/cmTryCompileExec2867228395.dir/build
gmake[1]: entrant dans le répertoire « /user/6/.base/segureta/home/Documents/HPC/MarchingCube/GPU-Marching-Cubes-master/CMakeFiles/CMakeTmp »
/usr/bin/cmake -E cmake_progress_report /user/6/.base/segureta/home/Documents/HPC/MarchingCube/GPU-Marching-Cubes-master/CMakeFiles/CMakeTmp/CMakeFiles 1
Building C object CMakeFiles/cmTryCompileExec2867228395.dir/CheckFunctionExists.c.o
/usr/bin/cc   -DCHECK_FUNCTION_EXISTS=shmat   -o CMakeFiles/cmTryCompileExec2867228395.dir/CheckFunctionExists.c.o   -c /usr/share/cmake/Modules/CheckFunctionExists.c
Linking C executable cmTryCompileExec2867228395
/usr/bin/cmake -E cmake_link_script CMakeFiles/cmTryCompileExec2867228395.dir/link.txt --verbose=1
/usr/bin/cc   -DCHECK_FUNCTION_EXISTS=shmat    CMakeFiles/cmTryCompileExec2867228395.dir/CheckFunctionExists.c.o  -o cmTryCompileExec2867228395 -rdynamic 
gmake[1]: quittant le répertoire « /user/6/.base/segureta/home/Documents/HPC/MarchingCube/GPU-Marching-Cubes-master/CMakeFiles/CMakeTmp »


Determining if the function IceConnectionNumber exists in the ICE passed with the following output:
Change Dir: /user/6/.base/segureta/home/Documents/HPC/MarchingCube/GPU-Marching-Cubes-master/CMakeFiles/CMakeTmp

Run Build Command:/usr/bin/gmake "cmTryCompileExec2247465927/fast"
/usr/bin/gmake -f CMakeFiles/cmTryCompileExec2247465927.dir/build.make CMakeFiles/cmTryCompileExec2247465927.dir/build
gmake[1]: entrant dans le répertoire « /user/6/.base/segureta/home/Documents/HPC/MarchingCube/GPU-Marching-Cubes-master/CMakeFiles/CMakeTmp »
/usr/bin/cmake -E cmake_progress_report /user/6/.base/segureta/home/Documents/HPC/MarchingCube/GPU-Marching-Cubes-master/CMakeFiles/CMakeTmp/CMakeFiles 1
Building C object CMakeFiles/cmTryCompileExec2247465927.dir/CheckFunctionExists.c.o
/usr/bin/cc   -DCHECK_FUNCTION_EXISTS=IceConnectionNumber   -o CMakeFiles/cmTryCompileExec2247465927.dir/CheckFunctionExists.c.o   -c /usr/share/cmake/Modules/CheckFunctionExists.c
Linking C executable cmTryCompileExec2247465927
/usr/bin/cmake -E cmake_link_script CMakeFiles/cmTryCompileExec2247465927.dir/link.txt --verbose=1
/usr/bin/cc   -DCHECK_FUNCTION_EXISTS=IceConnectionNumber    CMakeFiles/cmTryCompileExec2247465927.dir/CheckFunctionExists.c.o  -o cmTryCompileExec2247465927 -rdynamic -lICE 
gmake[1]: quittant le répertoire « /user/6/.base/segureta/home/Documents/HPC/MarchingCube/GPU-Marching-Cubes-master/CMakeFiles/CMakeTmp »


