The system is: Linux - 2.6.32-573.8.1.el6.x86_64 - x86_64
Compiling the C compiler identification source file "CMakeCCompilerId.c" succeeded.
Compiler: /usr/bin/cc 
Build flags: 
Id flags: 

The output was:
0


Compilation of the C compiler identification source "CMakeCCompilerId.c" produced "a.out"

The C compiler identification is GNU, found in "/user/6/.base/segureta/home/Documents/M2-S1/Modelisation_surfacique_ulysse/Projet/base_projets/build/CMakeFiles/2.8.12.2/CompilerIdC/a.out"

Compiling the CXX compiler identification source file "CMakeCXXCompilerId.cpp" succeeded.
Compiler: /usr/bin/c++ 
Build flags: 
Id flags: 

The output was:
0


Compilation of the CXX compiler identification source "CMakeCXXCompilerId.cpp" produced "a.out"

The CXX compiler identification is GNU, found in "/user/6/.base/segureta/home/Documents/M2-S1/Modelisation_surfacique_ulysse/Projet/base_projets/build/CMakeFiles/2.8.12.2/CompilerIdCXX/a.out"

Determining if the C compiler works passed with the following output:
Change Dir: /user/6/.base/segureta/home/Documents/M2-S1/Modelisation_surfacique_ulysse/Projet/base_projets/build/CMakeFiles/CMakeTmp

Run Build Command:/usr/bin/gmake "cmTryCompileExec2923262905/fast"
/usr/bin/gmake -f CMakeFiles/cmTryCompileExec2923262905.dir/build.make CMakeFiles/cmTryCompileExec2923262905.dir/build
gmake[1]: entrant dans le répertoire « /user/6/.base/segureta/home/Documents/M2-S1/Modelisation_surfacique_ulysse/Projet/base_projets/build/CMakeFiles/CMakeTmp »
/usr/bin/cmake -E cmake_progress_report /user/6/.base/segureta/home/Documents/M2-S1/Modelisation_surfacique_ulysse/Projet/base_projets/build/CMakeFiles/CMakeTmp/CMakeFiles 1
Building C object CMakeFiles/cmTryCompileExec2923262905.dir/testCCompiler.c.o
/usr/bin/cc    -o CMakeFiles/cmTryCompileExec2923262905.dir/testCCompiler.c.o   -c /user/6/.base/segureta/home/Documents/M2-S1/Modelisation_surfacique_ulysse/Projet/base_projets/build/CMakeFiles/CMakeTmp/testCCompiler.c
Linking C executable cmTryCompileExec2923262905
/usr/bin/cmake -E cmake_link_script CMakeFiles/cmTryCompileExec2923262905.dir/link.txt --verbose=1
/usr/bin/cc       CMakeFiles/cmTryCompileExec2923262905.dir/testCCompiler.c.o  -o cmTryCompileExec2923262905 -rdynamic 
gmake[1]: quittant le répertoire « /user/6/.base/segureta/home/Documents/M2-S1/Modelisation_surfacique_ulysse/Projet/base_projets/build/CMakeFiles/CMakeTmp »


Detecting C compiler ABI info compiled with the following output:
Change Dir: /user/6/.base/segureta/home/Documents/M2-S1/Modelisation_surfacique_ulysse/Projet/base_projets/build/CMakeFiles/CMakeTmp

Run Build Command:/usr/bin/gmake "cmTryCompileExec2991950212/fast"
/usr/bin/gmake -f CMakeFiles/cmTryCompileExec2991950212.dir/build.make CMakeFiles/cmTryCompileExec2991950212.dir/build
gmake[1]: entrant dans le répertoire « /user/6/.base/segureta/home/Documents/M2-S1/Modelisation_surfacique_ulysse/Projet/base_projets/build/CMakeFiles/CMakeTmp »
/usr/bin/cmake -E cmake_progress_report /user/6/.base/segureta/home/Documents/M2-S1/Modelisation_surfacique_ulysse/Projet/base_projets/build/CMakeFiles/CMakeTmp/CMakeFiles 1
Building C object CMakeFiles/cmTryCompileExec2991950212.dir/CMakeCCompilerABI.c.o
/usr/bin/cc    -o CMakeFiles/cmTryCompileExec2991950212.dir/CMakeCCompilerABI.c.o   -c /usr/share/cmake/Modules/CMakeCCompilerABI.c
Linking C executable cmTryCompileExec2991950212
/usr/bin/cmake -E cmake_link_script CMakeFiles/cmTryCompileExec2991950212.dir/link.txt --verbose=1
/usr/bin/cc     -v CMakeFiles/cmTryCompileExec2991950212.dir/CMakeCCompilerABI.c.o  -o cmTryCompileExec2991950212 -rdynamic  
Utilisation des specs internes.
Target: x86_64-redhat-linux
Configuré avec: ../configure --prefix=/usr --mandir=/usr/share/man --infodir=/usr/share/info --with-bugurl=http://bugzilla.redhat.com/bugzilla --enable-bootstrap --enable-shared --enable-threads=posix --enable-checking=release --with-system-zlib --enable-__cxa_atexit --disable-libunwind-exceptions --enable-gnu-unique-object --enable-languages=c,c++,objc,obj-c++,java,fortran,ada --enable-java-awt=gtk --disable-dssi --with-java-home=/usr/lib/jvm/java-1.5.0-gcj-1.5.0.0/jre --enable-libgcj-multifile --enable-java-maintainer-mode --with-ecj-jar=/usr/share/java/eclipse-ecj.jar --disable-libjava-multilib --with-ppl --with-cloog --with-tune=generic --with-arch_32=i686 --build=x86_64-redhat-linux
Modèle de thread: posix
gcc version 4.4.7 20120313 (Red Hat 4.4.7-16) (GCC) 
COMPILER_PATH=/usr/libexec/gcc/x86_64-redhat-linux/4.4.7/:/usr/libexec/gcc/x86_64-redhat-linux/4.4.7/:/usr/libexec/gcc/x86_64-redhat-linux/:/usr/lib/gcc/x86_64-redhat-linux/4.4.7/:/usr/lib/gcc/x86_64-redhat-linux/:/usr/libexec/gcc/x86_64-redhat-linux/4.4.7/:/usr/libexec/gcc/x86_64-redhat-linux/:/usr/lib/gcc/x86_64-redhat-linux/4.4.7/:/usr/lib/gcc/x86_64-redhat-linux/
LIBRARY_PATH=/usr/lib/gcc/x86_64-redhat-linux/4.4.7/:/usr/lib/gcc/x86_64-redhat-linux/4.4.7/:/usr/lib/gcc/x86_64-redhat-linux/4.4.7/../../../../lib64/:/lib/../lib64/:/usr/lib/../lib64/:/usr/lib/gcc/x86_64-redhat-linux/4.4.7/../../../:/lib/:/usr/lib/
COLLECT_GCC_OPTIONS='-v' '-o' 'cmTryCompileExec2991950212' '-rdynamic' '-mtune=generic'
 /usr/libexec/gcc/x86_64-redhat-linux/4.4.7/collect2 --eh-frame-hdr --build-id -m elf_x86_64 --hash-style=gnu -export-dynamic -dynamic-linker /lib64/ld-linux-x86-64.so.2 -o cmTryCompileExec2991950212 /usr/lib/gcc/x86_64-redhat-linux/4.4.7/../../../../lib64/crt1.o /usr/lib/gcc/x86_64-redhat-linux/4.4.7/../../../../lib64/crti.o /usr/lib/gcc/x86_64-redhat-linux/4.4.7/crtbegin.o -L/usr/lib/gcc/x86_64-redhat-linux/4.4.7 -L/usr/lib/gcc/x86_64-redhat-linux/4.4.7 -L/usr/lib/gcc/x86_64-redhat-linux/4.4.7/../../../../lib64 -L/lib/../lib64 -L/usr/lib/../lib64 -L/usr/lib/gcc/x86_64-redhat-linux/4.4.7/../../.. CMakeFiles/cmTryCompileExec2991950212.dir/CMakeCCompilerABI.c.o -lgcc --as-needed -lgcc_s --no-as-needed -lc -lgcc --as-needed -lgcc_s --no-as-needed /usr/lib/gcc/x86_64-redhat-linux/4.4.7/crtend.o /usr/lib/gcc/x86_64-redhat-linux/4.4.7/../../../../lib64/crtn.o
gmake[1]: quittant le répertoire « /user/6/.base/segureta/home/Documents/M2-S1/Modelisation_surfacique_ulysse/Projet/base_projets/build/CMakeFiles/CMakeTmp »


Parsed C implicit link information from above output:
  link line regex: [^( *|.*[/\])(ld|([^/\]+-)?ld|collect2)[^/\]*( |$)]
  ignore line: [Change Dir: /user/6/.base/segureta/home/Documents/M2-S1/Modelisation_surfacique_ulysse/Projet/base_projets/build/CMakeFiles/CMakeTmp]
  ignore line: []
  ignore line: [Run Build Command:/usr/bin/gmake "cmTryCompileExec2991950212/fast"]
  ignore line: [/usr/bin/gmake -f CMakeFiles/cmTryCompileExec2991950212.dir/build.make CMakeFiles/cmTryCompileExec2991950212.dir/build]
  ignore line: [gmake[1]: entrant dans le répertoire « /user/6/.base/segureta/home/Documents/M2-S1/Modelisation_surfacique_ulysse/Projet/base_projets/build/CMakeFiles/CMakeTmp »]
  ignore line: [/usr/bin/cmake -E cmake_progress_report /user/6/.base/segureta/home/Documents/M2-S1/Modelisation_surfacique_ulysse/Projet/base_projets/build/CMakeFiles/CMakeTmp/CMakeFiles 1]
  ignore line: [Building C object CMakeFiles/cmTryCompileExec2991950212.dir/CMakeCCompilerABI.c.o]
  ignore line: [/usr/bin/cc    -o CMakeFiles/cmTryCompileExec2991950212.dir/CMakeCCompilerABI.c.o   -c /usr/share/cmake/Modules/CMakeCCompilerABI.c]
  ignore line: [Linking C executable cmTryCompileExec2991950212]
  ignore line: [/usr/bin/cmake -E cmake_link_script CMakeFiles/cmTryCompileExec2991950212.dir/link.txt --verbose=1]
  ignore line: [/usr/bin/cc     -v CMakeFiles/cmTryCompileExec2991950212.dir/CMakeCCompilerABI.c.o  -o cmTryCompileExec2991950212 -rdynamic  ]
  ignore line: [Utilisation des specs internes.]
  ignore line: [Target: x86_64-redhat-linux]
  ignore line: [Configuré avec: ../configure --prefix=/usr --mandir=/usr/share/man --infodir=/usr/share/info --with-bugurl=http://bugzilla.redhat.com/bugzilla --enable-bootstrap --enable-shared --enable-threads=posix --enable-checking=release --with-system-zlib --enable-__cxa_atexit --disable-libunwind-exceptions --enable-gnu-unique-object --enable-languages=c,c++,objc,obj-c++,java,fortran,ada --enable-java-awt=gtk --disable-dssi --with-java-home=/usr/lib/jvm/java-1.5.0-gcj-1.5.0.0/jre --enable-libgcj-multifile --enable-java-maintainer-mode --with-ecj-jar=/usr/share/java/eclipse-ecj.jar --disable-libjava-multilib --with-ppl --with-cloog --with-tune=generic --with-arch_32=i686 --build=x86_64-redhat-linux]
  ignore line: [Modèle de thread: posix]
  ignore line: [gcc version 4.4.7 20120313 (Red Hat 4.4.7-16) (GCC) ]
  ignore line: [COMPILER_PATH=/usr/libexec/gcc/x86_64-redhat-linux/4.4.7/:/usr/libexec/gcc/x86_64-redhat-linux/4.4.7/:/usr/libexec/gcc/x86_64-redhat-linux/:/usr/lib/gcc/x86_64-redhat-linux/4.4.7/:/usr/lib/gcc/x86_64-redhat-linux/:/usr/libexec/gcc/x86_64-redhat-linux/4.4.7/:/usr/libexec/gcc/x86_64-redhat-linux/:/usr/lib/gcc/x86_64-redhat-linux/4.4.7/:/usr/lib/gcc/x86_64-redhat-linux/]
  ignore line: [LIBRARY_PATH=/usr/lib/gcc/x86_64-redhat-linux/4.4.7/:/usr/lib/gcc/x86_64-redhat-linux/4.4.7/:/usr/lib/gcc/x86_64-redhat-linux/4.4.7/../../../../lib64/:/lib/../lib64/:/usr/lib/../lib64/:/usr/lib/gcc/x86_64-redhat-linux/4.4.7/../../../:/lib/:/usr/lib/]
  ignore line: [COLLECT_GCC_OPTIONS='-v' '-o' 'cmTryCompileExec2991950212' '-rdynamic' '-mtune=generic']
  link line: [ /usr/libexec/gcc/x86_64-redhat-linux/4.4.7/collect2 --eh-frame-hdr --build-id -m elf_x86_64 --hash-style=gnu -export-dynamic -dynamic-linker /lib64/ld-linux-x86-64.so.2 -o cmTryCompileExec2991950212 /usr/lib/gcc/x86_64-redhat-linux/4.4.7/../../../../lib64/crt1.o /usr/lib/gcc/x86_64-redhat-linux/4.4.7/../../../../lib64/crti.o /usr/lib/gcc/x86_64-redhat-linux/4.4.7/crtbegin.o -L/usr/lib/gcc/x86_64-redhat-linux/4.4.7 -L/usr/lib/gcc/x86_64-redhat-linux/4.4.7 -L/usr/lib/gcc/x86_64-redhat-linux/4.4.7/../../../../lib64 -L/lib/../lib64 -L/usr/lib/../lib64 -L/usr/lib/gcc/x86_64-redhat-linux/4.4.7/../../.. CMakeFiles/cmTryCompileExec2991950212.dir/CMakeCCompilerABI.c.o -lgcc --as-needed -lgcc_s --no-as-needed -lc -lgcc --as-needed -lgcc_s --no-as-needed /usr/lib/gcc/x86_64-redhat-linux/4.4.7/crtend.o /usr/lib/gcc/x86_64-redhat-linux/4.4.7/../../../../lib64/crtn.o]
    arg [/usr/libexec/gcc/x86_64-redhat-linux/4.4.7/collect2] ==> ignore
    arg [--eh-frame-hdr] ==> ignore
    arg [--build-id] ==> ignore
    arg [-m] ==> ignore
    arg [elf_x86_64] ==> ignore
    arg [--hash-style=gnu] ==> ignore
    arg [-export-dynamic] ==> ignore
    arg [-dynamic-linker] ==> ignore
    arg [/lib64/ld-linux-x86-64.so.2] ==> ignore
    arg [-o] ==> ignore
    arg [cmTryCompileExec2991950212] ==> ignore
    arg [/usr/lib/gcc/x86_64-redhat-linux/4.4.7/../../../../lib64/crt1.o] ==> ignore
    arg [/usr/lib/gcc/x86_64-redhat-linux/4.4.7/../../../../lib64/crti.o] ==> ignore
    arg [/usr/lib/gcc/x86_64-redhat-linux/4.4.7/crtbegin.o] ==> ignore
    arg [-L/usr/lib/gcc/x86_64-redhat-linux/4.4.7] ==> dir [/usr/lib/gcc/x86_64-redhat-linux/4.4.7]
    arg [-L/usr/lib/gcc/x86_64-redhat-linux/4.4.7] ==> dir [/usr/lib/gcc/x86_64-redhat-linux/4.4.7]
    arg [-L/usr/lib/gcc/x86_64-redhat-linux/4.4.7/../../../../lib64] ==> dir [/usr/lib/gcc/x86_64-redhat-linux/4.4.7/../../../../lib64]
    arg [-L/lib/../lib64] ==> dir [/lib/../lib64]
    arg [-L/usr/lib/../lib64] ==> dir [/usr/lib/../lib64]
    arg [-L/usr/lib/gcc/x86_64-redhat-linux/4.4.7/../../..] ==> dir [/usr/lib/gcc/x86_64-redhat-linux/4.4.7/../../..]
    arg [CMakeFiles/cmTryCompileExec2991950212.dir/CMakeCCompilerABI.c.o] ==> ignore
    arg [-lgcc] ==> lib [gcc]
    arg [--as-needed] ==> ignore
    arg [-lgcc_s] ==> lib [gcc_s]
    arg [--no-as-needed] ==> ignore
    arg [-lc] ==> lib [c]
    arg [-lgcc] ==> lib [gcc]
    arg [--as-needed] ==> ignore
    arg [-lgcc_s] ==> lib [gcc_s]
    arg [--no-as-needed] ==> ignore
    arg [/usr/lib/gcc/x86_64-redhat-linux/4.4.7/crtend.o] ==> ignore
    arg [/usr/lib/gcc/x86_64-redhat-linux/4.4.7/../../../../lib64/crtn.o] ==> ignore
  remove lib [gcc]
  remove lib [gcc_s]
  remove lib [gcc]
  remove lib [gcc_s]
  collapse library dir [/usr/lib/gcc/x86_64-redhat-linux/4.4.7] ==> [/usr/lib/gcc/x86_64-redhat-linux/4.4.7]
  collapse library dir [/usr/lib/gcc/x86_64-redhat-linux/4.4.7] ==> [/usr/lib/gcc/x86_64-redhat-linux/4.4.7]
  collapse library dir [/usr/lib/gcc/x86_64-redhat-linux/4.4.7/../../../../lib64] ==> [/usr/lib64]
  collapse library dir [/lib/../lib64] ==> [/lib64]
  collapse library dir [/usr/lib/../lib64] ==> [/usr/lib64]
  collapse library dir [/usr/lib/gcc/x86_64-redhat-linux/4.4.7/../../..] ==> [/usr/lib]
  implicit libs: [c]
  implicit dirs: [/usr/lib/gcc/x86_64-redhat-linux/4.4.7;/usr/lib64;/lib64;/usr/lib]
  implicit fwks: []


Determining if the CXX compiler works passed with the following output:
Change Dir: /user/6/.base/segureta/home/Documents/M2-S1/Modelisation_surfacique_ulysse/Projet/base_projets/build/CMakeFiles/CMakeTmp

Run Build Command:/usr/bin/gmake "cmTryCompileExec1139570184/fast"
/usr/bin/gmake -f CMakeFiles/cmTryCompileExec1139570184.dir/build.make CMakeFiles/cmTryCompileExec1139570184.dir/build
gmake[1]: entrant dans le répertoire « /user/6/.base/segureta/home/Documents/M2-S1/Modelisation_surfacique_ulysse/Projet/base_projets/build/CMakeFiles/CMakeTmp »
/usr/bin/cmake -E cmake_progress_report /user/6/.base/segureta/home/Documents/M2-S1/Modelisation_surfacique_ulysse/Projet/base_projets/build/CMakeFiles/CMakeTmp/CMakeFiles 1
Building CXX object CMakeFiles/cmTryCompileExec1139570184.dir/testCXXCompiler.cxx.o
/usr/bin/c++     -o CMakeFiles/cmTryCompileExec1139570184.dir/testCXXCompiler.cxx.o -c /user/6/.base/segureta/home/Documents/M2-S1/Modelisation_surfacique_ulysse/Projet/base_projets/build/CMakeFiles/CMakeTmp/testCXXCompiler.cxx
Linking CXX executable cmTryCompileExec1139570184
/usr/bin/cmake -E cmake_link_script CMakeFiles/cmTryCompileExec1139570184.dir/link.txt --verbose=1
/usr/bin/c++        CMakeFiles/cmTryCompileExec1139570184.dir/testCXXCompiler.cxx.o  -o cmTryCompileExec1139570184 -rdynamic 
gmake[1]: quittant le répertoire « /user/6/.base/segureta/home/Documents/M2-S1/Modelisation_surfacique_ulysse/Projet/base_projets/build/CMakeFiles/CMakeTmp »


Detecting CXX compiler ABI info compiled with the following output:
Change Dir: /user/6/.base/segureta/home/Documents/M2-S1/Modelisation_surfacique_ulysse/Projet/base_projets/build/CMakeFiles/CMakeTmp

Run Build Command:/usr/bin/gmake "cmTryCompileExec1774062175/fast"
/usr/bin/gmake -f CMakeFiles/cmTryCompileExec1774062175.dir/build.make CMakeFiles/cmTryCompileExec1774062175.dir/build
gmake[1]: entrant dans le répertoire « /user/6/.base/segureta/home/Documents/M2-S1/Modelisation_surfacique_ulysse/Projet/base_projets/build/CMakeFiles/CMakeTmp »
/usr/bin/cmake -E cmake_progress_report /user/6/.base/segureta/home/Documents/M2-S1/Modelisation_surfacique_ulysse/Projet/base_projets/build/CMakeFiles/CMakeTmp/CMakeFiles 1
Building CXX object CMakeFiles/cmTryCompileExec1774062175.dir/CMakeCXXCompilerABI.cpp.o
/usr/bin/c++     -o CMakeFiles/cmTryCompileExec1774062175.dir/CMakeCXXCompilerABI.cpp.o -c /usr/share/cmake/Modules/CMakeCXXCompilerABI.cpp
Linking CXX executable cmTryCompileExec1774062175
/usr/bin/cmake -E cmake_link_script CMakeFiles/cmTryCompileExec1774062175.dir/link.txt --verbose=1
/usr/bin/c++      -v CMakeFiles/cmTryCompileExec1774062175.dir/CMakeCXXCompilerABI.cpp.o  -o cmTryCompileExec1774062175 -rdynamic  
Utilisation des specs internes.
Target: x86_64-redhat-linux
Configuré avec: ../configure --prefix=/usr --mandir=/usr/share/man --infodir=/usr/share/info --with-bugurl=http://bugzilla.redhat.com/bugzilla --enable-bootstrap --enable-shared --enable-threads=posix --enable-checking=release --with-system-zlib --enable-__cxa_atexit --disable-libunwind-exceptions --enable-gnu-unique-object --enable-languages=c,c++,objc,obj-c++,java,fortran,ada --enable-java-awt=gtk --disable-dssi --with-java-home=/usr/lib/jvm/java-1.5.0-gcj-1.5.0.0/jre --enable-libgcj-multifile --enable-java-maintainer-mode --with-ecj-jar=/usr/share/java/eclipse-ecj.jar --disable-libjava-multilib --with-ppl --with-cloog --with-tune=generic --with-arch_32=i686 --build=x86_64-redhat-linux
Modèle de thread: posix
gcc version 4.4.7 20120313 (Red Hat 4.4.7-16) (GCC) 
COMPILER_PATH=/usr/libexec/gcc/x86_64-redhat-linux/4.4.7/:/usr/libexec/gcc/x86_64-redhat-linux/4.4.7/:/usr/libexec/gcc/x86_64-redhat-linux/:/usr/lib/gcc/x86_64-redhat-linux/4.4.7/:/usr/lib/gcc/x86_64-redhat-linux/:/usr/libexec/gcc/x86_64-redhat-linux/4.4.7/:/usr/libexec/gcc/x86_64-redhat-linux/:/usr/lib/gcc/x86_64-redhat-linux/4.4.7/:/usr/lib/gcc/x86_64-redhat-linux/
LIBRARY_PATH=/usr/lib/gcc/x86_64-redhat-linux/4.4.7/:/usr/lib/gcc/x86_64-redhat-linux/4.4.7/:/usr/lib/gcc/x86_64-redhat-linux/4.4.7/../../../../lib64/:/lib/../lib64/:/usr/lib/../lib64/:/usr/lib/gcc/x86_64-redhat-linux/4.4.7/../../../:/lib/:/usr/lib/
COLLECT_GCC_OPTIONS='-v' '-o' 'cmTryCompileExec1774062175' '-rdynamic' '-shared-libgcc' '-mtune=generic'
 /usr/libexec/gcc/x86_64-redhat-linux/4.4.7/collect2 --eh-frame-hdr --build-id -m elf_x86_64 --hash-style=gnu -export-dynamic -dynamic-linker /lib64/ld-linux-x86-64.so.2 -o cmTryCompileExec1774062175 /usr/lib/gcc/x86_64-redhat-linux/4.4.7/../../../../lib64/crt1.o /usr/lib/gcc/x86_64-redhat-linux/4.4.7/../../../../lib64/crti.o /usr/lib/gcc/x86_64-redhat-linux/4.4.7/crtbegin.o -L/usr/lib/gcc/x86_64-redhat-linux/4.4.7 -L/usr/lib/gcc/x86_64-redhat-linux/4.4.7 -L/usr/lib/gcc/x86_64-redhat-linux/4.4.7/../../../../lib64 -L/lib/../lib64 -L/usr/lib/../lib64 -L/usr/lib/gcc/x86_64-redhat-linux/4.4.7/../../.. CMakeFiles/cmTryCompileExec1774062175.dir/CMakeCXXCompilerABI.cpp.o -lstdc++ -lm -lgcc_s -lgcc -lc -lgcc_s -lgcc /usr/lib/gcc/x86_64-redhat-linux/4.4.7/crtend.o /usr/lib/gcc/x86_64-redhat-linux/4.4.7/../../../../lib64/crtn.o
gmake[1]: quittant le répertoire « /user/6/.base/segureta/home/Documents/M2-S1/Modelisation_surfacique_ulysse/Projet/base_projets/build/CMakeFiles/CMakeTmp »


Parsed CXX implicit link information from above output:
  link line regex: [^( *|.*[/\])(ld|([^/\]+-)?ld|collect2)[^/\]*( |$)]
  ignore line: [Change Dir: /user/6/.base/segureta/home/Documents/M2-S1/Modelisation_surfacique_ulysse/Projet/base_projets/build/CMakeFiles/CMakeTmp]
  ignore line: []
  ignore line: [Run Build Command:/usr/bin/gmake "cmTryCompileExec1774062175/fast"]
  ignore line: [/usr/bin/gmake -f CMakeFiles/cmTryCompileExec1774062175.dir/build.make CMakeFiles/cmTryCompileExec1774062175.dir/build]
  ignore line: [gmake[1]: entrant dans le répertoire « /user/6/.base/segureta/home/Documents/M2-S1/Modelisation_surfacique_ulysse/Projet/base_projets/build/CMakeFiles/CMakeTmp »]
  ignore line: [/usr/bin/cmake -E cmake_progress_report /user/6/.base/segureta/home/Documents/M2-S1/Modelisation_surfacique_ulysse/Projet/base_projets/build/CMakeFiles/CMakeTmp/CMakeFiles 1]
  ignore line: [Building CXX object CMakeFiles/cmTryCompileExec1774062175.dir/CMakeCXXCompilerABI.cpp.o]
  ignore line: [/usr/bin/c++     -o CMakeFiles/cmTryCompileExec1774062175.dir/CMakeCXXCompilerABI.cpp.o -c /usr/share/cmake/Modules/CMakeCXXCompilerABI.cpp]
  ignore line: [Linking CXX executable cmTryCompileExec1774062175]
  ignore line: [/usr/bin/cmake -E cmake_link_script CMakeFiles/cmTryCompileExec1774062175.dir/link.txt --verbose=1]
  ignore line: [/usr/bin/c++      -v CMakeFiles/cmTryCompileExec1774062175.dir/CMakeCXXCompilerABI.cpp.o  -o cmTryCompileExec1774062175 -rdynamic  ]
  ignore line: [Utilisation des specs internes.]
  ignore line: [Target: x86_64-redhat-linux]
  ignore line: [Configuré avec: ../configure --prefix=/usr --mandir=/usr/share/man --infodir=/usr/share/info --with-bugurl=http://bugzilla.redhat.com/bugzilla --enable-bootstrap --enable-shared --enable-threads=posix --enable-checking=release --with-system-zlib --enable-__cxa_atexit --disable-libunwind-exceptions --enable-gnu-unique-object --enable-languages=c,c++,objc,obj-c++,java,fortran,ada --enable-java-awt=gtk --disable-dssi --with-java-home=/usr/lib/jvm/java-1.5.0-gcj-1.5.0.0/jre --enable-libgcj-multifile --enable-java-maintainer-mode --with-ecj-jar=/usr/share/java/eclipse-ecj.jar --disable-libjava-multilib --with-ppl --with-cloog --with-tune=generic --with-arch_32=i686 --build=x86_64-redhat-linux]
  ignore line: [Modèle de thread: posix]
  ignore line: [gcc version 4.4.7 20120313 (Red Hat 4.4.7-16) (GCC) ]
  ignore line: [COMPILER_PATH=/usr/libexec/gcc/x86_64-redhat-linux/4.4.7/:/usr/libexec/gcc/x86_64-redhat-linux/4.4.7/:/usr/libexec/gcc/x86_64-redhat-linux/:/usr/lib/gcc/x86_64-redhat-linux/4.4.7/:/usr/lib/gcc/x86_64-redhat-linux/:/usr/libexec/gcc/x86_64-redhat-linux/4.4.7/:/usr/libexec/gcc/x86_64-redhat-linux/:/usr/lib/gcc/x86_64-redhat-linux/4.4.7/:/usr/lib/gcc/x86_64-redhat-linux/]
  ignore line: [LIBRARY_PATH=/usr/lib/gcc/x86_64-redhat-linux/4.4.7/:/usr/lib/gcc/x86_64-redhat-linux/4.4.7/:/usr/lib/gcc/x86_64-redhat-linux/4.4.7/../../../../lib64/:/lib/../lib64/:/usr/lib/../lib64/:/usr/lib/gcc/x86_64-redhat-linux/4.4.7/../../../:/lib/:/usr/lib/]
  ignore line: [COLLECT_GCC_OPTIONS='-v' '-o' 'cmTryCompileExec1774062175' '-rdynamic' '-shared-libgcc' '-mtune=generic']
  link line: [ /usr/libexec/gcc/x86_64-redhat-linux/4.4.7/collect2 --eh-frame-hdr --build-id -m elf_x86_64 --hash-style=gnu -export-dynamic -dynamic-linker /lib64/ld-linux-x86-64.so.2 -o cmTryCompileExec1774062175 /usr/lib/gcc/x86_64-redhat-linux/4.4.7/../../../../lib64/crt1.o /usr/lib/gcc/x86_64-redhat-linux/4.4.7/../../../../lib64/crti.o /usr/lib/gcc/x86_64-redhat-linux/4.4.7/crtbegin.o -L/usr/lib/gcc/x86_64-redhat-linux/4.4.7 -L/usr/lib/gcc/x86_64-redhat-linux/4.4.7 -L/usr/lib/gcc/x86_64-redhat-linux/4.4.7/../../../../lib64 -L/lib/../lib64 -L/usr/lib/../lib64 -L/usr/lib/gcc/x86_64-redhat-linux/4.4.7/../../.. CMakeFiles/cmTryCompileExec1774062175.dir/CMakeCXXCompilerABI.cpp.o -lstdc++ -lm -lgcc_s -lgcc -lc -lgcc_s -lgcc /usr/lib/gcc/x86_64-redhat-linux/4.4.7/crtend.o /usr/lib/gcc/x86_64-redhat-linux/4.4.7/../../../../lib64/crtn.o]
    arg [/usr/libexec/gcc/x86_64-redhat-linux/4.4.7/collect2] ==> ignore
    arg [--eh-frame-hdr] ==> ignore
    arg [--build-id] ==> ignore
    arg [-m] ==> ignore
    arg [elf_x86_64] ==> ignore
    arg [--hash-style=gnu] ==> ignore
    arg [-export-dynamic] ==> ignore
    arg [-dynamic-linker] ==> ignore
    arg [/lib64/ld-linux-x86-64.so.2] ==> ignore
    arg [-o] ==> ignore
    arg [cmTryCompileExec1774062175] ==> ignore
    arg [/usr/lib/gcc/x86_64-redhat-linux/4.4.7/../../../../lib64/crt1.o] ==> ignore
    arg [/usr/lib/gcc/x86_64-redhat-linux/4.4.7/../../../../lib64/crti.o] ==> ignore
    arg [/usr/lib/gcc/x86_64-redhat-linux/4.4.7/crtbegin.o] ==> ignore
    arg [-L/usr/lib/gcc/x86_64-redhat-linux/4.4.7] ==> dir [/usr/lib/gcc/x86_64-redhat-linux/4.4.7]
    arg [-L/usr/lib/gcc/x86_64-redhat-linux/4.4.7] ==> dir [/usr/lib/gcc/x86_64-redhat-linux/4.4.7]
    arg [-L/usr/lib/gcc/x86_64-redhat-linux/4.4.7/../../../../lib64] ==> dir [/usr/lib/gcc/x86_64-redhat-linux/4.4.7/../../../../lib64]
    arg [-L/lib/../lib64] ==> dir [/lib/../lib64]
    arg [-L/usr/lib/../lib64] ==> dir [/usr/lib/../lib64]
    arg [-L/usr/lib/gcc/x86_64-redhat-linux/4.4.7/../../..] ==> dir [/usr/lib/gcc/x86_64-redhat-linux/4.4.7/../../..]
    arg [CMakeFiles/cmTryCompileExec1774062175.dir/CMakeCXXCompilerABI.cpp.o] ==> ignore
    arg [-lstdc++] ==> lib [stdc++]
    arg [-lm] ==> lib [m]
    arg [-lgcc_s] ==> lib [gcc_s]
    arg [-lgcc] ==> lib [gcc]
    arg [-lc] ==> lib [c]
    arg [-lgcc_s] ==> lib [gcc_s]
    arg [-lgcc] ==> lib [gcc]
    arg [/usr/lib/gcc/x86_64-redhat-linux/4.4.7/crtend.o] ==> ignore
    arg [/usr/lib/gcc/x86_64-redhat-linux/4.4.7/../../../../lib64/crtn.o] ==> ignore
  remove lib [gcc_s]
  remove lib [gcc]
  remove lib [gcc_s]
  remove lib [gcc]
  collapse library dir [/usr/lib/gcc/x86_64-redhat-linux/4.4.7] ==> [/usr/lib/gcc/x86_64-redhat-linux/4.4.7]
  collapse library dir [/usr/lib/gcc/x86_64-redhat-linux/4.4.7] ==> [/usr/lib/gcc/x86_64-redhat-linux/4.4.7]
  collapse library dir [/usr/lib/gcc/x86_64-redhat-linux/4.4.7/../../../../lib64] ==> [/usr/lib64]
  collapse library dir [/lib/../lib64] ==> [/lib64]
  collapse library dir [/usr/lib/../lib64] ==> [/usr/lib64]
  collapse library dir [/usr/lib/gcc/x86_64-redhat-linux/4.4.7/../../..] ==> [/usr/lib]
  implicit libs: [stdc++;m;c]
  implicit dirs: [/usr/lib/gcc/x86_64-redhat-linux/4.4.7;/usr/lib64;/lib64;/usr/lib]
  implicit fwks: []


Determining if the function XOpenDisplay exists in the /usr/lib64/libX11.so;/usr/lib64/libXext.so passed with the following output:
Change Dir: /user/6/.base/segureta/home/Documents/M2-S1/Modelisation_surfacique_ulysse/Projet/base_projets/build/CMakeFiles/CMakeTmp

Run Build Command:/usr/bin/gmake "cmTryCompileExec1523593569/fast"
/usr/bin/gmake -f CMakeFiles/cmTryCompileExec1523593569.dir/build.make CMakeFiles/cmTryCompileExec1523593569.dir/build
gmake[1]: entrant dans le répertoire « /user/6/.base/segureta/home/Documents/M2-S1/Modelisation_surfacique_ulysse/Projet/base_projets/build/CMakeFiles/CMakeTmp »
/usr/bin/cmake -E cmake_progress_report /user/6/.base/segureta/home/Documents/M2-S1/Modelisation_surfacique_ulysse/Projet/base_projets/build/CMakeFiles/CMakeTmp/CMakeFiles 1
Building C object CMakeFiles/cmTryCompileExec1523593569.dir/CheckFunctionExists.c.o
/usr/bin/cc   -DCHECK_FUNCTION_EXISTS=XOpenDisplay   -o CMakeFiles/cmTryCompileExec1523593569.dir/CheckFunctionExists.c.o   -c /usr/share/cmake/Modules/CheckFunctionExists.c
Linking C executable cmTryCompileExec1523593569
/usr/bin/cmake -E cmake_link_script CMakeFiles/cmTryCompileExec1523593569.dir/link.txt --verbose=1
/usr/bin/cc   -DCHECK_FUNCTION_EXISTS=XOpenDisplay    CMakeFiles/cmTryCompileExec1523593569.dir/CheckFunctionExists.c.o  -o cmTryCompileExec1523593569 -rdynamic -lX11 -lXext 
gmake[1]: quittant le répertoire « /user/6/.base/segureta/home/Documents/M2-S1/Modelisation_surfacique_ulysse/Projet/base_projets/build/CMakeFiles/CMakeTmp »


Determining if the function gethostbyname exists passed with the following output:
Change Dir: /user/6/.base/segureta/home/Documents/M2-S1/Modelisation_surfacique_ulysse/Projet/base_projets/build/CMakeFiles/CMakeTmp

Run Build Command:/usr/bin/gmake "cmTryCompileExec1092382723/fast"
/usr/bin/gmake -f CMakeFiles/cmTryCompileExec1092382723.dir/build.make CMakeFiles/cmTryCompileExec1092382723.dir/build
gmake[1]: entrant dans le répertoire « /user/6/.base/segureta/home/Documents/M2-S1/Modelisation_surfacique_ulysse/Projet/base_projets/build/CMakeFiles/CMakeTmp »
/usr/bin/cmake -E cmake_progress_report /user/6/.base/segureta/home/Documents/M2-S1/Modelisation_surfacique_ulysse/Projet/base_projets/build/CMakeFiles/CMakeTmp/CMakeFiles 1
Building C object CMakeFiles/cmTryCompileExec1092382723.dir/CheckFunctionExists.c.o
/usr/bin/cc   -DCHECK_FUNCTION_EXISTS=gethostbyname   -o CMakeFiles/cmTryCompileExec1092382723.dir/CheckFunctionExists.c.o   -c /usr/share/cmake/Modules/CheckFunctionExists.c
Linking C executable cmTryCompileExec1092382723
/usr/bin/cmake -E cmake_link_script CMakeFiles/cmTryCompileExec1092382723.dir/link.txt --verbose=1
/usr/bin/cc   -DCHECK_FUNCTION_EXISTS=gethostbyname    CMakeFiles/cmTryCompileExec1092382723.dir/CheckFunctionExists.c.o  -o cmTryCompileExec1092382723 -rdynamic 
gmake[1]: quittant le répertoire « /user/6/.base/segureta/home/Documents/M2-S1/Modelisation_surfacique_ulysse/Projet/base_projets/build/CMakeFiles/CMakeTmp »


Determining if the function connect exists passed with the following output:
Change Dir: /user/6/.base/segureta/home/Documents/M2-S1/Modelisation_surfacique_ulysse/Projet/base_projets/build/CMakeFiles/CMakeTmp

Run Build Command:/usr/bin/gmake "cmTryCompileExec2110450076/fast"
/usr/bin/gmake -f CMakeFiles/cmTryCompileExec2110450076.dir/build.make CMakeFiles/cmTryCompileExec2110450076.dir/build
gmake[1]: entrant dans le répertoire « /user/6/.base/segureta/home/Documents/M2-S1/Modelisation_surfacique_ulysse/Projet/base_projets/build/CMakeFiles/CMakeTmp »
/usr/bin/cmake -E cmake_progress_report /user/6/.base/segureta/home/Documents/M2-S1/Modelisation_surfacique_ulysse/Projet/base_projets/build/CMakeFiles/CMakeTmp/CMakeFiles 1
Building C object CMakeFiles/cmTryCompileExec2110450076.dir/CheckFunctionExists.c.o
/usr/bin/cc   -DCHECK_FUNCTION_EXISTS=connect   -o CMakeFiles/cmTryCompileExec2110450076.dir/CheckFunctionExists.c.o   -c /usr/share/cmake/Modules/CheckFunctionExists.c
Linking C executable cmTryCompileExec2110450076
/usr/bin/cmake -E cmake_link_script CMakeFiles/cmTryCompileExec2110450076.dir/link.txt --verbose=1
/usr/bin/cc   -DCHECK_FUNCTION_EXISTS=connect    CMakeFiles/cmTryCompileExec2110450076.dir/CheckFunctionExists.c.o  -o cmTryCompileExec2110450076 -rdynamic 
gmake[1]: quittant le répertoire « /user/6/.base/segureta/home/Documents/M2-S1/Modelisation_surfacique_ulysse/Projet/base_projets/build/CMakeFiles/CMakeTmp »


Determining if the function remove exists passed with the following output:
Change Dir: /user/6/.base/segureta/home/Documents/M2-S1/Modelisation_surfacique_ulysse/Projet/base_projets/build/CMakeFiles/CMakeTmp

Run Build Command:/usr/bin/gmake "cmTryCompileExec1069859746/fast"
/usr/bin/gmake -f CMakeFiles/cmTryCompileExec1069859746.dir/build.make CMakeFiles/cmTryCompileExec1069859746.dir/build
gmake[1]: entrant dans le répertoire « /user/6/.base/segureta/home/Documents/M2-S1/Modelisation_surfacique_ulysse/Projet/base_projets/build/CMakeFiles/CMakeTmp »
/usr/bin/cmake -E cmake_progress_report /user/6/.base/segureta/home/Documents/M2-S1/Modelisation_surfacique_ulysse/Projet/base_projets/build/CMakeFiles/CMakeTmp/CMakeFiles 1
Building C object CMakeFiles/cmTryCompileExec1069859746.dir/CheckFunctionExists.c.o
/usr/bin/cc   -DCHECK_FUNCTION_EXISTS=remove   -o CMakeFiles/cmTryCompileExec1069859746.dir/CheckFunctionExists.c.o   -c /usr/share/cmake/Modules/CheckFunctionExists.c
Linking C executable cmTryCompileExec1069859746
/usr/bin/cmake -E cmake_link_script CMakeFiles/cmTryCompileExec1069859746.dir/link.txt --verbose=1
/usr/bin/cc   -DCHECK_FUNCTION_EXISTS=remove    CMakeFiles/cmTryCompileExec1069859746.dir/CheckFunctionExists.c.o  -o cmTryCompileExec1069859746 -rdynamic 
gmake[1]: quittant le répertoire « /user/6/.base/segureta/home/Documents/M2-S1/Modelisation_surfacique_ulysse/Projet/base_projets/build/CMakeFiles/CMakeTmp »


Determining if the function shmat exists passed with the following output:
Change Dir: /user/6/.base/segureta/home/Documents/M2-S1/Modelisation_surfacique_ulysse/Projet/base_projets/build/CMakeFiles/CMakeTmp

Run Build Command:/usr/bin/gmake "cmTryCompileExec4095714087/fast"
/usr/bin/gmake -f CMakeFiles/cmTryCompileExec4095714087.dir/build.make CMakeFiles/cmTryCompileExec4095714087.dir/build
gmake[1]: entrant dans le répertoire « /user/6/.base/segureta/home/Documents/M2-S1/Modelisation_surfacique_ulysse/Projet/base_projets/build/CMakeFiles/CMakeTmp »
/usr/bin/cmake -E cmake_progress_report /user/6/.base/segureta/home/Documents/M2-S1/Modelisation_surfacique_ulysse/Projet/base_projets/build/CMakeFiles/CMakeTmp/CMakeFiles 1
Building C object CMakeFiles/cmTryCompileExec4095714087.dir/CheckFunctionExists.c.o
/usr/bin/cc   -DCHECK_FUNCTION_EXISTS=shmat   -o CMakeFiles/cmTryCompileExec4095714087.dir/CheckFunctionExists.c.o   -c /usr/share/cmake/Modules/CheckFunctionExists.c
Linking C executable cmTryCompileExec4095714087
/usr/bin/cmake -E cmake_link_script CMakeFiles/cmTryCompileExec4095714087.dir/link.txt --verbose=1
/usr/bin/cc   -DCHECK_FUNCTION_EXISTS=shmat    CMakeFiles/cmTryCompileExec4095714087.dir/CheckFunctionExists.c.o  -o cmTryCompileExec4095714087 -rdynamic 
gmake[1]: quittant le répertoire « /user/6/.base/segureta/home/Documents/M2-S1/Modelisation_surfacique_ulysse/Projet/base_projets/build/CMakeFiles/CMakeTmp »


Determining if the function IceConnectionNumber exists in the ICE passed with the following output:
Change Dir: /user/6/.base/segureta/home/Documents/M2-S1/Modelisation_surfacique_ulysse/Projet/base_projets/build/CMakeFiles/CMakeTmp

Run Build Command:/usr/bin/gmake "cmTryCompileExec2854072424/fast"
/usr/bin/gmake -f CMakeFiles/cmTryCompileExec2854072424.dir/build.make CMakeFiles/cmTryCompileExec2854072424.dir/build
gmake[1]: entrant dans le répertoire « /user/6/.base/segureta/home/Documents/M2-S1/Modelisation_surfacique_ulysse/Projet/base_projets/build/CMakeFiles/CMakeTmp »
/usr/bin/cmake -E cmake_progress_report /user/6/.base/segureta/home/Documents/M2-S1/Modelisation_surfacique_ulysse/Projet/base_projets/build/CMakeFiles/CMakeTmp/CMakeFiles 1
Building C object CMakeFiles/cmTryCompileExec2854072424.dir/CheckFunctionExists.c.o
/usr/bin/cc   -DCHECK_FUNCTION_EXISTS=IceConnectionNumber   -o CMakeFiles/cmTryCompileExec2854072424.dir/CheckFunctionExists.c.o   -c /usr/share/cmake/Modules/CheckFunctionExists.c
Linking C executable cmTryCompileExec2854072424
/usr/bin/cmake -E cmake_link_script CMakeFiles/cmTryCompileExec2854072424.dir/link.txt --verbose=1
/usr/bin/cc   -DCHECK_FUNCTION_EXISTS=IceConnectionNumber    CMakeFiles/cmTryCompileExec2854072424.dir/CheckFunctionExists.c.o  -o cmTryCompileExec2854072424 -rdynamic -lICE 
gmake[1]: quittant le répertoire « /user/6/.base/segureta/home/Documents/M2-S1/Modelisation_surfacique_ulysse/Projet/base_projets/build/CMakeFiles/CMakeTmp »


